#
# There is insufficient memory for the Java Runtime Environment to continue.
# Native memory allocation (mmap) failed to map 220200960 bytes for committing reserved memory.
# Possible reasons:
#   The system is out of physical RAM or swap space
#   In 32 bit mode, the process size limit was hit
# Possible solutions:
#   Reduce memory load on the system
#   Increase physical memory or swap space
#   Check if swap backing store is full
#   Use 64 bit Java on a 64 bit OS
#   Decrease Java heap size (-Xmx/-Xms)
#   Decrease number of Java threads
#   Decrease Java thread stack sizes (-Xss)
#   Set larger code cache with -XX:ReservedCodeCacheSize=
# This output file may be truncated or incomplete.
#
#  Out of Memory Error (os_linux.cpp:2627), pid=13300, tid=140150929958656
#
# JRE version: Java(TM) SE Runtime Environment (8.0_91-b14) (build 1.8.0_91-b14)
# Java VM: Java HotSpot(TM) 64-Bit Server VM (25.91-b14 mixed mode linux-amd64 compressed oops)
# Failed to write core dump. Core dumps have been disabled. To enable core dumping, try "ulimit -c unlimited" before starting Java again
#

---------------  T H R E A D  ---------------

Current thread (0x00007f779413e800):  VMThread [stack: 0x00007f776e552000,0x00007f776e653000] [id=13316]

Stack: [0x00007f776e552000,0x00007f776e653000],  sp=0x00007f776e6513a0,  free space=1020k
Native frames: (J=compiled Java code, j=interpreted, Vv=VM code, C=native code)
V  [libjvm.so+0xabc18a]  VMError::report_and_die()+0x2ba
V  [libjvm.so+0x4fafeb]  report_vm_out_of_memory(char const*, int, unsigned long, VMErrorType, char const*)+0x8b
V  [libjvm.so+0x91cbb3]  os::Linux::commit_memory_impl(char*, unsigned long, bool)+0x103
V  [libjvm.so+0x91d109]  os::pd_commit_memory(char*, unsigned long, unsigned long, bool)+0x29
V  [libjvm.so+0x91740a]  os::commit_memory(char*, unsigned long, unsigned long, bool)+0x2a
V  [libjvm.so+0x98b033]  PSVirtualSpace::expand_by(unsigned long)+0x53
V  [libjvm.so+0x97b920]  PSOldGen::expand(unsigned long)+0x170
V  [libjvm.so+0x97bb2b]  PSOldGen::resize(unsigned long)+0x1cb
V  [libjvm.so+0x983801]  PSParallelCompact::invoke_no_policy(bool)+0x991
V  [libjvm.so+0x98915d]  PSScavenge::invoke()+0x1ad
V  [libjvm.so+0x9408b0]  ParallelScavengeHeap::failed_mem_allocate(unsigned long)+0x70
V  [libjvm.so+0xabdba7]  VM_ParallelGCFailedAllocation::doit()+0x97
V  [libjvm.so+0xac55d5]  VM_Operation::evaluate()+0x55
V  [libjvm.so+0xac39aa]  VMThread::evaluate_operation(VM_Operation*)+0xba
V  [libjvm.so+0xac3d2e]  VMThread::loop()+0x1ce
V  [libjvm.so+0xac41a0]  VMThread::run()+0x70
V  [libjvm.so+0x91ef78]  java_start(Thread*)+0x108

VM_Operation (0x00007f779b232a40): ParallelGCFailedAllocation, mode: safepoint, requested by thread 0x00007f779400a000


---------------  P R O C E S S  ---------------

Java Threads: ( => current thread )
  0x00007f7794188000 JavaThread "Service Thread" daemon [_thread_blocked, id=13323, stack(0x00007f776d48b000,0x00007f776d58c000)]
  0x00007f7794185000 JavaThread "C1 CompilerThread2" daemon [_thread_blocked, id=13322, stack(0x00007f776d58c000,0x00007f776d68d000)]
  0x00007f7794183000 JavaThread "C2 CompilerThread1" daemon [_thread_blocked, id=13321, stack(0x00007f776d68d000,0x00007f776d78e000)]
  0x00007f7794180000 JavaThread "C2 CompilerThread0" daemon [_thread_blocked, id=13320, stack(0x00007f776d78e000,0x00007f776d88f000)]
  0x00007f779417e800 JavaThread "Signal Dispatcher" daemon [_thread_blocked, id=13319, stack(0x00007f776d88f000,0x00007f776d990000)]
  0x00007f779414b000 JavaThread "Finalizer" daemon [_thread_blocked, id=13318, stack(0x00007f776e350000,0x00007f776e451000)]
  0x00007f7794146800 JavaThread "Reference Handler" daemon [_thread_blocked, id=13317, stack(0x00007f776e451000,0x00007f776e552000)]
  0x00007f779400a000 JavaThread "main" [_thread_blocked, id=13311, stack(0x00007f779b134000,0x00007f779b235000)]

Other Threads:
=>0x00007f779413e800 VMThread [stack: 0x00007f776e552000,0x00007f776e653000] [id=13316]
  0x00007f779418b000 WatcherThread [stack: 0x00007f776d38a000,0x00007f776d48b000] [id=13324]

VM state:at safepoint (normal execution)

VM Mutex/Monitor currently owned by a thread:  ([mutex/lock_event])
[0x00007f7794005b40] ExpandHeap_lock - owner thread: 0x00007f779413e800
[0x00007f77940061c0] Threads_lock - owner thread: 0x00007f779413e800
[0x00007f77940066c0] Heap_lock - owner thread: 0x00007f779400a000

Heap:
 PSYoungGen      total 532480K, used 16003K [0x00000000d5580000, 0x00000000fee00000, 0x0000000100000000)
  eden space 395264K, 0% used [0x00000000d5580000,0x00000000d5580000,0x00000000ed780000)
  from space 137216K, 11% used [0x00000000ed780000,0x00000000ee720e50,0x00000000f5d80000)
  to   space 131072K, 0% used [0x00000000f6e00000,0x00000000f6e00000,0x00000000fee00000)
 ParOldGen       total 515072K, used 514903K [0x0000000080000000, 0x000000009f700000, 0x00000000d5580000)
  object space 515072K, 99% used [0x0000000080000000,0x000000009f6d5ff8,0x000000009f700000)
 Metaspace       used 6222K, capacity 7216K, committed 7296K, reserved 1056768K
  class space    used 583K, capacity 616K, committed 640K, reserved 1048576K

Card table byte_map: [0x00007f778483f000,0x00007f7784c40000] byte_map_base: 0x00007f778443f000

Marking Bits: (ParMarkBitMap*) 0x00007f779a611d60
 Begin Bits: [0x00007f777c000000, 0x00007f777e000000)
 End Bits:   [0x00007f777e000000, 0x00007f7780000000)

Polling page: 0x00007f779b260000

CodeCache: size=245760Kb used=12898Kb max_used=13481Kb free=232861Kb
 bounds [0x00007f7785000000, 0x00007f7785d50000, 0x00007f7794000000]
 total_blobs=2551 nmethods=2286 adapters=178
 compilation: enabled

Compilation events (10 events):
Event: 70.955 Thread 0x00007f7794185000 2898       3       java.lang.Class::getGenericInfo (52 bytes)
Event: 70.955 Thread 0x00007f7794180000 2901       4       java.util.HashMap$Node::<init> (26 bytes)
Event: 70.956 Thread 0x00007f7794180000 nmethod 2901 0x00007f7785206990 code [0x00007f7785206ae0, 0x00007f7785206b78]
Event: 70.957 Thread 0x00007f7794185000 nmethod 2898 0x00007f77858930d0 code [0x00007f7785893320, 0x00007f7785894008]
Event: 70.957 Thread 0x00007f7794185000 2900       3       java.util.HashMap::replacementNode (21 bytes)
Event: 70.958 Thread 0x00007f7794185000 nmethod 2900 0x00007f77852caa10 code [0x00007f77852cab80, 0x00007f77852cae30]
Event: 71.002 Thread 0x00007f7794180000 2902       4       com.android.dx.cf.direct.StdAttributeFactory::code (613 bytes)
Event: 71.165 Thread 0x00007f7794180000 nmethod 2902 0x00007f7785251750 code [0x00007f7785251ac0, 0x00007f7785254968]
Event: 71.165 Thread 0x00007f7794180000 2903       4       com.android.dx.ssa.back.FirstFitLocalCombiningAllocator$1::visitPhiInsn (6 bytes)
Event: 71.166 Thread 0x00007f7794180000 nmethod 2903 0x00007f7785339a10 code [0x00007f7785339b60, 0x00007f7785339be8]

GC Heap History (10 events):
Event: 49.945 GC heap after
Heap after GC invocations=21 (full 3):
 PSYoungGen      total 547840K, used 64986K [0x00000000d5580000, 0x0000000100000000, 0x0000000100000000)
  eden space 389120K, 0% used [0x00000000d5580000,0x00000000d5580000,0x00000000ed180000)
  from space 158720K, 40% used [0x00000000f6500000,0x00000000fa476800,0x0000000100000000)
  to   space 151040K, 0% used [0x00000000ed180000,0x00000000ed180000,0x00000000f6500000)
 ParOldGen       total 340480K, used 339270K [0x0000000080000000, 0x0000000094c80000, 0x00000000d5580000)
  object space 340480K, 99% used [0x0000000080000000,0x0000000094b51b98,0x0000000094c80000)
 Metaspace       used 6204K, capacity 7216K, committed 7296K, reserved 1056768K
  class space    used 582K, capacity 616K, committed 640K, reserved 1048576K
}
Event: 49.945 GC heap before
{Heap before GC invocations=22 (full 4):
 PSYoungGen      total 547840K, used 64986K [0x00000000d5580000, 0x0000000100000000, 0x0000000100000000)
  eden space 389120K, 0% used [0x00000000d5580000,0x00000000d5580000,0x00000000ed180000)
  from space 158720K, 40% used [0x00000000f6500000,0x00000000fa476800,0x0000000100000000)
  to   space 151040K, 0% used [0x00000000ed180000,0x00000000ed180000,0x00000000f6500000)
 ParOldGen       total 340480K, used 339270K [0x0000000080000000, 0x0000000094c80000, 0x00000000d5580000)
  object space 340480K, 99% used [0x0000000080000000,0x0000000094b51b98,0x0000000094c80000)
 Metaspace       used 6204K, capacity 7216K, committed 7296K, reserved 1056768K
  class space    used 582K, capacity 616K, committed 640K, reserved 1048576K
Event: 52.846 GC heap after
Heap after GC invocations=22 (full 4):
 PSYoungGen      total 547840K, used 7857K [0x00000000d5580000, 0x0000000100000000, 0x0000000100000000)
  eden space 389120K, 0% used [0x00000000d5580000,0x00000000d5580000,0x00000000ed180000)
  from space 158720K, 4% used [0x00000000f6500000,0x00000000f6cac630,0x0000000100000000)
  to   space 151040K, 0% used [0x00000000ed180000,0x00000000ed180000,0x00000000f6500000)
 ParOldGen       total 515072K, used 340390K [0x0000000080000000, 0x000000009f700000, 0x00000000d5580000)
  object space 515072K, 66% used [0x0000000080000000,0x0000000094c69a18,0x000000009f700000)
 Metaspace       used 6204K, capacity 7216K, committed 7296K, reserved 1056768K
  class space    used 582K, capacity 616K, committed 640K, reserved 1048576K
}
Event: 55.721 GC heap before
{Heap before GC invocations=23 (full 4):
 PSYoungGen      total 547840K, used 396977K [0x00000000d5580000, 0x0000000100000000, 0x0000000100000000)
  eden space 389120K, 100% used [0x00000000d5580000,0x00000000ed180000,0x00000000ed180000)
  from space 158720K, 4% used [0x00000000f6500000,0x00000000f6cac630,0x0000000100000000)
  to   space 151040K, 0% used [0x00000000ed180000,0x00000000ed180000,0x00000000f6500000)
 ParOldGen       total 515072K, used 340390K [0x0000000080000000, 0x000000009f700000, 0x00000000d5580000)
  object space 515072K, 66% used [0x0000000080000000,0x0000000094c69a18,0x000000009f700000)
 Metaspace       used 6214K, capacity 7216K, committed 7296K, reserved 1056768K
  class space    used 582K, capacity 616K, committed 640K, reserved 1048576K
Event: 56.133 GC heap after
Heap after GC invocations=23 (full 4):
 PSYoungGen      total 451584K, used 62442K [0x00000000d5580000, 0x00000000fe980000, 0x0000000100000000)
  eden space 389120K, 0% used [0x00000000d5580000,0x00000000d5580000,0x00000000ed180000)
  from space 62464K, 99% used [0x00000000ed180000,0x00000000f0e7a9e8,0x00000000f0e80000)
  to   space 143360K, 0% used [0x00000000f5d80000,0x00000000f5d80000,0x00000000fe980000)
 ParOldGen       total 515072K, used 347487K [0x0000000080000000, 0x000000009f700000, 0x00000000d5580000)
  object space 515072K, 67% used [0x0000000080000000,0x0000000095357dd8,0x000000009f700000)
 Metaspace       used 6214K, capacity 7216K, committed 7296K, reserved 1056768K
  class space    used 582K, capacity 616K, committed 640K, reserved 1048576K
}
Event: 58.481 GC heap before
{Heap before GC invocations=24 (full 4):
 PSYoungGen      total 451584K, used 451562K [0x00000000d5580000, 0x00000000fe980000, 0x0000000100000000)
  eden space 389120K, 100% used [0x00000000d5580000,0x00000000ed180000,0x00000000ed180000)
  from space 62464K, 99% used [0x00000000ed180000,0x00000000f0e7a9e8,0x00000000f0e80000)
  to   space 143360K, 0% used [0x00000000f5d80000,0x00000000f5d80000,0x00000000fe980000)
 ParOldGen       total 515072K, used 347487K [0x0000000080000000, 0x000000009f700000, 0x00000000d5580000)
  object space 515072K, 67% used [0x0000000080000000,0x0000000095357dd8,0x000000009f700000)
 Metaspace       used 6218K, capacity 7216K, committed 7296K, reserved 1056768K
  class space    used 582K, capacity 616K, committed 640K, reserved 1048576K
Event: 59.751 GC heap after
Heap after GC invocations=24 (full 4):
 PSYoungGen      total 538624K, used 65166K [0x00000000d5580000, 0x0000000100000000, 0x0000000100000000)
  eden space 395264K, 0% used [0x00000000d5580000,0x00000000d5580000,0x00000000ed780000)
  from space 143360K, 45% used [0x00000000f5d80000,0x00000000f9d23a28,0x00000000fe980000)
  to   space 137216K, 0% used [0x00000000ed780000,0x00000000ed780000,0x00000000f5d80000)
 ParOldGen       total 515072K, used 407166K [0x0000000080000000, 0x000000009f700000, 0x00000000d5580000)
  object space 515072K, 79% used [0x0000000080000000,0x0000000098d9fa70,0x000000009f700000)
 Metaspace       used 6218K, capacity 7216K, committed 7296K, reserved 1056768K
  class space    used 582K, capacity 616K, committed 640K, reserved 1048576K
}
Event: 71.481 GC heap before
{Heap before GC invocations=25 (full 4):
 PSYoungGen      total 538624K, used 460430K [0x00000000d5580000, 0x0000000100000000, 0x0000000100000000)
  eden space 395264K, 100% used [0x00000000d5580000,0x00000000ed780000,0x00000000ed780000)
  from space 143360K, 45% used [0x00000000f5d80000,0x00000000f9d23a28,0x00000000fe980000)
  to   space 137216K, 0% used [0x00000000ed780000,0x00000000ed780000,0x00000000f5d80000)
 ParOldGen       total 515072K, used 407166K [0x0000000080000000, 0x000000009f700000, 0x00000000d5580000)
  object space 515072K, 79% used [0x0000000080000000,0x0000000098d9fa70,0x000000009f700000)
 Metaspace       used 6222K, capacity 7216K, committed 7296K, reserved 1056768K
  class space    used 583K, capacity 616K, committed 640K, reserved 1048576K
Event: 77.482 GC heap after
Heap after GC invocations=25 (full 4):
 PSYoungGen      total 532480K, used 65411K [0x00000000d5580000, 0x00000000fee00000, 0x0000000100000000)
  eden space 395264K, 0% used [0x00000000d5580000,0x00000000d5580000,0x00000000ed780000)
  from space 137216K, 47% used [0x00000000ed780000,0x00000000f1760e78,0x00000000f5d80000)
  to   space 131072K, 0% used [0x00000000f6e00000,0x00000000f6e00000,0x00000000fee00000)
 ParOldGen       total 515072K, used 469729K [0x0000000080000000, 0x000000009f700000, 0x00000000d5580000)
  object space 515072K, 91% used [0x0000000080000000,0x000000009cab8650,0x000000009f700000)
 Metaspace       used 6222K, capacity 7216K, committed 7296K, reserved 1056768K
  class space    used 583K, capacity 616K, committed 640K, reserved 1048576K
}
Event: 77.483 GC heap before
{Heap before GC invocations=26 (full 5):
 PSYoungGen      total 532480K, used 65411K [0x00000000d5580000, 0x00000000fee00000, 0x0000000100000000)
  eden space 395264K, 0% used [0x00000000d5580000,0x00000000d5580000,0x00000000ed780000)
  from space 137216K, 47% used [0x00000000ed780000,0x00000000f1760e78,0x00000000f5d80000)
  to   space 131072K, 0% used [0x00000000f6e00000,0x00000000f6e00000,0x00000000fee00000)
 ParOldGen       total 515072K, used 469729K [0x0000000080000000, 0x000000009f700000, 0x00000000d5580000)
  object space 515072K, 91% used [0x0000000080000000,0x000000009cab8650,0x000000009f700000)
 Metaspace       used 6222K, capacity 7216K, committed 7296K, reserved 1056768K
  class space    used 583K, capacity 616K, committed 640K, reserved 1048576K

Deoptimization events (10 events):
Event: 58.355 Thread 0x00007f779400a000 Uncommon trap: reason=unstable_if action=reinterpret pc=0x00007f7785a19cac method=com.android.dx.ssa.SCCP.run()V @ 179
Event: 62.394 Thread 0x00007f779400a000 Uncommon trap: reason=unstable_if action=reinterpret pc=0x00007f7785699388 method=com.android.dx.cf.direct.StdAttributeFactory.parse0(Lcom/android/dx/cf/direct/DirectClassFile;ILjava/lang/String;IILcom/android/dx/cf/iface/ParseObserver;)Lcom/android/dx/cf
Event: 66.978 Thread 0x00007f779400a000 Uncommon trap: reason=unstable_if action=reinterpret pc=0x00007f77854751ac method=java.lang.Integer.valueOf(I)Ljava/lang/Integer; @ 10
Event: 67.470 Thread 0x00007f779400a000 Uncommon trap: reason=unstable_if action=reinterpret pc=0x00007f778524b59c method=java.lang.Integer.valueOf(I)Ljava/lang/Integer; @ 10
Event: 67.472 Thread 0x00007f779400a000 Uncommon trap: reason=unstable_if action=reinterpret pc=0x00007f77856387e8 method=java.lang.Integer.valueOf(I)Ljava/lang/Integer; @ 10
Event: 68.965 Thread 0x00007f779400a000 Uncommon trap: reason=speculate_class_check action=maybe_recompile pc=0x00007f77858a07a8 method=com.android.dx.rop.cst.TypedConstant.getBasicType()I @ 1
Event: 69.089 Thread 0x00007f779400a000 Uncommon trap: reason=unstable_if action=reinterpret pc=0x00007f7785490d04 method=com.android.dx.cf.code.ConcreteMethod.<init>(Lcom/android/dx/cf/iface/Method;ILcom/android/dx/rop/cst/CstString;ZZ)V @ 14
Event: 69.154 Thread 0x00007f779400a000 Uncommon trap: reason=unstable_if action=reinterpret pc=0x00007f7785270c94 method=com.android.dx.ssa.SCCP.simulateStmt(Lcom/android/dx/ssa/SsaInsn;)V @ 435
Event: 70.902 Thread 0x00007f779400a000 Uncommon trap: reason=bimorphic action=maybe_recompile pc=0x00007f7785cdf910 method=com.android.dx.cf.code.BytecodeArray.parseInstruction(ILcom/android/dx/cf/code/BytecodeArray$Visitor;)I @ 1417
Event: 70.902 Thread 0x00007f779400a000 Uncommon trap: reason=bimorphic action=maybe_recompile pc=0x00007f7785cdf910 method=com.android.dx.cf.code.BytecodeArray.parseInstruction(ILcom/android/dx/cf/code/BytecodeArray$Visitor;)I @ 1417

Internal exceptions (8 events):
Event: 0.050 Thread 0x00007f779400a000 Exception <a 'java/lang/NoSuchMethodError': Method sun.misc.Unsafe.defineClass(Ljava/lang/String;[BII)Ljava/lang/Class; name or signature does not match> (0x00000000d5587cc0) thrown at [/HUDSON/workspace/8-2-build-linux-amd64/jdk8u91/6644/hotspot/src/shar
Event: 0.050 Thread 0x00007f779400a000 Exception <a 'java/lang/NoSuchMethodError': Method sun.misc.Unsafe.prefetchRead(Ljava/lang/Object;J)V name or signature does not match> (0x00000000d5587fa8) thrown at [/HUDSON/workspace/8-2-build-linux-amd64/jdk8u91/6644/hotspot/src/share/vm/prims/jni.cpp
Event: 1.397 Thread 0x00007f779400a000 Implicit null exception at 0x00007f7785368e7f to 0x00007f778536a65d
Event: 3.258 Thread 0x00007f779400a000 Exception <a 'java/lang/ArrayIndexOutOfBoundsException': 18> (0x00000000d6724568) thrown at [/HUDSON/workspace/8-2-build-linux-amd64/jdk8u91/6644/hotspot/src/share/vm/interpreter/interpreterRuntime.cpp, line 366]
Event: 3.259 Thread 0x00007f779400a000 Exception <a 'java/lang/ArrayIndexOutOfBoundsException': 145> (0x00000000d67260e8) thrown at [/HUDSON/workspace/8-2-build-linux-amd64/jdk8u91/6644/hotspot/src/share/vm/interpreter/interpreterRuntime.cpp, line 366]
Event: 3.260 Thread 0x00007f779400a000 Exception <a 'java/lang/ArrayIndexOutOfBoundsException'> (0x00000000d67273d0) thrown at [/HUDSON/workspace/8-2-build-linux-amd64/jdk8u91/6644/hotspot/src/share/vm/runtime/sharedRuntime.cpp, line 605]
Event: 17.778 Thread 0x00007f779400a000 Implicit null exception at 0x00007f7785311593 to 0x00007f7785311735
Event: 45.558 Thread 0x00007f779400a000 Implicit null exception at 0x00007f7785b58386 to 0x00007f7785b5adcc

Events (10 events):
Event: 69.689 Thread 0x00007f7794185000 flushing nmethod 0x00007f7785529bd0
Event: 69.698 Thread 0x00007f7794185000 flushing nmethod 0x00007f77858f0290
Event: 69.699 Thread 0x00007f7794185000 flushing nmethod 0x00007f7785a0ea10
Event: 70.902 Thread 0x00007f779400a000 Uncommon trap: trap_request=0xffffffc6 fr.pc=0x00007f7785cdf910
Event: 70.902 Thread 0x00007f779400a000 DEOPT PACKING pc=0x00007f7785cdf910 sp=0x00007f779b2329d0
Event: 70.902 Thread 0x00007f779400a000 DEOPT UNPACKING pc=0x00007f7785005229 sp=0x00007f779b232988 mode 2
Event: 70.902 Thread 0x00007f779400a000 Uncommon trap: trap_request=0xffffffc6 fr.pc=0x00007f7785cdf910
Event: 70.902 Thread 0x00007f779400a000 DEOPT PACKING pc=0x00007f7785cdf910 sp=0x00007f779b2329d0
Event: 70.902 Thread 0x00007f779400a000 DEOPT UNPACKING pc=0x00007f7785005229 sp=0x00007f779b232988 mode 2
Event: 71.481 Executing VM operation: ParallelGCFailedAllocation


Dynamic libraries:
00400000-00401000 r-xp 00000000 08:05 11676926                           /usr/lib/jvm/java-8-oracle/jre/bin/java
00600000-00601000 rw-p 00000000 08:05 11676926                           /usr/lib/jvm/java-8-oracle/jre/bin/java
0149d000-014be000 rw-p 00000000 00:00 0                                  [heap]
80000000-9f700000 rw-p 00000000 00:00 0 
ac900000-d5580000 ---p 00000000 00:00 0 
d5580000-fee00000 rw-p 00000000 00:00 0 
fee00000-100000000 ---p 00000000 00:00 0 
100000000-1000a0000 rw-p 00000000 00:00 0 
1000a0000-140000000 ---p 00000000 00:00 0 
7f7748000000-7f7748021000 rw-p 00000000 00:00 0 
7f7748021000-7f774c000000 ---p 00000000 00:00 0 
7f774c000000-7f774c021000 rw-p 00000000 00:00 0 
7f774c021000-7f7750000000 ---p 00000000 00:00 0 
7f7750000000-7f7751bd5000 rw-p 00000000 00:00 0 
7f7751bd5000-7f7754000000 ---p 00000000 00:00 0 
7f7754000000-7f7754a03000 rw-p 00000000 00:00 0 
7f7754a03000-7f7758000000 ---p 00000000 00:00 0 
7f7758000000-7f7758021000 rw-p 00000000 00:00 0 
7f7758021000-7f775c000000 ---p 00000000 00:00 0 
7f775c000000-7f775de1a000 rw-p 00000000 00:00 0 
7f775de1a000-7f7760000000 ---p 00000000 00:00 0 
7f7760000000-7f7760021000 rw-p 00000000 00:00 0 
7f7760021000-7f7764000000 ---p 00000000 00:00 0 
7f7764000000-7f7764021000 rw-p 00000000 00:00 0 
7f7764021000-7f7768000000 ---p 00000000 00:00 0 
7f7768000000-7f776829e000 rw-p 00000000 00:00 0 
7f776829e000-7f776c000000 ---p 00000000 00:00 0 
7f776d2d0000-7f776d38a000 r--s 00918000 08:05 8661753                    /home/control/AndroidStudioProjects/CitizenReporter/WordPress/build/intermediates/multi-dex/eNCA/release/allclasses.jar
7f776d38a000-7f776d38b000 ---p 00000000 00:00 0 
7f776d38b000-7f776d48b000 rw-p 00000000 00:00 0 
7f776d48b000-7f776d48e000 ---p 00000000 00:00 0 
7f776d48e000-7f776d58c000 rw-p 00000000 00:00 0 
7f776d58c000-7f776d58f000 ---p 00000000 00:00 0 
7f776d58f000-7f776d68d000 rw-p 00000000 00:00 0 
7f776d68d000-7f776d690000 ---p 00000000 00:00 0 
7f776d690000-7f776d78e000 rw-p 00000000 00:00 0 
7f776d78e000-7f776d791000 ---p 00000000 00:00 0 
7f776d791000-7f776d88f000 rw-p 00000000 00:00 0 
7f776d88f000-7f776d892000 ---p 00000000 00:00 0 
7f776d892000-7f776d990000 rw-p 00000000 00:00 0 
7f776d990000-7f776e350000 r--p 00000000 08:05 11148265                   /usr/lib/locale/locale-archive
7f776e350000-7f776e353000 ---p 00000000 00:00 0 
7f776e353000-7f776e451000 rw-p 00000000 00:00 0 
7f776e451000-7f776e454000 ---p 00000000 00:00 0 
7f776e454000-7f776e552000 rw-p 00000000 00:00 0 
7f776e552000-7f776e553000 ---p 00000000 00:00 0 
7f776e553000-7f776f5b1000 rw-p 00000000 00:00 0 
7f776f5b1000-7f776f78a000 r--s 03d1f000 08:05 11676988                   /usr/lib/jvm/java-8-oracle/jre/lib/rt.jar
7f776f78a000-7f776fe80000 rw-p 00000000 00:00 0 
7f776fe80000-7f7770000000 ---p 00000000 00:00 0 
7f7770000000-7f7770021000 rw-p 00000000 00:00 0 
7f7770021000-7f7774000000 ---p 00000000 00:00 0 
7f7774000000-7f7774021000 rw-p 00000000 00:00 0 
7f7774021000-7f7778000000 ---p 00000000 00:00 0 
7f7778000000-7f7778021000 rw-p 00000000 00:00 0 
7f7778021000-7f777c000000 ---p 00000000 00:00 0 
7f777c000000-7f7780000000 rw-p 00000000 00:00 0 
7f7780000000-7f7780021000 rw-p 00000000 00:00 0 
7f7780021000-7f7784000000 ---p 00000000 00:00 0 
7f778403b000-7f778443b000 rw-p 00000000 00:00 0 
7f778443b000-7f778443c000 ---p 00000000 00:00 0 
7f778443c000-7f778453c000 rw-p 00000000 00:00 0 
7f778453c000-7f778453d000 ---p 00000000 00:00 0 
7f778453d000-7f778463d000 rw-p 00000000 00:00 0 
7f778463d000-7f778463e000 ---p 00000000 00:00 0 
7f778463e000-7f778473e000 rw-p 00000000 00:00 0 
7f778473e000-7f778473f000 ---p 00000000 00:00 0 
7f778473f000-7f778493b000 rw-p 00000000 00:00 0 
7f778493b000-7f7784ae9000 ---p 00000000 00:00 0 
7f7784ae9000-7f7784c36000 rw-p 00000000 00:00 0 
7f7784c36000-7f7784c3f000 ---p 00000000 00:00 0 
7f7784c3f000-7f7784c76000 rw-p 00000000 00:00 0 
7f7784c76000-7f7785000000 ---p 00000000 00:00 0 
7f7785000000-7f7785d50000 rwxp 00000000 00:00 0 
7f7785d50000-7f7794000000 ---p 00000000 00:00 0 
7f7794000000-7f7794509000 rw-p 00000000 00:00 0 
7f7794509000-7f7798000000 ---p 00000000 00:00 0 
7f7798009000-7f7798105000 rw-p 00000000 00:00 0 
7f7798105000-7f77982b4000 ---p 00000000 00:00 0 
7f77982b4000-7f77982ce000 r-xp 00000000 08:05 11801227                   /usr/lib/jvm/java-8-oracle/jre/lib/amd64/libzip.so
7f77982ce000-7f77984ce000 ---p 0001a000 08:05 11801227                   /usr/lib/jvm/java-8-oracle/jre/lib/amd64/libzip.so
7f77984ce000-7f77984cf000 rw-p 0001a000 08:05 11801227                   /usr/lib/jvm/java-8-oracle/jre/lib/amd64/libzip.so
7f77984cf000-7f77984da000 r-xp 00000000 08:05 2232861                    /lib/x86_64-linux-gnu/libnss_files-2.23.so
7f77984da000-7f77986d9000 ---p 0000b000 08:05 2232861                    /lib/x86_64-linux-gnu/libnss_files-2.23.so
7f77986d9000-7f77986da000 r--p 0000a000 08:05 2232861                    /lib/x86_64-linux-gnu/libnss_files-2.23.so
7f77986da000-7f77986db000 rw-p 0000b000 08:05 2232861                    /lib/x86_64-linux-gnu/libnss_files-2.23.so
7f77986db000-7f77986e1000 rw-p 00000000 00:00 0 
7f77986e1000-7f77986ec000 r-xp 00000000 08:05 2232871                    /lib/x86_64-linux-gnu/libnss_nis-2.23.so
7f77986ec000-7f77988eb000 ---p 0000b000 08:05 2232871                    /lib/x86_64-linux-gnu/libnss_nis-2.23.so
7f77988eb000-7f77988ec000 r--p 0000a000 08:05 2232871                    /lib/x86_64-linux-gnu/libnss_nis-2.23.so
7f77988ec000-7f77988ed000 rw-p 0000b000 08:05 2232871                    /lib/x86_64-linux-gnu/libnss_nis-2.23.so
7f77988ed000-7f7798903000 r-xp 00000000 08:05 2232855                    /lib/x86_64-linux-gnu/libnsl-2.23.so
7f7798903000-7f7798b02000 ---p 00016000 08:05 2232855                    /lib/x86_64-linux-gnu/libnsl-2.23.so
7f7798b02000-7f7798b03000 r--p 00015000 08:05 2232855                    /lib/x86_64-linux-gnu/libnsl-2.23.so
7f7798b03000-7f7798b04000 rw-p 00016000 08:05 2232855                    /lib/x86_64-linux-gnu/libnsl-2.23.so
7f7798b04000-7f7798b06000 rw-p 00000000 00:00 0 
7f7798b06000-7f7798b0e000 r-xp 00000000 08:05 2232857                    /lib/x86_64-linux-gnu/libnss_compat-2.23.so
7f7798b0e000-7f7798d0d000 ---p 00008000 08:05 2232857                    /lib/x86_64-linux-gnu/libnss_compat-2.23.so
7f7798d0d000-7f7798d0e000 r--p 00007000 08:05 2232857                    /lib/x86_64-linux-gnu/libnss_compat-2.23.so
7f7798d0e000-7f7798d0f000 rw-p 00008000 08:05 2232857                    /lib/x86_64-linux-gnu/libnss_compat-2.23.so
7f7798d0f000-7f7798d39000 r-xp 00000000 08:05 11801222                   /usr/lib/jvm/java-8-oracle/jre/lib/amd64/libjava.so
7f7798d39000-7f7798f39000 ---p 0002a000 08:05 11801222                   /usr/lib/jvm/java-8-oracle/jre/lib/amd64/libjava.so
7f7798f39000-7f7798f3b000 rw-p 0002a000 08:05 11801222                   /usr/lib/jvm/java-8-oracle/jre/lib/amd64/libjava.so
7f7798f3b000-7f7798f48000 r-xp 00000000 08:05 11801226                   /usr/lib/jvm/java-8-oracle/jre/lib/amd64/libverify.so
7f7798f48000-7f7799148000 ---p 0000d000 08:05 11801226                   /usr/lib/jvm/java-8-oracle/jre/lib/amd64/libverify.so
7f7799148000-7f779914a000 rw-p 0000d000 08:05 11801226                   /usr/lib/jvm/java-8-oracle/jre/lib/amd64/libverify.so
7f779914a000-7f7799151000 r-xp 00000000 08:05 2232916                    /lib/x86_64-linux-gnu/librt-2.23.so
7f7799151000-7f7799350000 ---p 00007000 08:05 2232916                    /lib/x86_64-linux-gnu/librt-2.23.so
7f7799350000-7f7799351000 r--p 00006000 08:05 2232916                    /lib/x86_64-linux-gnu/librt-2.23.so
7f7799351000-7f7799352000 rw-p 00007000 08:05 2232916                    /lib/x86_64-linux-gnu/librt-2.23.so
7f7799352000-7f779945a000 r-xp 00000000 08:05 2232832                    /lib/x86_64-linux-gnu/libm-2.23.so
7f779945a000-7f7799659000 ---p 00108000 08:05 2232832                    /lib/x86_64-linux-gnu/libm-2.23.so
7f7799659000-7f779965a000 r--p 00107000 08:05 2232832                    /lib/x86_64-linux-gnu/libm-2.23.so
7f779965a000-7f779965b000 rw-p 00108000 08:05 2232832                    /lib/x86_64-linux-gnu/libm-2.23.so
7f779965b000-7f779a31b000 r-xp 00000000 08:05 11932031                   /usr/lib/jvm/java-8-oracle/jre/lib/amd64/server/libjvm.so
7f779a31b000-7f779a51b000 ---p 00cc0000 08:05 11932031                   /usr/lib/jvm/java-8-oracle/jre/lib/amd64/server/libjvm.so
7f779a51b000-7f779a5f3000 rw-p 00cc0000 08:05 11932031                   /usr/lib/jvm/java-8-oracle/jre/lib/amd64/server/libjvm.so
7f779a5f3000-7f779a63e000 rw-p 00000000 00:00 0 
7f779a63e000-7f779a7fe000 r-xp 00000000 08:05 2232762                    /lib/x86_64-linux-gnu/libc-2.23.so
7f779a7fe000-7f779a9fd000 ---p 001c0000 08:05 2232762                    /lib/x86_64-linux-gnu/libc-2.23.so
7f779a9fd000-7f779aa01000 r--p 001bf000 08:05 2232762                    /lib/x86_64-linux-gnu/libc-2.23.so
7f779aa01000-7f779aa03000 rw-p 001c3000 08:05 2232762                    /lib/x86_64-linux-gnu/libc-2.23.so
7f779aa03000-7f779aa07000 rw-p 00000000 00:00 0 
7f779aa07000-7f779aa0a000 r-xp 00000000 08:05 2232786                    /lib/x86_64-linux-gnu/libdl-2.23.so
7f779aa0a000-7f779ac09000 ---p 00003000 08:05 2232786                    /lib/x86_64-linux-gnu/libdl-2.23.so
7f779ac09000-7f779ac0a000 r--p 00002000 08:05 2232786                    /lib/x86_64-linux-gnu/libdl-2.23.so
7f779ac0a000-7f779ac0b000 rw-p 00003000 08:05 2232786                    /lib/x86_64-linux-gnu/libdl-2.23.so
7f779ac0b000-7f779ac20000 r-xp 00000000 08:05 11932027                   /usr/lib/jvm/java-8-oracle/jre/lib/amd64/jli/libjli.so
7f779ac20000-7f779ae20000 ---p 00015000 08:05 11932027                   /usr/lib/jvm/java-8-oracle/jre/lib/amd64/jli/libjli.so
7f779ae20000-7f779ae21000 rw-p 00015000 08:05 11932027                   /usr/lib/jvm/java-8-oracle/jre/lib/amd64/jli/libjli.so
7f779ae21000-7f779ae39000 r-xp 00000000 08:05 2232908                    /lib/x86_64-linux-gnu/libpthread-2.23.so
7f779ae39000-7f779b038000 ---p 00018000 08:05 2232908                    /lib/x86_64-linux-gnu/libpthread-2.23.so
7f779b038000-7f779b039000 r--p 00017000 08:05 2232908                    /lib/x86_64-linux-gnu/libpthread-2.23.so
7f779b039000-7f779b03a000 rw-p 00018000 08:05 2232908                    /lib/x86_64-linux-gnu/libpthread-2.23.so
7f779b03a000-7f779b03e000 rw-p 00000000 00:00 0 
7f779b03e000-7f779b064000 r-xp 00000000 08:05 2232734                    /lib/x86_64-linux-gnu/ld-2.23.so
7f779b0b1000-7f779b134000 rw-p 00000000 00:00 0 
7f779b134000-7f779b137000 ---p 00000000 00:00 0 
7f779b137000-7f779b239000 rw-p 00000000 00:00 0 
7f779b249000-7f779b257000 r--s 000dc000 08:05 10487717                   /home/control/Android/Sdk/build-tools/21.1.1/lib/dx.jar
7f779b257000-7f779b25f000 rw-s 00000000 08:05 3672571                    /tmp/hsperfdata_control/13300
7f779b25f000-7f779b260000 rw-p 00000000 00:00 0 
7f779b260000-7f779b261000 ---p 00000000 00:00 0 
7f779b261000-7f779b263000 rw-p 00000000 00:00 0 
7f779b263000-7f779b264000 r--p 00025000 08:05 2232734                    /lib/x86_64-linux-gnu/ld-2.23.so
7f779b264000-7f779b265000 rw-p 00026000 08:05 2232734                    /lib/x86_64-linux-gnu/ld-2.23.so
7f779b265000-7f779b266000 rw-p 00000000 00:00 0 
7fffc676c000-7fffc678d000 rw-p 00000000 00:00 0                          [stack]
7fffc67c1000-7fffc67c3000 r--p 00000000 00:00 0                          [vvar]
7fffc67c3000-7fffc67c5000 r-xp 00000000 00:00 0                          [vdso]
ffffffffff600000-ffffffffff601000 r-xp 00000000 00:00 0                  [vsyscall]

VM Arguments:
jvm_args: -Xmx2048M 
java_command: /home/control/Android/Sdk/build-tools/21.1.1/lib/dx.jar --dex --force-jumbo --multi-dex --main-dex-list /home/control/AndroidStudioProjects/CitizenReporter/WordPress/build/intermediates/multi-dex/eNCA/release/maindexlist.txt --output /home/control/AndroidStudioProjects/CitizenReporter/WordPress/build/intermediates/dex/eNCA/release --input-list=/home/control/AndroidStudioProjects/CitizenReporter/WordPress/build/intermediates/tmp/dex/eNCA/release/inputList.txt
java_class_path (initial): /home/control/Android/Sdk/build-tools/21.1.1/lib/dx.jar
Launcher Type: SUN_STANDARD

Environment Variables:
JAVA_HOME=/usr/lib/jvm/java-8-oracle
PATH=/home/control/.local/share/umake/bin:/home/control/bin:/usr/local/sbin:/usr/local/bin:/usr/sbin:/usr/bin:/sbin:/bin:/usr/games:/usr/local/games:/snap/bin:/usr/lib/jvm/java-8-oracle/bin:/usr/lib/jvm/java-8-oracle/db/bin:/usr/lib/jvm/java-8-oracle/jre/bin
LD_LIBRARY_PATH=/home/control/.local/share/umake/android/android-studio/bin:
SHELL=/bin/zsh
DISPLAY=:0

Signal Handlers:
SIGSEGV: [libjvm.so+0xabca10], sa_mask[0]=11111111011111111101111111111110, sa_flags=SA_RESTART|SA_SIGINFO
SIGBUS: [libjvm.so+0xabca10], sa_mask[0]=11111111011111111101111111111110, sa_flags=SA_RESTART|SA_SIGINFO
SIGFPE: [libjvm.so+0x919a20], sa_mask[0]=11111111011111111101111111111110, sa_flags=SA_RESTART|SA_SIGINFO
SIGPIPE: [libjvm.so+0x919a20], sa_mask[0]=11111111011111111101111111111110, sa_flags=SA_RESTART|SA_SIGINFO
SIGXFSZ: [libjvm.so+0x919a20], sa_mask[0]=11111111011111111101111111111110, sa_flags=SA_RESTART|SA_SIGINFO
SIGILL: [libjvm.so+0x919a20], sa_mask[0]=11111111011111111101111111111110, sa_flags=SA_RESTART|SA_SIGINFO
SIGUSR1: SIG_DFL, sa_mask[0]=00000000000000000000000000000000, sa_flags=none
SIGUSR2: [libjvm.so+0x91b050], sa_mask[0]=00100000000000000000000000000000, sa_flags=SA_RESTART|SA_SIGINFO
SIGHUP: [libjvm.so+0x91c450], sa_mask[0]=11111111011111111101111111111110, sa_flags=SA_RESTART|SA_SIGINFO
SIGINT: [libjvm.so+0x91c450], sa_mask[0]=11111111011111111101111111111110, sa_flags=SA_RESTART|SA_SIGINFO
SIGTERM: [libjvm.so+0x91c450], sa_mask[0]=11111111011111111101111111111110, sa_flags=SA_RESTART|SA_SIGINFO
SIGQUIT: [libjvm.so+0x91c450], sa_mask[0]=11111111011111111101111111111110, sa_flags=SA_RESTART|SA_SIGINFO


---------------  S Y S T E M  ---------------

OS:DISTRIB_ID=Ubuntu
DISTRIB_RELEASE=16.04
DISTRIB_CODENAME=xenial
DISTRIB_DESCRIPTION="Ubuntu 16.04 LTS"

uname:Linux 4.4.0-31-generic #50-Ubuntu SMP Wed Jul 13 00:07:12 UTC 2016 x86_64
libc:glibc 2.23 NPTL 2.23 
rlimit: STACK 8192k, CORE 0k, NPROC 23210, NOFILE 65536, AS infinity
load average:13.39 5.34 3.36

/proc/meminfo:
MemTotal:        5980484 kB
MemFree:          112360 kB
MemAvailable:      49924 kB
Buffers:            1740 kB
Cached:           339472 kB
SwapCached:        31084 kB
Active:          4490720 kB
Inactive:        1150696 kB
Active(anon):    4449912 kB
Inactive(anon):  1113160 kB
Active(file):      40808 kB
Inactive(file):    37536 kB
Unevictable:         216 kB
Mlocked:             216 kB
SwapTotal:       1967100 kB
SwapFree:             48 kB
Dirty:               268 kB
Writeback:             0 kB
AnonPages:       5270548 kB
Mapped:           152492 kB
Shmem:            262280 kB
Slab:              99752 kB
SReclaimable:      55468 kB
SUnreclaim:        44284 kB
KernelStack:       13968 kB
PageTables:        62296 kB
NFS_Unstable:          0 kB
Bounce:                0 kB
WritebackTmp:          0 kB
CommitLimit:     4957340 kB
Committed_AS:   14227928 kB
VmallocTotal:   34359738367 kB
VmallocUsed:           0 kB
VmallocChunk:          0 kB
HardwareCorrupted:     0 kB
AnonHugePages:   2502656 kB
CmaTotal:              0 kB
CmaFree:               0 kB
HugePages_Total:       0
HugePages_Free:        0
HugePages_Rsvd:        0
HugePages_Surp:        0
Hugepagesize:       2048 kB
DirectMap4k:      153344 kB
DirectMap2M:     6008832 kB


CPU:total 4 (2 cores per cpu, 2 threads per core) family 6 model 42 stepping 7, cmov, cx8, fxsr, mmx, sse, sse2, sse3, ssse3, sse4.1, sse4.2, popcnt, avx, clmul, ht, tsc, tscinvbit

/proc/cpuinfo:
processor	: 0
vendor_id	: GenuineIntel
cpu family	: 6
model		: 42
model name	: Intel(R) Core(TM) i3-2375M CPU @ 1.50GHz
stepping	: 7
microcode	: 0x28
cpu MHz		: 895.078
cache size	: 3072 KB
physical id	: 0
siblings	: 4
core id		: 0
cpu cores	: 2
apicid		: 0
initial apicid	: 0
fpu		: yes
fpu_exception	: yes
cpuid level	: 13
wp		: yes
flags		: fpu vme de pse tsc msr pae mce cx8 apic sep mtrr pge mca cmov pat pse36 clflush dts acpi mmx fxsr sse sse2 ss ht tm pbe syscall nx rdtscp lm constant_tsc arch_perfmon pebs bts rep_good nopl xtopology nonstop_tsc aperfmperf eagerfpu pni pclmulqdq dtes64 monitor ds_cpl vmx est tm2 ssse3 cx16 xtpr pdcm pcid sse4_1 sse4_2 x2apic popcnt tsc_deadline_timer xsave avx lahf_lm epb tpr_shadow vnmi flexpriority ept vpid xsaveopt dtherm arat pln pts
bugs		:
bogomips	: 2993.13
clflush size	: 64
cache_alignment	: 64
address sizes	: 36 bits physical, 48 bits virtual
power management:

processor	: 1
vendor_id	: GenuineIntel
cpu family	: 6
model		: 42
model name	: Intel(R) Core(TM) i3-2375M CPU @ 1.50GHz
stepping	: 7
microcode	: 0x28
cpu MHz		: 804.550
cache size	: 3072 KB
physical id	: 0
siblings	: 4
core id		: 0
cpu cores	: 2
apicid		: 1
initial apicid	: 1
fpu		: yes
fpu_exception	: yes
cpuid level	: 13
wp		: yes
flags		: fpu vme de pse tsc msr pae mce cx8 apic sep mtrr pge mca cmov pat pse36 clflush dts acpi mmx fxsr sse sse2 ss ht tm pbe syscall nx rdtscp lm constant_tsc arch_perfmon pebs bts rep_good nopl xtopology nonstop_tsc aperfmperf eagerfpu pni pclmulqdq dtes64 monitor ds_cpl vmx est tm2 ssse3 cx16 xtpr pdcm pcid sse4_1 sse4_2 x2apic popcnt tsc_deadline_timer xsave avx lahf_lm epb tpr_shadow vnmi flexpriority ept vpid xsaveopt dtherm arat pln pts
bugs		:
bogomips	: 2993.13
clflush size	: 64
cache_alignment	: 64
address sizes	: 36 bits physical, 48 bits virtual
power management:

processor	: 2
vendor_id	: GenuineIntel
cpu family	: 6
model		: 42
model name	: Intel(R) Core(TM) i3-2375M CPU @ 1.50GHz
stepping	: 7
microcode	: 0x28
cpu MHz		: 801.621
cache size	: 3072 KB
physical id	: 0
siblings	: 4
core id		: 1
cpu cores	: 2
apicid		: 2
initial apicid	: 2
fpu		: yes
fpu_exception	: yes
cpuid level	: 13
wp		: yes
flags		: fpu vme de pse tsc msr pae mce cx8 apic sep mtrr pge mca cmov pat pse36 clflush dts acpi mmx fxsr sse sse2 ss ht tm pbe syscall nx rdtscp lm constant_tsc arch_perfmon pebs bts rep_good nopl xtopology nonstop_tsc aperfmperf eagerfpu pni pclmulqdq dtes64 monitor ds_cpl vmx est tm2 ssse3 cx16 xtpr pdcm pcid sse4_1 sse4_2 x2apic popcnt tsc_deadline_timer xsave avx lahf_lm epb tpr_shadow vnmi flexpriority ept vpid xsaveopt dtherm arat pln pts
bugs		:
bogomips	: 2993.13
clflush size	: 64
cache_alignment	: 64
address sizes	: 36 bits physical, 48 bits virtual
power management:

processor	: 3
vendor_id	: GenuineIntel
cpu family	: 6
model		: 42
model name	: Intel(R) Core(TM) i3-2375M CPU @ 1.50GHz
stepping	: 7
microcode	: 0x28
cpu MHz		: 799.980
cache size	: 3072 KB
physical id	: 0
siblings	: 4
core id		: 1
cpu cores	: 2
apicid		: 3
initial apicid	: 3
fpu		: yes
fpu_exception	: yes
cpuid level	: 13
wp		: yes
flags		: fpu vme de pse tsc msr pae mce cx8 apic sep mtrr pge mca cmov pat pse36 clflush dts acpi mmx fxsr sse sse2 ss ht tm pbe syscall nx rdtscp lm constant_tsc arch_perfmon pebs bts rep_good nopl xtopology nonstop_tsc aperfmperf eagerfpu pni pclmulqdq dtes64 monitor ds_cpl vmx est tm2 ssse3 cx16 xtpr pdcm pcid sse4_1 sse4_2 x2apic popcnt tsc_deadline_timer xsave avx lahf_lm epb tpr_shadow vnmi flexpriority ept vpid xsaveopt dtherm arat pln pts
bugs		:
bogomips	: 2993.13
clflush size	: 64
cache_alignment	: 64
address sizes	: 36 bits physical, 48 bits virtual
power management:



Memory: 4k page, physical 5980484k(112360k free), swap 1967100k(48k free)

vm_info: Java HotSpot(TM) 64-Bit Server VM (25.91-b14) for linux-amd64 JRE (1.8.0_91-b14), built on Apr  1 2016 00:57:21 by "java_re" with gcc 4.3.0 20080428 (Red Hat 4.3.0-8)

time: Tue Jul 19 18:39:33 2016
elapsed time: 91 seconds (0d 0h 1m 31s)

