#
# There is insufficient memory for the Java Runtime Environment to continue.
# Native memory allocation (mmap) failed to map 202899456 bytes for committing reserved memory.
# Possible reasons:
#   The system is out of physical RAM or swap space
#   In 32 bit mode, the process size limit was hit
# Possible solutions:
#   Reduce memory load on the system
#   Increase physical memory or swap space
#   Check if swap backing store is full
#   Use 64 bit Java on a 64 bit OS
#   Decrease Java heap size (-Xmx/-Xms)
#   Decrease number of Java threads
#   Decrease Java thread stack sizes (-Xss)
#   Set larger code cache with -XX:ReservedCodeCacheSize=
# This output file may be truncated or incomplete.
#
#  Out of Memory Error (os_linux.cpp:2627), pid=10456, tid=139638994872064
#
# JRE version: Java(TM) SE Runtime Environment (8.0_91-b14) (build 1.8.0_91-b14)
# Java VM: Java HotSpot(TM) 64-Bit Server VM (25.91-b14 mixed mode linux-amd64 compressed oops)
# Failed to write core dump. Core dumps have been disabled. To enable core dumping, try "ulimit -c unlimited" before starting Java again
#

---------------  T H R E A D  ---------------

Current thread (0x00007f004c13e800):  VMThread [stack: 0x00007f003c9fa000,0x00007f003cafb000] [id=10472]

Stack: [0x00007f003c9fa000,0x00007f003cafb000],  sp=0x00007f003caf91a0,  free space=1020k
Native frames: (J=compiled Java code, j=interpreted, Vv=VM code, C=native code)
V  [libjvm.so+0xabc18a]  VMError::report_and_die()+0x2ba
V  [libjvm.so+0x4fafeb]  report_vm_out_of_memory(char const*, int, unsigned long, VMErrorType, char const*)+0x8b
V  [libjvm.so+0x91cbb3]  os::Linux::commit_memory_impl(char*, unsigned long, bool)+0x103
V  [libjvm.so+0x91d109]  os::pd_commit_memory(char*, unsigned long, unsigned long, bool)+0x29
V  [libjvm.so+0x91740a]  os::commit_memory(char*, unsigned long, unsigned long, bool)+0x2a
V  [libjvm.so+0x98b033]  PSVirtualSpace::expand_by(unsigned long)+0x53
V  [libjvm.so+0x97b920]  PSOldGen::expand(unsigned long)+0x170
V  [libjvm.so+0x97bb2b]  PSOldGen::resize(unsigned long)+0x1cb
V  [libjvm.so+0x983801]  PSParallelCompact::invoke_no_policy(bool)+0x991
V  [libjvm.so+0x98915d]  PSScavenge::invoke()+0x1ad
V  [libjvm.so+0x9408b0]  ParallelScavengeHeap::failed_mem_allocate(unsigned long)+0x70
V  [libjvm.so+0xabdba7]  VM_ParallelGCFailedAllocation::doit()+0x97
V  [libjvm.so+0xac55d5]  VM_Operation::evaluate()+0x55
V  [libjvm.so+0xac39aa]  VMThread::evaluate_operation(VM_Operation*)+0xba
V  [libjvm.so+0xac3d2e]  VMThread::loop()+0x1ce
V  [libjvm.so+0xac41a0]  VMThread::run()+0x70
V  [libjvm.so+0x91ef78]  java_start(Thread*)+0x108

VM_Operation (0x00007f0055751af0): ParallelGCFailedAllocation, mode: safepoint, requested by thread 0x00007f004c00a000


---------------  P R O C E S S  ---------------

Java Threads: ( => current thread )
  0x00007f004c190000 JavaThread "Service Thread" daemon [_thread_blocked, id=10479, stack(0x00007f003c2f3000,0x00007f003c3f4000)]
  0x00007f004c185000 JavaThread "C1 CompilerThread2" daemon [_thread_blocked, id=10478, stack(0x00007f003c3f4000,0x00007f003c4f5000)]
  0x00007f004c183000 JavaThread "C2 CompilerThread1" daemon [_thread_blocked, id=10477, stack(0x00007f003c4f5000,0x00007f003c5f6000)]
  0x00007f004c180000 JavaThread "C2 CompilerThread0" daemon [_thread_blocked, id=10476, stack(0x00007f003c5f6000,0x00007f003c6f7000)]
  0x00007f004c17e800 JavaThread "Signal Dispatcher" daemon [_thread_blocked, id=10475, stack(0x00007f003c6f7000,0x00007f003c7f8000)]
  0x00007f004c14b000 JavaThread "Finalizer" daemon [_thread_blocked, id=10474, stack(0x00007f003c7f8000,0x00007f003c8f9000)]
  0x00007f004c146800 JavaThread "Reference Handler" daemon [_thread_blocked, id=10473, stack(0x00007f003c8f9000,0x00007f003c9fa000)]
  0x00007f004c00a000 JavaThread "main" [_thread_blocked, id=10467, stack(0x00007f0055653000,0x00007f0055754000)]

Other Threads:
=>0x00007f004c13e800 VMThread [stack: 0x00007f003c9fa000,0x00007f003cafb000] [id=10472]
  0x00007f004c193000 WatcherThread [stack: 0x00007f003c1f2000,0x00007f003c2f3000] [id=10480]

VM state:at safepoint (normal execution)

VM Mutex/Monitor currently owned by a thread:  ([mutex/lock_event])
[0x00007f004c005b40] ExpandHeap_lock - owner thread: 0x00007f004c13e800
[0x00007f004c0061c0] Threads_lock - owner thread: 0x00007f004c13e800
[0x00007f004c0066c0] Heap_lock - owner thread: 0x00007f004c00a000

Heap:
 PSYoungGen      total 450048K, used 72010K [0x00000000d5580000, 0x0000000100000000, 0x0000000100000000)
  eden space 289280K, 0% used [0x00000000d5580000,0x00000000d5580000,0x00000000e7000000)
  from space 160768K, 44% used [0x00000000f6300000,0x00000000fa952820,0x0000000100000000)
  to   space 204800K, 0% used [0x00000000e7000000,0x00000000e7000000,0x00000000f3800000)
 ParOldGen       total 449024K, used 448882K [0x0000000080000000, 0x000000009b680000, 0x00000000d5580000)
  object space 449024K, 99% used [0x0000000080000000,0x000000009b65cba8,0x000000009b680000)
 Metaspace       used 6220K, capacity 7216K, committed 7296K, reserved 1056768K
  class space    used 583K, capacity 616K, committed 640K, reserved 1048576K

Card table byte_map: [0x00007f0052012000,0x00007f0052413000] byte_map_base: 0x00007f0051c12000

Marking Bits: (ParMarkBitMap*) 0x00007f0054b30d60
 Begin Bits: [0x00007f0034000000, 0x00007f0036000000)
 End Bits:   [0x00007f0036000000, 0x00007f0038000000)

Polling page: 0x00007f005577f000

CodeCache: size=245760Kb used=13312Kb max_used=13315Kb free=232447Kb
 bounds [0x00007f003d000000, 0x00007f003dd20000, 0x00007f004c000000]
 total_blobs=2722 nmethods=2457 adapters=178
 compilation: enabled

Compilation events (10 events):
Event: 51.605 Thread 0x00007f004c183000 nmethod 2930 0x00007f003dce11d0 code [0x00007f003dce1320, 0x00007f003dce14b8]
Event: 51.627 Thread 0x00007f004c185000 2931       3       com.android.dx.rop.code.SwitchInsn::accept (8 bytes)
Event: 51.627 Thread 0x00007f004c185000 nmethod 2931 0x00007f003dcef210 code [0x00007f003dcef380, 0x00007f003dcef5a8]
Event: 51.666 Thread 0x00007f004c185000 2932       3       com.android.dx.cf.code.Ropper::isStatic (21 bytes)
Event: 51.666 Thread 0x00007f004c185000 nmethod 2932 0x00007f003dceec10 code [0x00007f003dceed80, 0x00007f003dcef0e8]
Event: 51.674 Thread 0x00007f004c180000 2933       4       sun.util.calendar.ZoneInfo::getTransitionIndex (156 bytes)
Event: 51.679 Thread 0x00007f004c180000 nmethod 2933 0x00007f003dcee650 code [0x00007f003dcee7a0, 0x00007f003dcee9f8]
Event: 51.688 Thread 0x00007f004c183000 2934   !   4       com.android.dx.dex.cf.CfTranslator::processMethods (583 bytes)
Event: 51.881 Thread 0x00007f004c185000 2935       3       com.android.dx.cf.code.LineNumberList::concat (92 bytes)
Event: 51.885 Thread 0x00007f004c185000 nmethod 2935 0x00007f003dd05290 code [0x00007f003dd055c0, 0x00007f003dd071a8]

GC Heap History (10 events):
Event: 39.993 GC heap after
Heap after GC invocations=17 (full 3):
 PSYoungGen      total 559104K, used 36583K [0x00000000d5580000, 0x0000000100000000, 0x0000000100000000)
  eden space 440832K, 0% used [0x00000000d5580000,0x00000000d5580000,0x00000000f0400000)
  from space 118272K, 30% used [0x00000000f8c80000,0x00000000fb039ce8,0x0000000100000000)
  to   space 129024K, 0% used [0x00000000f0400000,0x00000000f0400000,0x00000000f8200000)
 ParOldGen       total 444928K, used 292996K [0x0000000080000000, 0x000000009b280000, 0x00000000d5580000)
  object space 444928K, 65% used [0x0000000080000000,0x0000000091e21048,0x000000009b280000)
 Metaspace       used 6200K, capacity 7216K, committed 7296K, reserved 1056768K
  class space    used 582K, capacity 616K, committed 640K, reserved 1048576K
}
Event: 44.262 GC heap before
{Heap before GC invocations=18 (full 3):
 PSYoungGen      total 559104K, used 477415K [0x00000000d5580000, 0x0000000100000000, 0x0000000100000000)
  eden space 440832K, 100% used [0x00000000d5580000,0x00000000f0400000,0x00000000f0400000)
  from space 118272K, 30% used [0x00000000f8c80000,0x00000000fb039ce8,0x0000000100000000)
  to   space 129024K, 0% used [0x00000000f0400000,0x00000000f0400000,0x00000000f8200000)
 ParOldGen       total 444928K, used 292996K [0x0000000080000000, 0x000000009b280000, 0x00000000d5580000)
  object space 444928K, 65% used [0x0000000080000000,0x0000000091e21048,0x000000009b280000)
 Metaspace       used 6200K, capacity 7216K, committed 7296K, reserved 1056768K
  class space    used 582K, capacity 616K, committed 640K, reserved 1048576K
Event: 44.610 GC heap after
Heap after GC invocations=18 (full 3):
 PSYoungGen      total 523264K, used 82143K [0x00000000d5580000, 0x0000000100000000, 0x0000000100000000)
  eden space 440832K, 0% used [0x00000000d5580000,0x00000000d5580000,0x00000000f0400000)
  from space 82432K, 99% used [0x00000000f0400000,0x00000000f5437dd8,0x00000000f5480000)
  to   space 133120K, 0% used [0x00000000f7e00000,0x00000000f7e00000,0x0000000100000000)
 ParOldGen       total 444928K, used 292996K [0x0000000080000000, 0x000000009b280000, 0x00000000d5580000)
  object space 444928K, 65% used [0x0000000080000000,0x0000000091e21048,0x000000009b280000)
 Metaspace       used 6200K, capacity 7216K, committed 7296K, reserved 1056768K
  class space    used 582K, capacity 616K, committed 640K, reserved 1048576K
}
Event: 47.415 GC heap before
{Heap before GC invocations=19 (full 3):
 PSYoungGen      total 523264K, used 522975K [0x00000000d5580000, 0x0000000100000000, 0x0000000100000000)
  eden space 440832K, 100% used [0x00000000d5580000,0x00000000f0400000,0x00000000f0400000)
  from space 82432K, 99% used [0x00000000f0400000,0x00000000f5437dd8,0x00000000f5480000)
  to   space 133120K, 0% used [0x00000000f7e00000,0x00000000f7e00000,0x0000000100000000)
 ParOldGen       total 444928K, used 292996K [0x0000000080000000, 0x000000009b280000, 0x00000000d5580000)
  object space 444928K, 65% used [0x0000000080000000,0x0000000091e21048,0x000000009b280000)
 Metaspace       used 6213K, capacity 7216K, committed 7296K, reserved 1056768K
  class space    used 582K, capacity 616K, committed 640K, reserved 1048576K
Event: 47.775 GC heap after
Heap after GC invocations=19 (full 3):
 PSYoungGen      total 510464K, used 133105K [0x00000000d5580000, 0x0000000100000000, 0x0000000100000000)
  eden space 377344K, 0% used [0x00000000d5580000,0x00000000d5580000,0x00000000ec600000)
  from space 133120K, 99% used [0x00000000f7e00000,0x00000000ffffc4a8,0x0000000100000000)
  to   space 160768K, 0% used [0x00000000ec600000,0x00000000ec600000,0x00000000f6300000)
 ParOldGen       total 444928K, used 309787K [0x0000000080000000, 0x000000009b280000, 0x00000000d5580000)
  object space 444928K, 69% used [0x0000000080000000,0x0000000092e86c40,0x000000009b280000)
 Metaspace       used 6213K, capacity 7216K, committed 7296K, reserved 1056768K
  class space    used 582K, capacity 616K, committed 640K, reserved 1048576K
}
Event: 49.662 GC heap before
{Heap before GC invocations=20 (full 3):
 PSYoungGen      total 510464K, used 510449K [0x00000000d5580000, 0x0000000100000000, 0x0000000100000000)
  eden space 377344K, 100% used [0x00000000d5580000,0x00000000ec600000,0x00000000ec600000)
  from space 133120K, 99% used [0x00000000f7e00000,0x00000000ffffc4a8,0x0000000100000000)
  to   space 160768K, 0% used [0x00000000ec600000,0x00000000ec600000,0x00000000f6300000)
 ParOldGen       total 444928K, used 309787K [0x0000000080000000, 0x000000009b280000, 0x00000000d5580000)
  object space 444928K, 69% used [0x0000000080000000,0x0000000092e86c40,0x000000009b280000)
 Metaspace       used 6216K, capacity 7216K, committed 7296K, reserved 1056768K
  class space    used 582K, capacity 616K, committed 640K, reserved 1048576K
Event: 49.996 GC heap after
Heap after GC invocations=20 (full 3):
 PSYoungGen      total 538112K, used 160736K [0x00000000d5580000, 0x0000000100000000, 0x0000000100000000)
  eden space 377344K, 0% used [0x00000000d5580000,0x00000000d5580000,0x00000000ec600000)
  from space 160768K, 99% used [0x00000000ec600000,0x00000000f62f8098,0x00000000f6300000)
  to   space 160768K, 0% used [0x00000000f6300000,0x00000000f6300000,0x0000000100000000)
 ParOldGen       total 444928K, used 348350K [0x0000000080000000, 0x000000009b280000, 0x00000000d5580000)
  object space 444928K, 78% used [0x0000000080000000,0x000000009542f8c8,0x000000009b280000)
 Metaspace       used 6216K, capacity 7216K, committed 7296K, reserved 1056768K
  class space    used 582K, capacity 616K, committed 640K, reserved 1048576K
}
Event: 51.895 GC heap before
{Heap before GC invocations=21 (full 3):
 PSYoungGen      total 538112K, used 538080K [0x00000000d5580000, 0x0000000100000000, 0x0000000100000000)
  eden space 377344K, 100% used [0x00000000d5580000,0x00000000ec600000,0x00000000ec600000)
  from space 160768K, 99% used [0x00000000ec600000,0x00000000f62f8098,0x00000000f6300000)
  to   space 160768K, 0% used [0x00000000f6300000,0x00000000f6300000,0x0000000100000000)
 ParOldGen       total 444928K, used 348350K [0x0000000080000000, 0x000000009b280000, 0x00000000d5580000)
  object space 444928K, 78% used [0x0000000080000000,0x000000009542f8c8,0x000000009b280000)
 Metaspace       used 6220K, capacity 7216K, committed 7296K, reserved 1056768K
  class space    used 583K, capacity 616K, committed 640K, reserved 1048576K
Event: 60.527 GC heap after
Heap after GC invocations=21 (full 3):
 PSYoungGen      total 450048K, used 119537K [0x00000000d5580000, 0x0000000100000000, 0x0000000100000000)
  eden space 289280K, 0% used [0x00000000d5580000,0x00000000d5580000,0x00000000e7000000)
  from space 160768K, 74% used [0x00000000f6300000,0x00000000fd7bc570,0x0000000100000000)
  to   space 204800K, 0% used [0x00000000e7000000,0x00000000e7000000,0x00000000f3800000)
 ParOldGen       total 449024K, used 448466K [0x0000000080000000, 0x000000009b680000, 0x00000000d5580000)
  object space 449024K, 99% used [0x0000000080000000,0x000000009b5f4b38,0x000000009b680000)
 Metaspace       used 6220K, capacity 7216K, committed 7296K, reserved 1056768K
  class space    used 583K, capacity 616K, committed 640K, reserved 1048576K
}
Event: 60.527 GC heap before
{Heap before GC invocations=22 (full 4):
 PSYoungGen      total 450048K, used 119537K [0x00000000d5580000, 0x0000000100000000, 0x0000000100000000)
  eden space 289280K, 0% used [0x00000000d5580000,0x00000000d5580000,0x00000000e7000000)
  from space 160768K, 74% used [0x00000000f6300000,0x00000000fd7bc570,0x0000000100000000)
  to   space 204800K, 0% used [0x00000000e7000000,0x00000000e7000000,0x00000000f3800000)
 ParOldGen       total 449024K, used 448466K [0x0000000080000000, 0x000000009b680000, 0x00000000d5580000)
  object space 449024K, 99% used [0x0000000080000000,0x000000009b5f4b38,0x000000009b680000)
 Metaspace       used 6220K, capacity 7216K, committed 7296K, reserved 1056768K
  class space    used 583K, capacity 616K, committed 640K, reserved 1048576K

Deoptimization events (10 events):
Event: 49.352 Thread 0x00007f004c00a000 Uncommon trap: reason=unstable_if action=reinterpret pc=0x00007f003d65dde8 method=java.util.HashMap$TreeNode.find(ILjava/lang/Object;Ljava/lang/Class;)Ljava/util/HashMap$TreeNode; @ 58
Event: 49.580 Thread 0x00007f004c00a000 Uncommon trap: reason=class_check action=maybe_recompile pc=0x00007f003d7d326c method=com.android.dx.ssa.SCCP.simulateBranch(Lcom/android/dx/ssa/SsaInsn;)V @ 145
Event: 49.580 Thread 0x00007f004c00a000 Uncommon trap: reason=class_check action=maybe_recompile pc=0x00007f003d7d326c method=com.android.dx.ssa.SCCP.simulateBranch(Lcom/android/dx/ssa/SsaInsn;)V @ 145
Event: 49.592 Thread 0x00007f004c00a000 Uncommon trap: reason=unstable_if action=reinterpret pc=0x00007f003d8a1148 method=com.android.dx.ssa.back.IdenticalBlockCombiner.replaceSucc(Lcom/android/dx/rop/code/BasicBlock;II)V @ 30
Event: 50.045 Thread 0x00007f004c00a000 Uncommon trap: reason=unstable_if action=reinterpret pc=0x00007f003d2ba008 method=com.android.dx.ssa.SCCP.run()V @ 257
Event: 50.481 Thread 0x00007f004c00a000 Uncommon trap: reason=unstable_if action=reinterpret pc=0x00007f003d306a60 method=com.android.dx.cf.direct.StdAttributeFactory.parse0(Lcom/android/dx/cf/direct/DirectClassFile;ILjava/lang/String;IILcom/android/dx/cf/iface/ParseObserver;)Lcom/android/dx/cf
Event: 50.849 Thread 0x00007f004c00a000 Uncommon trap: reason=unstable_if action=reinterpret pc=0x00007f003d264908 method=java.lang.Integer.valueOf(I)Ljava/lang/Integer; @ 10
Event: 50.849 Thread 0x00007f004c00a000 Uncommon trap: reason=unstable_if action=reinterpret pc=0x00007f003d30dedc method=java.lang.Integer.valueOf(I)Ljava/lang/Integer; @ 10
Event: 51.459 Thread 0x00007f004c00a000 Uncommon trap: reason=speculate_class_check action=maybe_recompile pc=0x00007f003dc9b5e8 method=com.android.dx.rop.cst.TypedConstant.getBasicType()I @ 1
Event: 51.568 Thread 0x00007f004c00a000 Uncommon trap: reason=unstable_if action=reinterpret pc=0x00007f003d8a7dec method=com.android.dx.cf.code.ConcreteMethod.<init>(Lcom/android/dx/cf/iface/Method;ILcom/android/dx/rop/cst/CstString;ZZ)V @ 14

Internal exceptions (8 events):
Event: 0.045 Thread 0x00007f004c00a000 Exception <a 'java/lang/NoSuchMethodError': Method sun.misc.Unsafe.defineClass(Ljava/lang/String;[BII)Ljava/lang/Class; name or signature does not match> (0x00000000d5587cc0) thrown at [/HUDSON/workspace/8-2-build-linux-amd64/jdk8u91/6644/hotspot/src/shar
Event: 0.045 Thread 0x00007f004c00a000 Exception <a 'java/lang/NoSuchMethodError': Method sun.misc.Unsafe.prefetchRead(Ljava/lang/Object;J)V name or signature does not match> (0x00000000d5587fa8) thrown at [/HUDSON/workspace/8-2-build-linux-amd64/jdk8u91/6644/hotspot/src/share/vm/prims/jni.cpp
Event: 1.449 Thread 0x00007f004c00a000 Implicit null exception at 0x00007f003d33a543 to 0x00007f003d33bc85
Event: 3.346 Thread 0x00007f004c00a000 Exception <a 'java/lang/ArrayIndexOutOfBoundsException': 18> (0x00000000d6725a08) thrown at [/HUDSON/workspace/8-2-build-linux-amd64/jdk8u91/6644/hotspot/src/share/vm/interpreter/interpreterRuntime.cpp, line 366]
Event: 3.346 Thread 0x00007f004c00a000 Exception <a 'java/lang/ArrayIndexOutOfBoundsException': 145> (0x00000000d6727588) thrown at [/HUDSON/workspace/8-2-build-linux-amd64/jdk8u91/6644/hotspot/src/share/vm/interpreter/interpreterRuntime.cpp, line 366]
Event: 3.348 Thread 0x00007f004c00a000 Exception <a 'java/lang/ArrayIndexOutOfBoundsException'> (0x00000000d6728870) thrown at [/HUDSON/workspace/8-2-build-linux-amd64/jdk8u91/6644/hotspot/src/share/vm/runtime/sharedRuntime.cpp, line 605]
Event: 17.529 Thread 0x00007f004c00a000 Implicit null exception at 0x00007f003d968afb to 0x00007f003d969685
Event: 17.838 Thread 0x00007f004c00a000 Implicit null exception at 0x00007f003d8bd362 to 0x00007f003d8be389

Events (10 events):
Event: 51.003 Thread 0x00007f004c00a000 DEOPT UNPACKING pc=0x00007f003d047633 sp=0x00007f0055751948 mode 0
Event: 51.166 Thread 0x00007f004c00a000 DEOPT PACKING pc=0x00007f003dcd35ee sp=0x00007f0055751b20
Event: 51.166 Thread 0x00007f004c00a000 DEOPT UNPACKING pc=0x00007f003d047633 sp=0x00007f0055751948 mode 0
Event: 51.459 Thread 0x00007f004c00a000 Uncommon trap: trap_request=0xffffff76 fr.pc=0x00007f003dc9b5e8
Event: 51.459 Thread 0x00007f004c00a000 DEOPT PACKING pc=0x00007f003dc9b5e8 sp=0x00007f0055751b80
Event: 51.459 Thread 0x00007f004c00a000 DEOPT UNPACKING pc=0x00007f003d005229 sp=0x00007f0055751ac0 mode 2
Event: 51.568 Thread 0x00007f004c00a000 Uncommon trap: trap_request=0xffffff65 fr.pc=0x00007f003d8a7dec
Event: 51.568 Thread 0x00007f004c00a000 DEOPT PACKING pc=0x00007f003d8a7dec sp=0x00007f0055751e00
Event: 51.568 Thread 0x00007f004c00a000 DEOPT UNPACKING pc=0x00007f003d005229 sp=0x00007f0055751da0 mode 2
Event: 51.895 Executing VM operation: ParallelGCFailedAllocation


Dynamic libraries:
00400000-00401000 r-xp 00000000 08:05 11676926                           /usr/lib/jvm/java-8-oracle/jre/bin/java
00600000-00601000 rw-p 00000000 08:05 11676926                           /usr/lib/jvm/java-8-oracle/jre/bin/java
00e81000-00ea2000 rw-p 00000000 00:00 0                                  [heap]
80000000-9b680000 rw-p 00000000 00:00 0 
a7800000-d5580000 ---p 00000000 00:00 0 
d5580000-100000000 rw-p 00000000 00:00 0 
100000000-1000a0000 rw-p 00000000 00:00 0 
1000a0000-140000000 ---p 00000000 00:00 0 
7efffc000000-7efffc021000 rw-p 00000000 00:00 0 
7efffc021000-7f0000000000 ---p 00000000 00:00 0 
7f0004000000-7f0004762000 rw-p 00000000 00:00 0 
7f0004762000-7f0008000000 ---p 00000000 00:00 0 
7f0008000000-7f0008021000 rw-p 00000000 00:00 0 
7f0008021000-7f000c000000 ---p 00000000 00:00 0 
7f000c000000-7f000dd78000 rw-p 00000000 00:00 0 
7f000dd78000-7f0010000000 ---p 00000000 00:00 0 
7f0010000000-7f0012543000 rw-p 00000000 00:00 0 
7f0012543000-7f0014000000 ---p 00000000 00:00 0 
7f0014000000-7f0014021000 rw-p 00000000 00:00 0 
7f0014021000-7f0018000000 ---p 00000000 00:00 0 
7f0018000000-7f0018021000 rw-p 00000000 00:00 0 
7f0018021000-7f001c000000 ---p 00000000 00:00 0 
7f001f640000-7f0020000000 r--p 00000000 08:05 11148265                   /usr/lib/locale/locale-archive
7f0020000000-7f002029e000 rw-p 00000000 00:00 0 
7f002029e000-7f0024000000 ---p 00000000 00:00 0 
7f0024000000-7f0024021000 rw-p 00000000 00:00 0 
7f0024021000-7f0028000000 ---p 00000000 00:00 0 
7f0028000000-7f0028021000 rw-p 00000000 00:00 0 
7f0028021000-7f002c000000 ---p 00000000 00:00 0 
7f002c000000-7f002c021000 rw-p 00000000 00:00 0 
7f002c021000-7f0030000000 ---p 00000000 00:00 0 
7f0030000000-7f0030021000 rw-p 00000000 00:00 0 
7f0030021000-7f0034000000 ---p 00000000 00:00 0 
7f0034000000-7f0038000000 rw-p 00000000 00:00 0 
7f0038000000-7f0038021000 rw-p 00000000 00:00 0 
7f0038021000-7f003c000000 ---p 00000000 00:00 0 
7f003c1f2000-7f003c1f3000 ---p 00000000 00:00 0 
7f003c1f3000-7f003c2f3000 rw-p 00000000 00:00 0 
7f003c2f3000-7f003c2f6000 ---p 00000000 00:00 0 
7f003c2f6000-7f003c3f4000 rw-p 00000000 00:00 0 
7f003c3f4000-7f003c3f7000 ---p 00000000 00:00 0 
7f003c3f7000-7f003c4f5000 rw-p 00000000 00:00 0 
7f003c4f5000-7f003c4f8000 ---p 00000000 00:00 0 
7f003c4f8000-7f003c5f6000 rw-p 00000000 00:00 0 
7f003c5f6000-7f003c5f9000 ---p 00000000 00:00 0 
7f003c5f9000-7f003c6f7000 rw-p 00000000 00:00 0 
7f003c6f7000-7f003c6fa000 ---p 00000000 00:00 0 
7f003c6fa000-7f003c7f8000 rw-p 00000000 00:00 0 
7f003c7f8000-7f003c7fb000 ---p 00000000 00:00 0 
7f003c7fb000-7f003c8f9000 rw-p 00000000 00:00 0 
7f003c8f9000-7f003c8fc000 ---p 00000000 00:00 0 
7f003c8fc000-7f003c9fa000 rw-p 00000000 00:00 0 
7f003c9fa000-7f003c9fb000 ---p 00000000 00:00 0 
7f003c9fb000-7f003d000000 rw-p 00000000 00:00 0 
7f003d000000-7f003dd20000 rwxp 00000000 00:00 0 
7f003dd20000-7f004c000000 ---p 00000000 00:00 0 
7f004c000000-7f004c481000 rw-p 00000000 00:00 0 
7f004c481000-7f0050000000 ---p 00000000 00:00 0 
7f0050001000-7f00500bb000 r--s 00918000 08:05 8661753                    /home/control/AndroidStudioProjects/CitizenReporter/WordPress/build/intermediates/multi-dex/eNCA/release/allclasses.jar
7f00500bb000-7f0050b14000 rw-p 00000000 00:00 0 
7f0050b14000-7f0050ced000 r--s 03d1f000 08:05 11676988                   /usr/lib/jvm/java-8-oracle/jre/lib/rt.jar
7f0050ced000-7f00513e3000 rw-p 00000000 00:00 0 
7f00513e3000-7f0051563000 ---p 00000000 00:00 0 
7f0051563000-7f0051963000 rw-p 00000000 00:00 0 
7f0051963000-7f0051964000 ---p 00000000 00:00 0 
7f0051964000-7f0051a64000 rw-p 00000000 00:00 0 
7f0051a64000-7f0051a65000 ---p 00000000 00:00 0 
7f0051a65000-7f0051b65000 rw-p 00000000 00:00 0 
7f0051b65000-7f0051b66000 ---p 00000000 00:00 0 
7f0051b66000-7f0051c66000 rw-p 00000000 00:00 0 
7f0051c66000-7f0051c67000 ---p 00000000 00:00 0 
7f0051c67000-7f0051e43000 rw-p 00000000 00:00 0 
7f0051e43000-7f0052012000 ---p 00000000 00:00 0 
7f0052012000-7f00520ee000 rw-p 00000000 00:00 0 
7f00520ee000-7f00522bc000 ---p 00000000 00:00 0 
7f00522bc000-7f0052412000 rw-p 00000000 00:00 0 
7f0052412000-7f0052448000 rw-p 00000000 00:00 0 
7f0052448000-7f00527d3000 ---p 00000000 00:00 0 
7f00527d3000-7f00527ed000 r-xp 00000000 08:05 11801227                   /usr/lib/jvm/java-8-oracle/jre/lib/amd64/libzip.so
7f00527ed000-7f00529ed000 ---p 0001a000 08:05 11801227                   /usr/lib/jvm/java-8-oracle/jre/lib/amd64/libzip.so
7f00529ed000-7f00529ee000 rw-p 0001a000 08:05 11801227                   /usr/lib/jvm/java-8-oracle/jre/lib/amd64/libzip.so
7f00529ee000-7f00529f9000 r-xp 00000000 08:05 2232861                    /lib/x86_64-linux-gnu/libnss_files-2.23.so
7f00529f9000-7f0052bf8000 ---p 0000b000 08:05 2232861                    /lib/x86_64-linux-gnu/libnss_files-2.23.so
7f0052bf8000-7f0052bf9000 r--p 0000a000 08:05 2232861                    /lib/x86_64-linux-gnu/libnss_files-2.23.so
7f0052bf9000-7f0052bfa000 rw-p 0000b000 08:05 2232861                    /lib/x86_64-linux-gnu/libnss_files-2.23.so
7f0052bfa000-7f0052c00000 rw-p 00000000 00:00 0 
7f0052c00000-7f0052c0b000 r-xp 00000000 08:05 2232871                    /lib/x86_64-linux-gnu/libnss_nis-2.23.so
7f0052c0b000-7f0052e0a000 ---p 0000b000 08:05 2232871                    /lib/x86_64-linux-gnu/libnss_nis-2.23.so
7f0052e0a000-7f0052e0b000 r--p 0000a000 08:05 2232871                    /lib/x86_64-linux-gnu/libnss_nis-2.23.so
7f0052e0b000-7f0052e0c000 rw-p 0000b000 08:05 2232871                    /lib/x86_64-linux-gnu/libnss_nis-2.23.so
7f0052e0c000-7f0052e22000 r-xp 00000000 08:05 2232855                    /lib/x86_64-linux-gnu/libnsl-2.23.so
7f0052e22000-7f0053021000 ---p 00016000 08:05 2232855                    /lib/x86_64-linux-gnu/libnsl-2.23.so
7f0053021000-7f0053022000 r--p 00015000 08:05 2232855                    /lib/x86_64-linux-gnu/libnsl-2.23.so
7f0053022000-7f0053023000 rw-p 00016000 08:05 2232855                    /lib/x86_64-linux-gnu/libnsl-2.23.so
7f0053023000-7f0053025000 rw-p 00000000 00:00 0 
7f0053025000-7f005302d000 r-xp 00000000 08:05 2232857                    /lib/x86_64-linux-gnu/libnss_compat-2.23.so
7f005302d000-7f005322c000 ---p 00008000 08:05 2232857                    /lib/x86_64-linux-gnu/libnss_compat-2.23.so
7f005322c000-7f005322d000 r--p 00007000 08:05 2232857                    /lib/x86_64-linux-gnu/libnss_compat-2.23.so
7f005322d000-7f005322e000 rw-p 00008000 08:05 2232857                    /lib/x86_64-linux-gnu/libnss_compat-2.23.so
7f005322e000-7f0053258000 r-xp 00000000 08:05 11801222                   /usr/lib/jvm/java-8-oracle/jre/lib/amd64/libjava.so
7f0053258000-7f0053458000 ---p 0002a000 08:05 11801222                   /usr/lib/jvm/java-8-oracle/jre/lib/amd64/libjava.so
7f0053458000-7f005345a000 rw-p 0002a000 08:05 11801222                   /usr/lib/jvm/java-8-oracle/jre/lib/amd64/libjava.so
7f005345a000-7f0053467000 r-xp 00000000 08:05 11801226                   /usr/lib/jvm/java-8-oracle/jre/lib/amd64/libverify.so
7f0053467000-7f0053667000 ---p 0000d000 08:05 11801226                   /usr/lib/jvm/java-8-oracle/jre/lib/amd64/libverify.so
7f0053667000-7f0053669000 rw-p 0000d000 08:05 11801226                   /usr/lib/jvm/java-8-oracle/jre/lib/amd64/libverify.so
7f0053669000-7f0053670000 r-xp 00000000 08:05 2232916                    /lib/x86_64-linux-gnu/librt-2.23.so
7f0053670000-7f005386f000 ---p 00007000 08:05 2232916                    /lib/x86_64-linux-gnu/librt-2.23.so
7f005386f000-7f0053870000 r--p 00006000 08:05 2232916                    /lib/x86_64-linux-gnu/librt-2.23.so
7f0053870000-7f0053871000 rw-p 00007000 08:05 2232916                    /lib/x86_64-linux-gnu/librt-2.23.so
7f0053871000-7f0053979000 r-xp 00000000 08:05 2232832                    /lib/x86_64-linux-gnu/libm-2.23.so
7f0053979000-7f0053b78000 ---p 00108000 08:05 2232832                    /lib/x86_64-linux-gnu/libm-2.23.so
7f0053b78000-7f0053b79000 r--p 00107000 08:05 2232832                    /lib/x86_64-linux-gnu/libm-2.23.so
7f0053b79000-7f0053b7a000 rw-p 00108000 08:05 2232832                    /lib/x86_64-linux-gnu/libm-2.23.so
7f0053b7a000-7f005483a000 r-xp 00000000 08:05 11932031                   /usr/lib/jvm/java-8-oracle/jre/lib/amd64/server/libjvm.so
7f005483a000-7f0054a3a000 ---p 00cc0000 08:05 11932031                   /usr/lib/jvm/java-8-oracle/jre/lib/amd64/server/libjvm.so
7f0054a3a000-7f0054b12000 rw-p 00cc0000 08:05 11932031                   /usr/lib/jvm/java-8-oracle/jre/lib/amd64/server/libjvm.so
7f0054b12000-7f0054b5d000 rw-p 00000000 00:00 0 
7f0054b5d000-7f0054d1d000 r-xp 00000000 08:05 2232762                    /lib/x86_64-linux-gnu/libc-2.23.so
7f0054d1d000-7f0054f1c000 ---p 001c0000 08:05 2232762                    /lib/x86_64-linux-gnu/libc-2.23.so
7f0054f1c000-7f0054f20000 r--p 001bf000 08:05 2232762                    /lib/x86_64-linux-gnu/libc-2.23.so
7f0054f20000-7f0054f22000 rw-p 001c3000 08:05 2232762                    /lib/x86_64-linux-gnu/libc-2.23.so
7f0054f22000-7f0054f26000 rw-p 00000000 00:00 0 
7f0054f26000-7f0054f29000 r-xp 00000000 08:05 2232786                    /lib/x86_64-linux-gnu/libdl-2.23.so
7f0054f29000-7f0055128000 ---p 00003000 08:05 2232786                    /lib/x86_64-linux-gnu/libdl-2.23.so
7f0055128000-7f0055129000 r--p 00002000 08:05 2232786                    /lib/x86_64-linux-gnu/libdl-2.23.so
7f0055129000-7f005512a000 rw-p 00003000 08:05 2232786                    /lib/x86_64-linux-gnu/libdl-2.23.so
7f005512a000-7f005513f000 r-xp 00000000 08:05 11932027                   /usr/lib/jvm/java-8-oracle/jre/lib/amd64/jli/libjli.so
7f005513f000-7f005533f000 ---p 00015000 08:05 11932027                   /usr/lib/jvm/java-8-oracle/jre/lib/amd64/jli/libjli.so
7f005533f000-7f0055340000 rw-p 00015000 08:05 11932027                   /usr/lib/jvm/java-8-oracle/jre/lib/amd64/jli/libjli.so
7f0055340000-7f0055358000 r-xp 00000000 08:05 2232908                    /lib/x86_64-linux-gnu/libpthread-2.23.so
7f0055358000-7f0055557000 ---p 00018000 08:05 2232908                    /lib/x86_64-linux-gnu/libpthread-2.23.so
7f0055557000-7f0055558000 r--p 00017000 08:05 2232908                    /lib/x86_64-linux-gnu/libpthread-2.23.so
7f0055558000-7f0055559000 rw-p 00018000 08:05 2232908                    /lib/x86_64-linux-gnu/libpthread-2.23.so
7f0055559000-7f005555d000 rw-p 00000000 00:00 0 
7f005555d000-7f0055583000 r-xp 00000000 08:05 2232734                    /lib/x86_64-linux-gnu/ld-2.23.so
7f00555d0000-7f0055653000 rw-p 00000000 00:00 0 
7f0055653000-7f0055656000 ---p 00000000 00:00 0 
7f0055656000-7f0055758000 rw-p 00000000 00:00 0 
7f0055768000-7f0055776000 r--s 000dc000 08:05 10487717                   /home/control/Android/Sdk/build-tools/21.1.1/lib/dx.jar
7f0055776000-7f005577e000 rw-s 00000000 08:05 3672543                    /tmp/hsperfdata_control/10456
7f005577e000-7f005577f000 rw-p 00000000 00:00 0 
7f005577f000-7f0055780000 ---p 00000000 00:00 0 
7f0055780000-7f0055782000 rw-p 00000000 00:00 0 
7f0055782000-7f0055783000 r--p 00025000 08:05 2232734                    /lib/x86_64-linux-gnu/ld-2.23.so
7f0055783000-7f0055784000 rw-p 00026000 08:05 2232734                    /lib/x86_64-linux-gnu/ld-2.23.so
7f0055784000-7f0055785000 rw-p 00000000 00:00 0 
7ffddd0d6000-7ffddd0f7000 rw-p 00000000 00:00 0                          [stack]
7ffddd167000-7ffddd169000 r--p 00000000 00:00 0                          [vvar]
7ffddd169000-7ffddd16b000 r-xp 00000000 00:00 0                          [vdso]
ffffffffff600000-ffffffffff601000 r-xp 00000000 00:00 0                  [vsyscall]

VM Arguments:
jvm_args: -Xmx2048M 
java_command: /home/control/Android/Sdk/build-tools/21.1.1/lib/dx.jar --dex --force-jumbo --multi-dex --main-dex-list /home/control/AndroidStudioProjects/CitizenReporter/WordPress/build/intermediates/multi-dex/eNCA/release/maindexlist.txt --output /home/control/AndroidStudioProjects/CitizenReporter/WordPress/build/intermediates/dex/eNCA/release --input-list=/home/control/AndroidStudioProjects/CitizenReporter/WordPress/build/intermediates/tmp/dex/eNCA/release/inputList.txt
java_class_path (initial): /home/control/Android/Sdk/build-tools/21.1.1/lib/dx.jar
Launcher Type: SUN_STANDARD

Environment Variables:
JAVA_HOME=/usr/lib/jvm/java-8-oracle
PATH=/home/control/.local/share/umake/bin:/home/control/bin:/usr/local/sbin:/usr/local/bin:/usr/sbin:/usr/bin:/sbin:/bin:/usr/games:/usr/local/games:/snap/bin:/usr/lib/jvm/java-8-oracle/bin:/usr/lib/jvm/java-8-oracle/db/bin:/usr/lib/jvm/java-8-oracle/jre/bin
LD_LIBRARY_PATH=/home/control/.local/share/umake/android/android-studio/bin:
SHELL=/bin/zsh
DISPLAY=:0

Signal Handlers:
SIGSEGV: [libjvm.so+0xabca10], sa_mask[0]=11111111011111111101111111111110, sa_flags=SA_RESTART|SA_SIGINFO
SIGBUS: [libjvm.so+0xabca10], sa_mask[0]=11111111011111111101111111111110, sa_flags=SA_RESTART|SA_SIGINFO
SIGFPE: [libjvm.so+0x919a20], sa_mask[0]=11111111011111111101111111111110, sa_flags=SA_RESTART|SA_SIGINFO
SIGPIPE: [libjvm.so+0x919a20], sa_mask[0]=11111111011111111101111111111110, sa_flags=SA_RESTART|SA_SIGINFO
SIGXFSZ: [libjvm.so+0x919a20], sa_mask[0]=11111111011111111101111111111110, sa_flags=SA_RESTART|SA_SIGINFO
SIGILL: [libjvm.so+0x919a20], sa_mask[0]=11111111011111111101111111111110, sa_flags=SA_RESTART|SA_SIGINFO
SIGUSR1: SIG_DFL, sa_mask[0]=00000000000000000000000000000000, sa_flags=none
SIGUSR2: [libjvm.so+0x91b050], sa_mask[0]=00100000000000000000000000000000, sa_flags=SA_RESTART|SA_SIGINFO
SIGHUP: [libjvm.so+0x91c450], sa_mask[0]=11111111011111111101111111111110, sa_flags=SA_RESTART|SA_SIGINFO
SIGINT: [libjvm.so+0x91c450], sa_mask[0]=11111111011111111101111111111110, sa_flags=SA_RESTART|SA_SIGINFO
SIGTERM: [libjvm.so+0x91c450], sa_mask[0]=11111111011111111101111111111110, sa_flags=SA_RESTART|SA_SIGINFO
SIGQUIT: [libjvm.so+0x91c450], sa_mask[0]=11111111011111111101111111111110, sa_flags=SA_RESTART|SA_SIGINFO


---------------  S Y S T E M  ---------------

OS:DISTRIB_ID=Ubuntu
DISTRIB_RELEASE=16.04
DISTRIB_CODENAME=xenial
DISTRIB_DESCRIPTION="Ubuntu 16.04 LTS"

uname:Linux 4.4.0-31-generic #50-Ubuntu SMP Wed Jul 13 00:07:12 UTC 2016 x86_64
libc:glibc 2.23 NPTL 2.23 
rlimit: STACK 8192k, CORE 0k, NPROC 23210, NOFILE 65536, AS infinity
load average:5.92 3.35 2.64

/proc/meminfo:
MemTotal:        5980484 kB
MemFree:          113956 kB
MemAvailable:      42788 kB
Buffers:            1148 kB
Cached:           364568 kB
SwapCached:        22848 kB
Active:          4598932 kB
Inactive:        1025676 kB
Active(anon):    4573248 kB
Inactive(anon):  1000504 kB
Active(file):      25684 kB
Inactive(file):    25172 kB
Unevictable:         216 kB
Mlocked:             216 kB
SwapTotal:       1967100 kB
SwapFree:           3224 kB
Dirty:               132 kB
Writeback:             0 kB
AnonPages:       5236892 kB
Mapped:           287864 kB
Shmem:            314348 kB
Slab:             111084 kB
SReclaimable:      65496 kB
SUnreclaim:        45588 kB
KernelStack:       14432 kB
PageTables:        64404 kB
NFS_Unstable:          0 kB
Bounce:                0 kB
WritebackTmp:          0 kB
CommitLimit:     4957340 kB
Committed_AS:   14552168 kB
VmallocTotal:   34359738367 kB
VmallocUsed:           0 kB
VmallocChunk:          0 kB
HardwareCorrupted:     0 kB
AnonHugePages:   1646592 kB
CmaTotal:              0 kB
CmaFree:               0 kB
HugePages_Total:       0
HugePages_Free:        0
HugePages_Rsvd:        0
HugePages_Surp:        0
Hugepagesize:       2048 kB
DirectMap4k:      175872 kB
DirectMap2M:     5986304 kB


CPU:total 4 (2 cores per cpu, 2 threads per core) family 6 model 42 stepping 7, cmov, cx8, fxsr, mmx, sse, sse2, sse3, ssse3, sse4.1, sse4.2, popcnt, avx, clmul, ht, tsc, tscinvbit

/proc/cpuinfo:
processor	: 0
vendor_id	: GenuineIntel
cpu family	: 6
model		: 42
model name	: Intel(R) Core(TM) i3-2375M CPU @ 1.50GHz
stepping	: 7
microcode	: 0x28
cpu MHz		: 893.964
cache size	: 3072 KB
physical id	: 0
siblings	: 4
core id		: 0
cpu cores	: 2
apicid		: 0
initial apicid	: 0
fpu		: yes
fpu_exception	: yes
cpuid level	: 13
wp		: yes
flags		: fpu vme de pse tsc msr pae mce cx8 apic sep mtrr pge mca cmov pat pse36 clflush dts acpi mmx fxsr sse sse2 ss ht tm pbe syscall nx rdtscp lm constant_tsc arch_perfmon pebs bts rep_good nopl xtopology nonstop_tsc aperfmperf eagerfpu pni pclmulqdq dtes64 monitor ds_cpl vmx est tm2 ssse3 cx16 xtpr pdcm pcid sse4_1 sse4_2 x2apic popcnt tsc_deadline_timer xsave avx lahf_lm epb tpr_shadow vnmi flexpriority ept vpid xsaveopt dtherm arat pln pts
bugs		:
bogomips	: 2993.47
clflush size	: 64
cache_alignment	: 64
address sizes	: 36 bits physical, 48 bits virtual
power management:

processor	: 1
vendor_id	: GenuineIntel
cpu family	: 6
model		: 42
model name	: Intel(R) Core(TM) i3-2375M CPU @ 1.50GHz
stepping	: 7
microcode	: 0x28
cpu MHz		: 805.605
cache size	: 3072 KB
physical id	: 0
siblings	: 4
core id		: 0
cpu cores	: 2
apicid		: 1
initial apicid	: 1
fpu		: yes
fpu_exception	: yes
cpuid level	: 13
wp		: yes
flags		: fpu vme de pse tsc msr pae mce cx8 apic sep mtrr pge mca cmov pat pse36 clflush dts acpi mmx fxsr sse sse2 ss ht tm pbe syscall nx rdtscp lm constant_tsc arch_perfmon pebs bts rep_good nopl xtopology nonstop_tsc aperfmperf eagerfpu pni pclmulqdq dtes64 monitor ds_cpl vmx est tm2 ssse3 cx16 xtpr pdcm pcid sse4_1 sse4_2 x2apic popcnt tsc_deadline_timer xsave avx lahf_lm epb tpr_shadow vnmi flexpriority ept vpid xsaveopt dtherm arat pln pts
bugs		:
bogomips	: 2993.47
clflush size	: 64
cache_alignment	: 64
address sizes	: 36 bits physical, 48 bits virtual
power management:

processor	: 2
vendor_id	: GenuineIntel
cpu family	: 6
model		: 42
model name	: Intel(R) Core(TM) i3-2375M CPU @ 1.50GHz
stepping	: 7
microcode	: 0x28
cpu MHz		: 855.351
cache size	: 3072 KB
physical id	: 0
siblings	: 4
core id		: 1
cpu cores	: 2
apicid		: 2
initial apicid	: 2
fpu		: yes
fpu_exception	: yes
cpuid level	: 13
wp		: yes
flags		: fpu vme de pse tsc msr pae mce cx8 apic sep mtrr pge mca cmov pat pse36 clflush dts acpi mmx fxsr sse sse2 ss ht tm pbe syscall nx rdtscp lm constant_tsc arch_perfmon pebs bts rep_good nopl xtopology nonstop_tsc aperfmperf eagerfpu pni pclmulqdq dtes64 monitor ds_cpl vmx est tm2 ssse3 cx16 xtpr pdcm pcid sse4_1 sse4_2 x2apic popcnt tsc_deadline_timer xsave avx lahf_lm epb tpr_shadow vnmi flexpriority ept vpid xsaveopt dtherm arat pln pts
bugs		:
bogomips	: 2993.47
clflush size	: 64
cache_alignment	: 64
address sizes	: 36 bits physical, 48 bits virtual
power management:

processor	: 3
vendor_id	: GenuineIntel
cpu family	: 6
model		: 42
model name	: Intel(R) Core(TM) i3-2375M CPU @ 1.50GHz
stepping	: 7
microcode	: 0x28
cpu MHz		: 803.437
cache size	: 3072 KB
physical id	: 0
siblings	: 4
core id		: 1
cpu cores	: 2
apicid		: 3
initial apicid	: 3
fpu		: yes
fpu_exception	: yes
cpuid level	: 13
wp		: yes
flags		: fpu vme de pse tsc msr pae mce cx8 apic sep mtrr pge mca cmov pat pse36 clflush dts acpi mmx fxsr sse sse2 ss ht tm pbe syscall nx rdtscp lm constant_tsc arch_perfmon pebs bts rep_good nopl xtopology nonstop_tsc aperfmperf eagerfpu pni pclmulqdq dtes64 monitor ds_cpl vmx est tm2 ssse3 cx16 xtpr pdcm pcid sse4_1 sse4_2 x2apic popcnt tsc_deadline_timer xsave avx lahf_lm epb tpr_shadow vnmi flexpriority ept vpid xsaveopt dtherm arat pln pts
bugs		:
bogomips	: 2993.47
clflush size	: 64
cache_alignment	: 64
address sizes	: 36 bits physical, 48 bits virtual
power management:



Memory: 4k page, physical 5980484k(113956k free), swap 1967100k(3224k free)

vm_info: Java HotSpot(TM) 64-Bit Server VM (25.91-b14) for linux-amd64 JRE (1.8.0_91-b14), built on Apr  1 2016 00:57:21 by "java_re" with gcc 4.3.0 20080428 (Red Hat 4.3.0-8)

time: Wed Jul 20 09:15:01 2016
elapsed time: 72 seconds (0d 0h 1m 12s)

