#
# There is insufficient memory for the Java Runtime Environment to continue.
# Native memory allocation (mmap) failed to map 153092096 bytes for committing reserved memory.
# Possible reasons:
#   The system is out of physical RAM or swap space
#   In 32 bit mode, the process size limit was hit
# Possible solutions:
#   Reduce memory load on the system
#   Increase physical memory or swap space
#   Check if swap backing store is full
#   Use 64 bit Java on a 64 bit OS
#   Decrease Java heap size (-Xmx/-Xms)
#   Decrease number of Java threads
#   Decrease Java thread stack sizes (-Xss)
#   Set larger code cache with -XX:ReservedCodeCacheSize=
# This output file may be truncated or incomplete.
#
#  Out of Memory Error (os_linux.cpp:2627), pid=26311, tid=140569809487616
#
# JRE version: Java(TM) SE Runtime Environment (8.0_91-b14) (build 1.8.0_91-b14)
# Java VM: Java HotSpot(TM) 64-Bit Server VM (25.91-b14 mixed mode linux-amd64 compressed oops)
# Failed to write core dump. Core dumps have been disabled. To enable core dumping, try "ulimit -c unlimited" before starting Java again
#

---------------  T H R E A D  ---------------

Current thread (0x00007fd90c13e800):  VMThread [stack: 0x00007fd8f57f8000,0x00007fd8f58f9000] [id=26324]

Stack: [0x00007fd8f57f8000,0x00007fd8f58f9000],  sp=0x00007fd8f58f7220,  free space=1020k
Native frames: (J=compiled Java code, j=interpreted, Vv=VM code, C=native code)
V  [libjvm.so+0xabc18a]  VMError::report_and_die()+0x2ba
V  [libjvm.so+0x4fafeb]  report_vm_out_of_memory(char const*, int, unsigned long, VMErrorType, char const*)+0x8b
V  [libjvm.so+0x91cbb3]  os::Linux::commit_memory_impl(char*, unsigned long, bool)+0x103
V  [libjvm.so+0x91d109]  os::pd_commit_memory(char*, unsigned long, unsigned long, bool)+0x29
V  [libjvm.so+0x91740a]  os::commit_memory(char*, unsigned long, unsigned long, bool)+0x2a
V  [libjvm.so+0x98b033]  PSVirtualSpace::expand_by(unsigned long)+0x53
V  [libjvm.so+0x97b920]  PSOldGen::expand(unsigned long)+0x170
V  [libjvm.so+0x97bb2b]  PSOldGen::resize(unsigned long)+0x1cb
V  [libjvm.so+0x983801]  PSParallelCompact::invoke_no_policy(bool)+0x991
V  [libjvm.so+0x98915d]  PSScavenge::invoke()+0x1ad
V  [libjvm.so+0x9408b0]  ParallelScavengeHeap::failed_mem_allocate(unsigned long)+0x70
V  [libjvm.so+0xabdba7]  VM_ParallelGCFailedAllocation::doit()+0x97
V  [libjvm.so+0xac55d5]  VM_Operation::evaluate()+0x55
V  [libjvm.so+0xac39aa]  VMThread::evaluate_operation(VM_Operation*)+0xba
V  [libjvm.so+0xac3d2e]  VMThread::loop()+0x1ce
V  [libjvm.so+0xac41a0]  VMThread::run()+0x70
V  [libjvm.so+0x91ef78]  java_start(Thread*)+0x108

VM_Operation (0x00007fd91409d7f0): ParallelGCFailedAllocation, mode: safepoint, requested by thread 0x00007fd90c00a000


---------------  P R O C E S S  ---------------

Java Threads: ( => current thread )
  0x00007fd90c19a000 JavaThread "Service Thread" daemon [_thread_blocked, id=26331, stack(0x00007fd8f4731000,0x00007fd8f4832000)]
  0x00007fd90c185000 JavaThread "C1 CompilerThread2" daemon [_thread_blocked, id=26330, stack(0x00007fd8f4832000,0x00007fd8f4933000)]
  0x00007fd90c183000 JavaThread "C2 CompilerThread1" daemon [_thread_blocked, id=26329, stack(0x00007fd8f4933000,0x00007fd8f4a34000)]
  0x00007fd90c180000 JavaThread "C2 CompilerThread0" daemon [_thread_blocked, id=26328, stack(0x00007fd8f4a34000,0x00007fd8f4b35000)]
  0x00007fd90c17e800 JavaThread "Signal Dispatcher" daemon [_thread_blocked, id=26327, stack(0x00007fd8f4b35000,0x00007fd8f4c36000)]
  0x00007fd90c14b000 JavaThread "Finalizer" daemon [_thread_blocked, id=26326, stack(0x00007fd8f55f6000,0x00007fd8f56f7000)]
  0x00007fd90c146800 JavaThread "Reference Handler" daemon [_thread_blocked, id=26325, stack(0x00007fd8f56f7000,0x00007fd8f57f8000)]
  0x00007fd90c00a000 JavaThread "main" [_thread_blocked, id=26319, stack(0x00007fd913f9f000,0x00007fd9140a0000)]

Other Threads:
=>0x00007fd90c13e800 VMThread [stack: 0x00007fd8f57f8000,0x00007fd8f58f9000] [id=26324]
  0x00007fd90c1a5000 WatcherThread [stack: 0x00007fd8f4630000,0x00007fd8f4731000] [id=26332]

VM state:at safepoint (normal execution)

VM Mutex/Monitor currently owned by a thread:  ([mutex/lock_event])
[0x00007fd90c005b20] ExpandHeap_lock - owner thread: 0x00007fd90c13e800
[0x00007fd90c0061a0] Threads_lock - owner thread: 0x00007fd90c13e800
[0x00007fd90c0066a0] Heap_lock - owner thread: 0x00007fd90c00a000

Heap:
 PSYoungGen      total 175104K, used 17875K [0x00000000eab00000, 0x0000000100000000, 0x0000000100000000)
  eden space 115712K, 0% used [0x00000000eab00000,0x00000000eab00000,0x00000000f1c00000)
  from space 59392K, 30% used [0x00000000f1c00000,0x00000000f2d74ea8,0x00000000f5600000)
  to   space 105472K, 0% used [0x00000000f9900000,0x00000000f9900000,0x0000000100000000)
 ParOldGen       total 318976K, used 318919K [0x00000000c0000000, 0x00000000d3780000, 0x00000000eab00000)
  object space 318976K, 99% used [0x00000000c0000000,0x00000000d3771c18,0x00000000d3780000)
 Metaspace       used 5452K, capacity 6608K, committed 6784K, reserved 1056768K
  class space    used 528K, capacity 584K, committed 640K, reserved 1048576K

Card table byte_map: [0x00007fd910b5e000,0x00007fd910d5f000] byte_map_base: 0x00007fd91055e000

Marking Bits: (ParMarkBitMap*) 0x00007fd91347cd60
 Begin Bits: [0x00007fd8f6000000, 0x00007fd8f7000000)
 End Bits:   [0x00007fd8f7000000, 0x00007fd8f8000000)

Polling page: 0x00007fd9140cb000

CodeCache: size=245760Kb used=9036Kb max_used=9093Kb free=236723Kb
 bounds [0x00007fd8fd000000, 0x00007fd8fd8f0000, 0x00007fd90c000000]
 total_blobs=1908 nmethods=1646 adapters=176
 compilation: enabled

Compilation events (10 events):
Event: 23.611 Thread 0x00007fd90c180000 1660   !   4       com.android.dx.cf.cst.ConstantPoolParser::determineOffsets (285 bytes)
Event: 23.612 Thread 0x00007fd90c183000 1661       4       com.android.dx.cf.cst.ConstantPoolParser::parse (365 bytes)
Event: 23.618 Thread 0x00007fd90c180000 nmethod 1660 0x00007fd8fd886b50 code [0x00007fd8fd886da0, 0x00007fd8fd887158]
Event: 23.636 Thread 0x00007fd90c183000 nmethod 1661 0x00007fd8fd8ad410 code [0x00007fd8fd8ad6a0, 0x00007fd8fd8add08]
Event: 23.847 Thread 0x00007fd90c180000 1662       4       com.android.dx.dex.cf.CfTranslator::translate0 (259 bytes)
Event: 24.180 Thread 0x00007fd90c185000 1663       3       com.android.dx.rop.cst.CstLiteral64::equals (36 bytes)
Event: 24.181 Thread 0x00007fd90c185000 nmethod 1663 0x00007fd8fd886490 code [0x00007fd8fd886600, 0x00007fd8fd886a50]
Event: 24.406 Thread 0x00007fd90c185000 1664   !   3       com.android.dx.cf.code.BasicBlocker::doit (156 bytes)
Event: 24.410 Thread 0x00007fd90c185000 nmethod 1664 0x00007fd8fd8ab110 code [0x00007fd8fd8ab3a0, 0x00007fd8fd8ac6f8]
Event: 24.817 Thread 0x00007fd90c180000 nmethod 1662 0x00007fd8fd8d0610 code [0x00007fd8fd8d11e0, 0x00007fd8fd8dc7e8]

GC Heap History (10 events):
Event: 17.773 GC heap after
Heap after GC invocations=8 (full 3):
 PSYoungGen      total 92672K, used 0K [0x00000000eab00000, 0x00000000f1000000, 0x0000000100000000)
  eden space 89088K, 0% used [0x00000000eab00000,0x00000000eab00000,0x00000000f0200000)
  from space 3584K, 0% used [0x00000000f0c80000,0x00000000f0c80000,0x00000000f1000000)
  to   space 3584K, 0% used [0x00000000f0900000,0x00000000f0900000,0x00000000f0c80000)
 ParOldGen       total 242688K, used 163419K [0x00000000c0000000, 0x00000000ced00000, 0x00000000eab00000)
  object space 242688K, 67% used [0x00000000c0000000,0x00000000c9f96d88,0x00000000ced00000)
 Metaspace       used 5437K, capacity 6608K, committed 6784K, reserved 1056768K
  class space    used 527K, capacity 584K, committed 640K, reserved 1048576K
}
Event: 18.919 GC heap before
{Heap before GC invocations=9 (full 3):
 PSYoungGen      total 92672K, used 89088K [0x00000000eab00000, 0x00000000f1000000, 0x0000000100000000)
  eden space 89088K, 100% used [0x00000000eab00000,0x00000000f0200000,0x00000000f0200000)
  from space 3584K, 0% used [0x00000000f0c80000,0x00000000f0c80000,0x00000000f1000000)
  to   space 3584K, 0% used [0x00000000f0900000,0x00000000f0900000,0x00000000f0c80000)
 ParOldGen       total 242688K, used 163419K [0x00000000c0000000, 0x00000000ced00000, 0x00000000eab00000)
  object space 242688K, 67% used [0x00000000c0000000,0x00000000c9f96d88,0x00000000ced00000)
 Metaspace       used 5445K, capacity 6608K, committed 6784K, reserved 1056768K
  class space    used 527K, capacity 584K, committed 640K, reserved 1048576K
Event: 19.118 GC heap after
Heap after GC invocations=9 (full 3):
 PSYoungGen      total 99840K, used 3571K [0x00000000eab00000, 0x00000000f8400000, 0x0000000100000000)
  eden space 96256K, 0% used [0x00000000eab00000,0x00000000eab00000,0x00000000f0900000)
  from space 3584K, 99% used [0x00000000f0900000,0x00000000f0c7cfc8,0x00000000f0c80000)
  to   space 47104K, 0% used [0x00000000f5600000,0x00000000f5600000,0x00000000f8400000)
 ParOldGen       total 242688K, used 204904K [0x00000000c0000000, 0x00000000ced00000, 0x00000000eab00000)
  object space 242688K, 84% used [0x00000000c0000000,0x00000000cc81a2a0,0x00000000ced00000)
 Metaspace       used 5445K, capacity 6608K, committed 6784K, reserved 1056768K
  class space    used 527K, capacity 584K, committed 640K, reserved 1048576K
}
Event: 19.119 GC heap before
{Heap before GC invocations=10 (full 4):
 PSYoungGen      total 99840K, used 3571K [0x00000000eab00000, 0x00000000f8400000, 0x0000000100000000)
  eden space 96256K, 0% used [0x00000000eab00000,0x00000000eab00000,0x00000000f0900000)
  from space 3584K, 99% used [0x00000000f0900000,0x00000000f0c7cfc8,0x00000000f0c80000)
  to   space 47104K, 0% used [0x00000000f5600000,0x00000000f5600000,0x00000000f8400000)
 ParOldGen       total 242688K, used 204904K [0x00000000c0000000, 0x00000000ced00000, 0x00000000eab00000)
  object space 242688K, 84% used [0x00000000c0000000,0x00000000cc81a2a0,0x00000000ced00000)
 Metaspace       used 5445K, capacity 6608K, committed 6784K, reserved 1056768K
  class space    used 527K, capacity 584K, committed 640K, reserved 1048576K
Event: 20.586 GC heap after
Heap after GC invocations=10 (full 4):
 PSYoungGen      total 99840K, used 0K [0x00000000eab00000, 0x00000000f8400000, 0x0000000100000000)
  eden space 96256K, 0% used [0x00000000eab00000,0x00000000eab00000,0x00000000f0900000)
  from space 3584K, 0% used [0x00000000f0900000,0x00000000f0900000,0x00000000f0c80000)
  to   space 47104K, 0% used [0x00000000f5600000,0x00000000f5600000,0x00000000f8400000)
 ParOldGen       total 318976K, used 206187K [0x00000000c0000000, 0x00000000d3780000, 0x00000000eab00000)
  object space 318976K, 64% used [0x00000000c0000000,0x00000000cc95acd8,0x00000000d3780000)
 Metaspace       used 5445K, capacity 6608K, committed 6784K, reserved 1056768K
  class space    used 527K, capacity 584K, committed 640K, reserved 1048576K
}
Event: 22.288 GC heap before
{Heap before GC invocations=11 (full 4):
 PSYoungGen      total 99840K, used 96256K [0x00000000eab00000, 0x00000000f8400000, 0x0000000100000000)
  eden space 96256K, 100% used [0x00000000eab00000,0x00000000f0900000,0x00000000f0900000)
  from space 3584K, 0% used [0x00000000f0900000,0x00000000f0900000,0x00000000f0c80000)
  to   space 47104K, 0% used [0x00000000f5600000,0x00000000f5600000,0x00000000f8400000)
 ParOldGen       total 318976K, used 206187K [0x00000000c0000000, 0x00000000d3780000, 0x00000000eab00000)
  object space 318976K, 64% used [0x00000000c0000000,0x00000000cc95acd8,0x00000000d3780000)
 Metaspace       used 5451K, capacity 6608K, committed 6784K, reserved 1056768K
  class space    used 528K, capacity 584K, committed 640K, reserved 1048576K
Event: 22.443 GC heap after
Heap after GC invocations=11 (full 4):
 PSYoungGen      total 162816K, used 47098K [0x00000000eab00000, 0x00000000f9c80000, 0x0000000100000000)
  eden space 115712K, 0% used [0x00000000eab00000,0x00000000eab00000,0x00000000f1c00000)
  from space 47104K, 99% used [0x00000000f5600000,0x00000000f83fe8a8,0x00000000f8400000)
  to   space 59392K, 0% used [0x00000000f1c00000,0x00000000f1c00000,0x00000000f5600000)
 ParOldGen       total 318976K, used 212289K [0x00000000c0000000, 0x00000000d3780000, 0x00000000eab00000)
  object space 318976K, 66% used [0x00000000c0000000,0x00000000ccf504b0,0x00000000d3780000)
 Metaspace       used 5451K, capacity 6608K, committed 6784K, reserved 1056768K
  class space    used 528K, capacity 584K, committed 640K, reserved 1048576K
}
Event: 25.436 GC heap before
{Heap before GC invocations=12 (full 4):
 PSYoungGen      total 162816K, used 162810K [0x00000000eab00000, 0x00000000f9c80000, 0x0000000100000000)
  eden space 115712K, 100% used [0x00000000eab00000,0x00000000f1c00000,0x00000000f1c00000)
  from space 47104K, 99% used [0x00000000f5600000,0x00000000f83fe8a8,0x00000000f8400000)
  to   space 59392K, 0% used [0x00000000f1c00000,0x00000000f1c00000,0x00000000f5600000)
 ParOldGen       total 318976K, used 212289K [0x00000000c0000000, 0x00000000d3780000, 0x00000000eab00000)
  object space 318976K, 66% used [0x00000000c0000000,0x00000000ccf504b0,0x00000000d3780000)
 Metaspace       used 5452K, capacity 6608K, committed 6784K, reserved 1056768K
  class space    used 528K, capacity 584K, committed 640K, reserved 1048576K
Event: 37.053 GC heap after
Heap after GC invocations=12 (full 4):
 PSYoungGen      total 175104K, used 59388K [0x00000000eab00000, 0x0000000100000000, 0x0000000100000000)
  eden space 115712K, 0% used [0x00000000eab00000,0x00000000eab00000,0x00000000f1c00000)
  from space 59392K, 99% used [0x00000000f1c00000,0x00000000f55ff130,0x00000000f5600000)
  to   space 105472K, 0% used [0x00000000f9900000,0x00000000f9900000,0x0000000100000000)
 ParOldGen       total 318976K, used 282742K [0x00000000c0000000, 0x00000000d3780000, 0x00000000eab00000)
  object space 318976K, 88% used [0x00000000c0000000,0x00000000d141dae0,0x00000000d3780000)
 Metaspace       used 5452K, capacity 6608K, committed 6784K, reserved 1056768K
  class space    used 528K, capacity 584K, committed 640K, reserved 1048576K
}
Event: 37.054 GC heap before
{Heap before GC invocations=13 (full 5):
 PSYoungGen      total 175104K, used 59388K [0x00000000eab00000, 0x0000000100000000, 0x0000000100000000)
  eden space 115712K, 0% used [0x00000000eab00000,0x00000000eab00000,0x00000000f1c00000)
  from space 59392K, 99% used [0x00000000f1c00000,0x00000000f55ff130,0x00000000f5600000)
  to   space 105472K, 0% used [0x00000000f9900000,0x00000000f9900000,0x0000000100000000)
 ParOldGen       total 318976K, used 282742K [0x00000000c0000000, 0x00000000d3780000, 0x00000000eab00000)
  object space 318976K, 88% used [0x00000000c0000000,0x00000000d141dae0,0x00000000d3780000)
 Metaspace       used 5452K, capacity 6608K, committed 6784K, reserved 1056768K
  class space    used 528K, capacity 584K, committed 640K, reserved 1048576K

Deoptimization events (10 events):
Event: 16.331 Thread 0x00007fd90c00a000 Uncommon trap: reason=bimorphic action=maybe_recompile pc=0x00007fd8fd5d9ffc method=com.android.dx.cf.code.OneLocalsArray.set(ILcom/android/dx/rop/type/TypeBearer;)V @ 85
Event: 16.466 Thread 0x00007fd90c00a000 Uncommon trap: reason=unstable_if action=reinterpret pc=0x00007fd8fd6bd0d4 method=com.android.dx.cf.code.Merger.mergeType(Lcom/android/dx/rop/type/TypeBearer;Lcom/android/dx/rop/type/TypeBearer;)Lcom/android/dx/rop/type/TypeBearer; @ 77
Event: 17.834 Thread 0x00007fd90c00a000 Uncommon trap: reason=bimorphic action=maybe_recompile pc=0x00007fd8fd6febd8 method=com.android.dx.cf.code.BytecodeArray.parseInstruction(ILcom/android/dx/cf/code/BytecodeArray$Visitor;)I @ 2554
Event: 17.835 Thread 0x00007fd90c00a000 Uncommon trap: reason=bimorphic action=maybe_recompile pc=0x00007fd8fd6febd8 method=com.android.dx.cf.code.BytecodeArray.parseInstruction(ILcom/android/dx/cf/code/BytecodeArray$Visitor;)I @ 2554
Event: 17.870 Thread 0x00007fd90c00a000 Uncommon trap: reason=unstable_if action=reinterpret pc=0x00007fd8fd6f4074 method=com.android.dx.dex.code.OutputFinisher.hasLocalInfo(Lcom/android/dx/rop/code/RegisterSpec;)Z @ 1
Event: 18.185 Thread 0x00007fd90c00a000 Uncommon trap: reason=unstable_if action=reinterpret pc=0x00007fd8fd6482b0 method=com.android.dx.rop.code.LocalItem.compareHandlesNulls(Lcom/android/dx/rop/cst/CstString;Lcom/android/dx/rop/cst/CstString;)I @ 14
Event: 18.673 Thread 0x00007fd90c00a000 Uncommon trap: reason=unstable_if action=reinterpret pc=0x00007fd8fd673f54 method=com.android.dx.cf.code.Merger.isPossiblyAssignableFrom(Lcom/android/dx/rop/type/TypeBearer;Lcom/android/dx/rop/type/TypeBearer;)Z @ 177
Event: 21.172 Thread 0x00007fd90c00a000 Uncommon trap: reason=bimorphic action=maybe_recompile pc=0x00007fd8fd5d9ffc method=com.android.dx.cf.code.OneLocalsArray.set(ILcom/android/dx/rop/type/TypeBearer;)V @ 85
Event: 21.285 Thread 0x00007fd90c00a000 Uncommon trap: reason=unstable_if action=reinterpret pc=0x00007fd8fd15e0a4 method=java.util.zip.ZipFile$ZipEntryIterator.hasNext()Z @ 25
Event: 21.386 Thread 0x00007fd90c00a000 Uncommon trap: reason=unstable_if action=reinterpret pc=0x00007fd8fd51552c method=com.android.dx.util.IntList.binarysearch(I)I @ 16

Internal exceptions (7 events):
Event: 0.119 Thread 0x00007fd90c00a000 Exception <a 'java/lang/NoSuchMethodError': Method sun.misc.Unsafe.defineClass(Ljava/lang/String;[BII)Ljava/lang/Class; name or signature does not match> (0x00000000eab07cc0) thrown at [/HUDSON/workspace/8-2-build-linux-amd64/jdk8u91/6644/hotspot/src/shar
Event: 0.119 Thread 0x00007fd90c00a000 Exception <a 'java/lang/NoSuchMethodError': Method sun.misc.Unsafe.prefetchRead(Ljava/lang/Object;J)V name or signature does not match> (0x00000000eab07fa8) thrown at [/HUDSON/workspace/8-2-build-linux-amd64/jdk8u91/6644/hotspot/src/share/vm/prims/jni.cpp
Event: 12.832 Thread 0x00007fd90c00a000 Exception <a 'java/lang/ArrayIndexOutOfBoundsException': 18> (0x00000000ed1e6488) thrown at [/HUDSON/workspace/8-2-build-linux-amd64/jdk8u91/6644/hotspot/src/share/vm/interpreter/interpreterRuntime.cpp, line 366]
Event: 12.832 Thread 0x00007fd90c00a000 Exception <a 'java/lang/ArrayIndexOutOfBoundsException': 145> (0x00000000ed1e8008) thrown at [/HUDSON/workspace/8-2-build-linux-amd64/jdk8u91/6644/hotspot/src/share/vm/interpreter/interpreterRuntime.cpp, line 366]
Event: 12.888 Thread 0x00007fd90c00a000 Exception <a 'java/lang/ArrayIndexOutOfBoundsException'> (0x00000000ed1e92f0) thrown at [/HUDSON/workspace/8-2-build-linux-amd64/jdk8u91/6644/hotspot/src/share/vm/runtime/sharedRuntime.cpp, line 605]
Event: 17.870 Thread 0x00007fd90c00a000 Implicit null exception at 0x00007fd8fd6f2fa5 to 0x00007fd8fd6f4051
Event: 18.184 Thread 0x00007fd90c00a000 Implicit null exception at 0x00007fd8fd647cc0 to 0x00007fd8fd648271

Events (10 events):
Event: 23.611 Thread 0x00007fd90c00a000 DEOPT UNPACKING pc=0x00007fd8fd047633 sp=0x00007fd91409d9e0 mode 0
Event: 23.612 Thread 0x00007fd90c00a000 DEOPT PACKING pc=0x00007fd8fd55818b sp=0x00007fd91409dd00
Event: 23.612 Thread 0x00007fd90c00a000 DEOPT UNPACKING pc=0x00007fd8fd047633 sp=0x00007fd91409db30 mode 0
Event: 23.847 Thread 0x00007fd90c00a000 DEOPT PACKING pc=0x00007fd8fd57f07c sp=0x00007fd91409e060
Event: 23.847 Thread 0x00007fd90c00a000 DEOPT UNPACKING pc=0x00007fd8fd047633 sp=0x00007fd91409de60 mode 0
Event: 24.392 Thread 0x00007fd90c00a000 DEOPT PACKING pc=0x00007fd8fd57f07c sp=0x00007fd91409e060
Event: 24.392 Thread 0x00007fd90c00a000 DEOPT UNPACKING pc=0x00007fd8fd047633 sp=0x00007fd91409de60 mode 0
Event: 24.406 Thread 0x00007fd90c00a000 DEOPT PACKING pc=0x00007fd8fd444801 sp=0x00007fd91409dbc0
Event: 24.406 Thread 0x00007fd90c00a000 DEOPT UNPACKING pc=0x00007fd8fd047633 sp=0x00007fd91409d8e8 mode 0
Event: 25.435 Executing VM operation: ParallelGCFailedAllocation


Dynamic libraries:
00400000-00401000 r-xp 00000000 08:05 11676926                           /usr/lib/jvm/java-8-oracle/jre/bin/java
00600000-00601000 rw-p 00000000 08:05 11676926                           /usr/lib/jvm/java-8-oracle/jre/bin/java
01b5f000-01b80000 rw-p 00000000 00:00 0                                  [heap]
c0000000-d3780000 rw-p 00000000 00:00 0 
dc980000-eab00000 ---p 00000000 00:00 0 
eab00000-100000000 rw-p 00000000 00:00 0 
100000000-1000a0000 rw-p 00000000 00:00 0 
1000a0000-140000000 ---p 00000000 00:00 0 
7fd8c0000000-7fd8c0021000 rw-p 00000000 00:00 0 
7fd8c0021000-7fd8c4000000 ---p 00000000 00:00 0 
7fd8c4000000-7fd8c4021000 rw-p 00000000 00:00 0 
7fd8c4021000-7fd8c8000000 ---p 00000000 00:00 0 
7fd8c8000000-7fd8ca561000 rw-p 00000000 00:00 0 
7fd8ca561000-7fd8cc000000 ---p 00000000 00:00 0 
7fd8cc000000-7fd8ccadf000 rw-p 00000000 00:00 0 
7fd8ccadf000-7fd8d0000000 ---p 00000000 00:00 0 
7fd8d0000000-7fd8d0021000 rw-p 00000000 00:00 0 
7fd8d0021000-7fd8d4000000 ---p 00000000 00:00 0 
7fd8d4000000-7fd8d5dbd000 rw-p 00000000 00:00 0 
7fd8d5dbd000-7fd8d8000000 ---p 00000000 00:00 0 
7fd8d8000000-7fd8d8021000 rw-p 00000000 00:00 0 
7fd8d8021000-7fd8dc000000 ---p 00000000 00:00 0 
7fd8dc000000-7fd8dc021000 rw-p 00000000 00:00 0 
7fd8dc021000-7fd8e0000000 ---p 00000000 00:00 0 
7fd8e0000000-7fd8e0021000 rw-p 00000000 00:00 0 
7fd8e0021000-7fd8e4000000 ---p 00000000 00:00 0 
7fd8e4000000-7fd8e428f000 rw-p 00000000 00:00 0 
7fd8e428f000-7fd8e8000000 ---p 00000000 00:00 0 
7fd8e8000000-7fd8e8021000 rw-p 00000000 00:00 0 
7fd8e8021000-7fd8ec000000 ---p 00000000 00:00 0 
7fd8f0000000-7fd8f009f000 rw-p 00000000 00:00 0 
7fd8f009f000-7fd8f4000000 ---p 00000000 00:00 0 
7fd8f4630000-7fd8f4631000 ---p 00000000 00:00 0 
7fd8f4631000-7fd8f4731000 rw-p 00000000 00:00 0 
7fd8f4731000-7fd8f4734000 ---p 00000000 00:00 0 
7fd8f4734000-7fd8f4832000 rw-p 00000000 00:00 0 
7fd8f4832000-7fd8f4835000 ---p 00000000 00:00 0 
7fd8f4835000-7fd8f4933000 rw-p 00000000 00:00 0 
7fd8f4933000-7fd8f4936000 ---p 00000000 00:00 0 
7fd8f4936000-7fd8f4a34000 rw-p 00000000 00:00 0 
7fd8f4a34000-7fd8f4a37000 ---p 00000000 00:00 0 
7fd8f4a37000-7fd8f4b35000 rw-p 00000000 00:00 0 
7fd8f4b35000-7fd8f4b38000 ---p 00000000 00:00 0 
7fd8f4b38000-7fd8f4c36000 rw-p 00000000 00:00 0 
7fd8f4c36000-7fd8f55f6000 r--p 00000000 08:05 11148265                   /usr/lib/locale/locale-archive
7fd8f55f6000-7fd8f55f9000 ---p 00000000 00:00 0 
7fd8f55f9000-7fd8f56f7000 rw-p 00000000 00:00 0 
7fd8f56f7000-7fd8f56fa000 ---p 00000000 00:00 0 
7fd8f56fa000-7fd8f57f8000 rw-p 00000000 00:00 0 
7fd8f57f8000-7fd8f57f9000 ---p 00000000 00:00 0 
7fd8f57f9000-7fd8f8000000 rw-p 00000000 00:00 0 
7fd8f8000000-7fd8f8021000 rw-p 00000000 00:00 0 
7fd8f8021000-7fd8fc000000 ---p 00000000 00:00 0 
7fd8fc0f9000-7fd8fce00000 rw-p 00000000 00:00 0 
7fd8fce00000-7fd8fd000000 ---p 00000000 00:00 0 
7fd8fd000000-7fd8fd8f0000 rwxp 00000000 00:00 0 
7fd8fd8f0000-7fd90c000000 ---p 00000000 00:00 0 
7fd90c000000-7fd90c468000 rw-p 00000000 00:00 0 
7fd90c468000-7fd910000000 ---p 00000000 00:00 0 
7fd91000f000-7fd9100b4000 r--s 0082b000 08:05 9445250                    /home/control/AndroidStudioProjects/CitizenReporter/WordPress/build/intermediates/multi-dex/vanilla/debug/allclasses.jar
7fd9100b4000-7fd9101b5000 rw-p 00000000 00:00 0 
7fd9101b5000-7fd91038e000 r--s 03d1f000 08:05 11676988                   /usr/lib/jvm/java-8-oracle/jre/lib/rt.jar
7fd91038e000-7fd910604000 rw-p 00000000 00:00 0 
7fd910604000-7fd910605000 ---p 00000000 00:00 0 
7fd910605000-7fd910705000 rw-p 00000000 00:00 0 
7fd910705000-7fd910706000 ---p 00000000 00:00 0 
7fd910706000-7fd910806000 rw-p 00000000 00:00 0 
7fd910806000-7fd910807000 ---p 00000000 00:00 0 
7fd910807000-7fd910907000 rw-p 00000000 00:00 0 
7fd910907000-7fd910908000 ---p 00000000 00:00 0 
7fd910908000-7fd910aa4000 rw-p 00000000 00:00 0 
7fd910aa4000-7fd910b5e000 ---p 00000000 00:00 0 
7fd910b5e000-7fd910bfa000 rw-p 00000000 00:00 0 
7fd910bfa000-7fd910cb3000 ---p 00000000 00:00 0 
7fd910cb3000-7fd910d5e000 rw-p 00000000 00:00 0 
7fd910d5e000-7fd910d83000 rw-p 00000000 00:00 0 
7fd910d83000-7fd91111f000 ---p 00000000 00:00 0 
7fd91111f000-7fd911139000 r-xp 00000000 08:05 11801227                   /usr/lib/jvm/java-8-oracle/jre/lib/amd64/libzip.so
7fd911139000-7fd911339000 ---p 0001a000 08:05 11801227                   /usr/lib/jvm/java-8-oracle/jre/lib/amd64/libzip.so
7fd911339000-7fd91133a000 rw-p 0001a000 08:05 11801227                   /usr/lib/jvm/java-8-oracle/jre/lib/amd64/libzip.so
7fd91133a000-7fd911345000 r-xp 00000000 08:05 2232861                    /lib/x86_64-linux-gnu/libnss_files-2.23.so
7fd911345000-7fd911544000 ---p 0000b000 08:05 2232861                    /lib/x86_64-linux-gnu/libnss_files-2.23.so
7fd911544000-7fd911545000 r--p 0000a000 08:05 2232861                    /lib/x86_64-linux-gnu/libnss_files-2.23.so
7fd911545000-7fd911546000 rw-p 0000b000 08:05 2232861                    /lib/x86_64-linux-gnu/libnss_files-2.23.so
7fd911546000-7fd91154c000 rw-p 00000000 00:00 0 
7fd91154c000-7fd911557000 r-xp 00000000 08:05 2232871                    /lib/x86_64-linux-gnu/libnss_nis-2.23.so
7fd911557000-7fd911756000 ---p 0000b000 08:05 2232871                    /lib/x86_64-linux-gnu/libnss_nis-2.23.so
7fd911756000-7fd911757000 r--p 0000a000 08:05 2232871                    /lib/x86_64-linux-gnu/libnss_nis-2.23.so
7fd911757000-7fd911758000 rw-p 0000b000 08:05 2232871                    /lib/x86_64-linux-gnu/libnss_nis-2.23.so
7fd911758000-7fd91176e000 r-xp 00000000 08:05 2232855                    /lib/x86_64-linux-gnu/libnsl-2.23.so
7fd91176e000-7fd91196d000 ---p 00016000 08:05 2232855                    /lib/x86_64-linux-gnu/libnsl-2.23.so
7fd91196d000-7fd91196e000 r--p 00015000 08:05 2232855                    /lib/x86_64-linux-gnu/libnsl-2.23.so
7fd91196e000-7fd91196f000 rw-p 00016000 08:05 2232855                    /lib/x86_64-linux-gnu/libnsl-2.23.so
7fd91196f000-7fd911971000 rw-p 00000000 00:00 0 
7fd911971000-7fd911979000 r-xp 00000000 08:05 2232857                    /lib/x86_64-linux-gnu/libnss_compat-2.23.so
7fd911979000-7fd911b78000 ---p 00008000 08:05 2232857                    /lib/x86_64-linux-gnu/libnss_compat-2.23.so
7fd911b78000-7fd911b79000 r--p 00007000 08:05 2232857                    /lib/x86_64-linux-gnu/libnss_compat-2.23.so
7fd911b79000-7fd911b7a000 rw-p 00008000 08:05 2232857                    /lib/x86_64-linux-gnu/libnss_compat-2.23.so
7fd911b7a000-7fd911ba4000 r-xp 00000000 08:05 11801222                   /usr/lib/jvm/java-8-oracle/jre/lib/amd64/libjava.so
7fd911ba4000-7fd911da4000 ---p 0002a000 08:05 11801222                   /usr/lib/jvm/java-8-oracle/jre/lib/amd64/libjava.so
7fd911da4000-7fd911da6000 rw-p 0002a000 08:05 11801222                   /usr/lib/jvm/java-8-oracle/jre/lib/amd64/libjava.so
7fd911da6000-7fd911db3000 r-xp 00000000 08:05 11801226                   /usr/lib/jvm/java-8-oracle/jre/lib/amd64/libverify.so
7fd911db3000-7fd911fb3000 ---p 0000d000 08:05 11801226                   /usr/lib/jvm/java-8-oracle/jre/lib/amd64/libverify.so
7fd911fb3000-7fd911fb5000 rw-p 0000d000 08:05 11801226                   /usr/lib/jvm/java-8-oracle/jre/lib/amd64/libverify.so
7fd911fb5000-7fd911fbc000 r-xp 00000000 08:05 2232916                    /lib/x86_64-linux-gnu/librt-2.23.so
7fd911fbc000-7fd9121bb000 ---p 00007000 08:05 2232916                    /lib/x86_64-linux-gnu/librt-2.23.so
7fd9121bb000-7fd9121bc000 r--p 00006000 08:05 2232916                    /lib/x86_64-linux-gnu/librt-2.23.so
7fd9121bc000-7fd9121bd000 rw-p 00007000 08:05 2232916                    /lib/x86_64-linux-gnu/librt-2.23.so
7fd9121bd000-7fd9122c5000 r-xp 00000000 08:05 2232832                    /lib/x86_64-linux-gnu/libm-2.23.so
7fd9122c5000-7fd9124c4000 ---p 00108000 08:05 2232832                    /lib/x86_64-linux-gnu/libm-2.23.so
7fd9124c4000-7fd9124c5000 r--p 00107000 08:05 2232832                    /lib/x86_64-linux-gnu/libm-2.23.so
7fd9124c5000-7fd9124c6000 rw-p 00108000 08:05 2232832                    /lib/x86_64-linux-gnu/libm-2.23.so
7fd9124c6000-7fd913186000 r-xp 00000000 08:05 11932031                   /usr/lib/jvm/java-8-oracle/jre/lib/amd64/server/libjvm.so
7fd913186000-7fd913386000 ---p 00cc0000 08:05 11932031                   /usr/lib/jvm/java-8-oracle/jre/lib/amd64/server/libjvm.so
7fd913386000-7fd91345e000 rw-p 00cc0000 08:05 11932031                   /usr/lib/jvm/java-8-oracle/jre/lib/amd64/server/libjvm.so
7fd91345e000-7fd9134a9000 rw-p 00000000 00:00 0 
7fd9134a9000-7fd913669000 r-xp 00000000 08:05 2232762                    /lib/x86_64-linux-gnu/libc-2.23.so
7fd913669000-7fd913868000 ---p 001c0000 08:05 2232762                    /lib/x86_64-linux-gnu/libc-2.23.so
7fd913868000-7fd91386c000 r--p 001bf000 08:05 2232762                    /lib/x86_64-linux-gnu/libc-2.23.so
7fd91386c000-7fd91386e000 rw-p 001c3000 08:05 2232762                    /lib/x86_64-linux-gnu/libc-2.23.so
7fd91386e000-7fd913872000 rw-p 00000000 00:00 0 
7fd913872000-7fd913875000 r-xp 00000000 08:05 2232786                    /lib/x86_64-linux-gnu/libdl-2.23.so
7fd913875000-7fd913a74000 ---p 00003000 08:05 2232786                    /lib/x86_64-linux-gnu/libdl-2.23.so
7fd913a74000-7fd913a75000 r--p 00002000 08:05 2232786                    /lib/x86_64-linux-gnu/libdl-2.23.so
7fd913a75000-7fd913a76000 rw-p 00003000 08:05 2232786                    /lib/x86_64-linux-gnu/libdl-2.23.so
7fd913a76000-7fd913a8b000 r-xp 00000000 08:05 11932027                   /usr/lib/jvm/java-8-oracle/jre/lib/amd64/jli/libjli.so
7fd913a8b000-7fd913c8b000 ---p 00015000 08:05 11932027                   /usr/lib/jvm/java-8-oracle/jre/lib/amd64/jli/libjli.so
7fd913c8b000-7fd913c8c000 rw-p 00015000 08:05 11932027                   /usr/lib/jvm/java-8-oracle/jre/lib/amd64/jli/libjli.so
7fd913c8c000-7fd913ca4000 r-xp 00000000 08:05 2232908                    /lib/x86_64-linux-gnu/libpthread-2.23.so
7fd913ca4000-7fd913ea3000 ---p 00018000 08:05 2232908                    /lib/x86_64-linux-gnu/libpthread-2.23.so
7fd913ea3000-7fd913ea4000 r--p 00017000 08:05 2232908                    /lib/x86_64-linux-gnu/libpthread-2.23.so
7fd913ea4000-7fd913ea5000 rw-p 00018000 08:05 2232908                    /lib/x86_64-linux-gnu/libpthread-2.23.so
7fd913ea5000-7fd913ea9000 rw-p 00000000 00:00 0 
7fd913ea9000-7fd913ecf000 r-xp 00000000 08:05 2232734                    /lib/x86_64-linux-gnu/ld-2.23.so
7fd913ee7000-7fd913ef5000 r--s 000dc000 08:05 10487717                   /home/control/Android/Sdk/build-tools/21.1.1/lib/dx.jar
7fd913ef5000-7fd913f9f000 rw-p 00000000 00:00 0 
7fd913f9f000-7fd913fa2000 ---p 00000000 00:00 0 
7fd913fa2000-7fd9140a4000 rw-p 00000000 00:00 0 
7fd9140ae000-7fd9140c2000 rw-p 00000000 00:00 0 
7fd9140c2000-7fd9140ca000 rw-s 00000000 08:05 3673101                    /tmp/hsperfdata_control/26311
7fd9140ca000-7fd9140cb000 rw-p 00000000 00:00 0 
7fd9140cb000-7fd9140cc000 ---p 00000000 00:00 0 
7fd9140cc000-7fd9140ce000 rw-p 00000000 00:00 0 
7fd9140ce000-7fd9140cf000 r--p 00025000 08:05 2232734                    /lib/x86_64-linux-gnu/ld-2.23.so
7fd9140cf000-7fd9140d0000 rw-p 00026000 08:05 2232734                    /lib/x86_64-linux-gnu/ld-2.23.so
7fd9140d0000-7fd9140d1000 rw-p 00000000 00:00 0 
7ffee6b01000-7ffee6b22000 rw-p 00000000 00:00 0                          [stack]
7ffee6b29000-7ffee6b2b000 r--p 00000000 00:00 0                          [vvar]
7ffee6b2b000-7ffee6b2d000 r-xp 00000000 00:00 0                          [vdso]
ffffffffff600000-ffffffffff601000 r-xp 00000000 00:00 0                  [vsyscall]

VM Arguments:
jvm_args: -Xmx1024M 
java_command: /home/control/Android/Sdk/build-tools/21.1.1/lib/dx.jar --dex --force-jumbo --no-optimize --multi-dex --main-dex-list /home/control/AndroidStudioProjects/CitizenReporter/WordPress/build/intermediates/multi-dex/vanilla/debug/maindexlist.txt --output /home/control/AndroidStudioProjects/CitizenReporter/WordPress/build/intermediates/dex/vanilla/debug --input-list=/home/control/AndroidStudioProjects/CitizenReporter/WordPress/build/intermediates/tmp/dex/vanilla/debug/inputList.txt
java_class_path (initial): /home/control/Android/Sdk/build-tools/21.1.1/lib/dx.jar
Launcher Type: SUN_STANDARD

Environment Variables:
JAVA_HOME=/usr/lib/jvm/java-8-oracle
PATH=/usr/local/sbin:/usr/local/bin:/usr/sbin:/usr/bin:/sbin:/bin:/usr/games:/usr/local/games:/snap/bin
SHELL=/bin/zsh
DISPLAY=:0

Signal Handlers:
SIGSEGV: [libjvm.so+0xabca10], sa_mask[0]=11111111011111111101111111111110, sa_flags=SA_RESTART|SA_SIGINFO
SIGBUS: [libjvm.so+0xabca10], sa_mask[0]=11111111011111111101111111111110, sa_flags=SA_RESTART|SA_SIGINFO
SIGFPE: [libjvm.so+0x919a20], sa_mask[0]=11111111011111111101111111111110, sa_flags=SA_RESTART|SA_SIGINFO
SIGPIPE: [libjvm.so+0x919a20], sa_mask[0]=11111111011111111101111111111110, sa_flags=SA_RESTART|SA_SIGINFO
SIGXFSZ: [libjvm.so+0x919a20], sa_mask[0]=11111111011111111101111111111110, sa_flags=SA_RESTART|SA_SIGINFO
SIGILL: [libjvm.so+0x919a20], sa_mask[0]=11111111011111111101111111111110, sa_flags=SA_RESTART|SA_SIGINFO
SIGUSR1: SIG_DFL, sa_mask[0]=00000000000000000000000000000000, sa_flags=none
SIGUSR2: [libjvm.so+0x91b050], sa_mask[0]=00100000000000000000000000000000, sa_flags=SA_RESTART|SA_SIGINFO
SIGHUP: [libjvm.so+0x91c450], sa_mask[0]=11111111011111111101111111111110, sa_flags=SA_RESTART|SA_SIGINFO
SIGINT: [libjvm.so+0x91c450], sa_mask[0]=11111111011111111101111111111110, sa_flags=SA_RESTART|SA_SIGINFO
SIGTERM: [libjvm.so+0x91c450], sa_mask[0]=11111111011111111101111111111110, sa_flags=SA_RESTART|SA_SIGINFO
SIGQUIT: [libjvm.so+0x91c450], sa_mask[0]=11111111011111111101111111111110, sa_flags=SA_RESTART|SA_SIGINFO


---------------  S Y S T E M  ---------------

OS:DISTRIB_ID=Ubuntu
DISTRIB_RELEASE=16.04
DISTRIB_CODENAME=xenial
DISTRIB_DESCRIPTION="Ubuntu 16.04 LTS"

uname:Linux 4.4.0-28-generic #47-Ubuntu SMP Fri Jun 24 10:09:13 UTC 2016 x86_64
libc:glibc 2.23 NPTL 2.23 
rlimit: STACK 8192k, CORE 0k, NPROC 23210, NOFILE 65536, AS infinity
load average:20.10 8.44 4.65

/proc/meminfo:
MemTotal:        5980520 kB
MemFree:          119996 kB
MemAvailable:      44004 kB
Buffers:            1608 kB
Cached:           316136 kB
SwapCached:        19228 kB
Active:          4462668 kB
Inactive:        1136276 kB
Active(anon):    4443616 kB
Inactive(anon):  1112632 kB
Active(file):      19052 kB
Inactive(file):    23644 kB
Unevictable:         632 kB
Mlocked:             632 kB
SwapTotal:       1967100 kB
SwapFree:             24 kB
Dirty:               204 kB
Writeback:             0 kB
AnonPages:       5264380 kB
Mapped:           129832 kB
Shmem:            274192 kB
Slab:             116692 kB
SReclaimable:      64008 kB
SUnreclaim:        52684 kB
KernelStack:       15552 kB
PageTables:        77432 kB
NFS_Unstable:          0 kB
Bounce:                0 kB
WritebackTmp:          0 kB
CommitLimit:     4957360 kB
Committed_AS:   15144300 kB
VmallocTotal:   34359738367 kB
VmallocUsed:           0 kB
VmallocChunk:          0 kB
HardwareCorrupted:     0 kB
AnonHugePages:   1867776 kB
CmaTotal:              0 kB
CmaFree:               0 kB
HugePages_Total:       0
HugePages_Free:        0
HugePages_Rsvd:        0
HugePages_Surp:        0
Hugepagesize:       2048 kB
DirectMap4k:      241408 kB
DirectMap2M:     5920768 kB


CPU:total 4 (2 cores per cpu, 2 threads per core) family 6 model 42 stepping 7, cmov, cx8, fxsr, mmx, sse, sse2, sse3, ssse3, sse4.1, sse4.2, popcnt, avx, clmul, ht, tsc, tscinvbit

/proc/cpuinfo:
processor	: 0
vendor_id	: GenuineIntel
cpu family	: 6
model		: 42
model name	: Intel(R) Core(TM) i3-2375M CPU @ 1.50GHz
stepping	: 7
microcode	: 0x28
cpu MHz		: 800.976
cache size	: 3072 KB
physical id	: 0
siblings	: 4
core id		: 0
cpu cores	: 2
apicid		: 0
initial apicid	: 0
fpu		: yes
fpu_exception	: yes
cpuid level	: 13
wp		: yes
flags		: fpu vme de pse tsc msr pae mce cx8 apic sep mtrr pge mca cmov pat pse36 clflush dts acpi mmx fxsr sse sse2 ss ht tm pbe syscall nx rdtscp lm constant_tsc arch_perfmon pebs bts rep_good nopl xtopology nonstop_tsc aperfmperf eagerfpu pni pclmulqdq dtes64 monitor ds_cpl vmx est tm2 ssse3 cx16 xtpr pdcm pcid sse4_1 sse4_2 x2apic popcnt tsc_deadline_timer xsave avx lahf_lm epb tpr_shadow vnmi flexpriority ept vpid xsaveopt dtherm arat pln pts
bugs		:
bogomips	: 2992.94
clflush size	: 64
cache_alignment	: 64
address sizes	: 36 bits physical, 48 bits virtual
power management:

processor	: 1
vendor_id	: GenuineIntel
cpu family	: 6
model		: 42
model name	: Intel(R) Core(TM) i3-2375M CPU @ 1.50GHz
stepping	: 7
microcode	: 0x28
cpu MHz		: 845.800
cache size	: 3072 KB
physical id	: 0
siblings	: 4
core id		: 0
cpu cores	: 2
apicid		: 1
initial apicid	: 1
fpu		: yes
fpu_exception	: yes
cpuid level	: 13
wp		: yes
flags		: fpu vme de pse tsc msr pae mce cx8 apic sep mtrr pge mca cmov pat pse36 clflush dts acpi mmx fxsr sse sse2 ss ht tm pbe syscall nx rdtscp lm constant_tsc arch_perfmon pebs bts rep_good nopl xtopology nonstop_tsc aperfmperf eagerfpu pni pclmulqdq dtes64 monitor ds_cpl vmx est tm2 ssse3 cx16 xtpr pdcm pcid sse4_1 sse4_2 x2apic popcnt tsc_deadline_timer xsave avx lahf_lm epb tpr_shadow vnmi flexpriority ept vpid xsaveopt dtherm arat pln pts
bugs		:
bogomips	: 2992.94
clflush size	: 64
cache_alignment	: 64
address sizes	: 36 bits physical, 48 bits virtual
power management:

processor	: 2
vendor_id	: GenuineIntel
cpu family	: 6
model		: 42
model name	: Intel(R) Core(TM) i3-2375M CPU @ 1.50GHz
stepping	: 7
microcode	: 0x28
cpu MHz		: 840.000
cache size	: 3072 KB
physical id	: 0
siblings	: 4
core id		: 1
cpu cores	: 2
apicid		: 2
initial apicid	: 2
fpu		: yes
fpu_exception	: yes
cpuid level	: 13
wp		: yes
flags		: fpu vme de pse tsc msr pae mce cx8 apic sep mtrr pge mca cmov pat pse36 clflush dts acpi mmx fxsr sse sse2 ss ht tm pbe syscall nx rdtscp lm constant_tsc arch_perfmon pebs bts rep_good nopl xtopology nonstop_tsc aperfmperf eagerfpu pni pclmulqdq dtes64 monitor ds_cpl vmx est tm2 ssse3 cx16 xtpr pdcm pcid sse4_1 sse4_2 x2apic popcnt tsc_deadline_timer xsave avx lahf_lm epb tpr_shadow vnmi flexpriority ept vpid xsaveopt dtherm arat pln pts
bugs		:
bogomips	: 2992.94
clflush size	: 64
cache_alignment	: 64
address sizes	: 36 bits physical, 48 bits virtual
power management:

processor	: 3
vendor_id	: GenuineIntel
cpu family	: 6
model		: 42
model name	: Intel(R) Core(TM) i3-2375M CPU @ 1.50GHz
stepping	: 7
microcode	: 0x28
cpu MHz		: 879.023
cache size	: 3072 KB
physical id	: 0
siblings	: 4
core id		: 1
cpu cores	: 2
apicid		: 3
initial apicid	: 3
fpu		: yes
fpu_exception	: yes
cpuid level	: 13
wp		: yes
flags		: fpu vme de pse tsc msr pae mce cx8 apic sep mtrr pge mca cmov pat pse36 clflush dts acpi mmx fxsr sse sse2 ss ht tm pbe syscall nx rdtscp lm constant_tsc arch_perfmon pebs bts rep_good nopl xtopology nonstop_tsc aperfmperf eagerfpu pni pclmulqdq dtes64 monitor ds_cpl vmx est tm2 ssse3 cx16 xtpr pdcm pcid sse4_1 sse4_2 x2apic popcnt tsc_deadline_timer xsave avx lahf_lm epb tpr_shadow vnmi flexpriority ept vpid xsaveopt dtherm arat pln pts
bugs		:
bogomips	: 2992.94
clflush size	: 64
cache_alignment	: 64
address sizes	: 36 bits physical, 48 bits virtual
power management:



Memory: 4k page, physical 5980520k(119996k free), swap 1967100k(24k free)

vm_info: Java HotSpot(TM) 64-Bit Server VM (25.91-b14) for linux-amd64 JRE (1.8.0_91-b14), built on Apr  1 2016 00:57:21 by "java_re" with gcc 4.3.0 20080428 (Red Hat 4.3.0-8)

time: Mon Jul 11 13:03:46 2016
elapsed time: 72 seconds (0d 0h 1m 12s)

