#
# There is insufficient memory for the Java Runtime Environment to continue.
# Native memory allocation (mmap) failed to map 172490752 bytes for committing reserved memory.
# Possible reasons:
#   The system is out of physical RAM or swap space
#   In 32 bit mode, the process size limit was hit
# Possible solutions:
#   Reduce memory load on the system
#   Increase physical memory or swap space
#   Check if swap backing store is full
#   Use 64 bit Java on a 64 bit OS
#   Decrease Java heap size (-Xmx/-Xms)
#   Decrease number of Java threads
#   Decrease Java thread stack sizes (-Xss)
#   Set larger code cache with -XX:ReservedCodeCacheSize=
# This output file may be truncated or incomplete.
#
#  Out of Memory Error (os_linux.cpp:2627), pid=25911, tid=140692018890496
#
# JRE version: Java(TM) SE Runtime Environment (8.0_91-b14) (build 1.8.0_91-b14)
# Java VM: Java HotSpot(TM) 64-Bit Server VM (25.91-b14 mixed mode linux-amd64 compressed oops)
# Failed to write core dump. Core dumps have been disabled. To enable core dumping, try "ulimit -c unlimited" before starting Java again
#

---------------  T H R E A D  ---------------

Current thread (0x00007ff57c13e800):  VMThread [stack: 0x00007ff569bf0000,0x00007ff569cf1000] [id=25925]

Stack: [0x00007ff569bf0000,0x00007ff569cf1000],  sp=0x00007ff569cef220,  free space=1020k
Native frames: (J=compiled Java code, j=interpreted, Vv=VM code, C=native code)
V  [libjvm.so+0xabc18a]  VMError::report_and_die()+0x2ba
V  [libjvm.so+0x4fafeb]  report_vm_out_of_memory(char const*, int, unsigned long, VMErrorType, char const*)+0x8b
V  [libjvm.so+0x91cbb3]  os::Linux::commit_memory_impl(char*, unsigned long, bool)+0x103
V  [libjvm.so+0x91d109]  os::pd_commit_memory(char*, unsigned long, unsigned long, bool)+0x29
V  [libjvm.so+0x91740a]  os::commit_memory(char*, unsigned long, unsigned long, bool)+0x2a
V  [libjvm.so+0x98b033]  PSVirtualSpace::expand_by(unsigned long)+0x53
V  [libjvm.so+0x97b920]  PSOldGen::expand(unsigned long)+0x170
V  [libjvm.so+0x97bb2b]  PSOldGen::resize(unsigned long)+0x1cb
V  [libjvm.so+0x983801]  PSParallelCompact::invoke_no_policy(bool)+0x991
V  [libjvm.so+0x98915d]  PSScavenge::invoke()+0x1ad
V  [libjvm.so+0x9408b0]  ParallelScavengeHeap::failed_mem_allocate(unsigned long)+0x70
V  [libjvm.so+0xabdba7]  VM_ParallelGCFailedAllocation::doit()+0x97
V  [libjvm.so+0xac55d5]  VM_Operation::evaluate()+0x55
V  [libjvm.so+0xac39aa]  VMThread::evaluate_operation(VM_Operation*)+0xba
V  [libjvm.so+0xac3d2e]  VMThread::loop()+0x1ce
V  [libjvm.so+0xac41a0]  VMThread::run()+0x70
V  [libjvm.so+0x91ef78]  java_start(Thread*)+0x108

VM_Operation (0x00007ff58210ac50): ParallelGCFailedAllocation, mode: safepoint, requested by thread 0x00007ff57c00a000


---------------  P R O C E S S  ---------------

Java Threads: ( => current thread )
  0x00007ff57c188000 JavaThread "Service Thread" daemon [_thread_blocked, id=25932, stack(0x00007ff568b29000,0x00007ff568c2a000)]
  0x00007ff57c185000 JavaThread "C1 CompilerThread2" daemon [_thread_blocked, id=25931, stack(0x00007ff568c2a000,0x00007ff568d2b000)]
  0x00007ff57c183000 JavaThread "C2 CompilerThread1" daemon [_thread_blocked, id=25930, stack(0x00007ff568d2b000,0x00007ff568e2c000)]
  0x00007ff57c180000 JavaThread "C2 CompilerThread0" daemon [_thread_blocked, id=25929, stack(0x00007ff568e2c000,0x00007ff568f2d000)]
  0x00007ff57c17e800 JavaThread "Signal Dispatcher" daemon [_thread_blocked, id=25928, stack(0x00007ff568f2d000,0x00007ff56902e000)]
  0x00007ff57c14b000 JavaThread "Finalizer" daemon [_thread_blocked, id=25927, stack(0x00007ff5699ee000,0x00007ff569aef000)]
  0x00007ff57c146800 JavaThread "Reference Handler" daemon [_thread_blocked, id=25926, stack(0x00007ff569aef000,0x00007ff569bf0000)]
  0x00007ff57c00a000 JavaThread "main" [_thread_blocked, id=25920, stack(0x00007ff58200c000,0x00007ff58210d000)]

Other Threads:
=>0x00007ff57c13e800 VMThread [stack: 0x00007ff569bf0000,0x00007ff569cf1000] [id=25925]
  0x00007ff57c18b000 WatcherThread [stack: 0x00007ff568a28000,0x00007ff568b29000] [id=25933]

VM state:at safepoint (normal execution)

VM Mutex/Monitor currently owned by a thread:  ([mutex/lock_event])
[0x00007ff57c005b20] ExpandHeap_lock - owner thread: 0x00007ff57c13e800
[0x00007ff57c0061a0] Threads_lock - owner thread: 0x00007ff57c13e800
[0x00007ff57c0066a0] Heap_lock - owner thread: 0x00007ff57c00a000

Heap:
 PSYoungGen      total 232960K, used 0K [0x00000000eab00000, 0x0000000100000000, 0x0000000100000000)
  eden space 116736K, 0% used [0x00000000eab00000,0x00000000eab00000,0x00000000f1d00000)
  from space 116224K, 0% used [0x00000000f1d00000,0x00000000f1d00000,0x00000000f8e80000)
  to   space 116224K, 0% used [0x00000000f8e80000,0x00000000f8e80000,0x0000000100000000)
 ParOldGen       total 468992K, used 467780K [0x00000000c0000000, 0x00000000dca00000, 0x00000000eab00000)
  object space 468992K, 99% used [0x00000000c0000000,0x00000000dc8d1278,0x00000000dca00000)
 Metaspace       used 5461K, capacity 6608K, committed 6784K, reserved 1056768K
  class space    used 528K, capacity 584K, committed 640K, reserved 1048576K

Card table byte_map: [0x00007ff56bba9000,0x00007ff56bdaa000] byte_map_base: 0x00007ff56b5a9000

Marking Bits: (ParMarkBitMap*) 0x00007ff5814e9d60
 Begin Bits: [0x00007ff552000000, 0x00007ff553000000)
 End Bits:   [0x00007ff553000000, 0x00007ff554000000)

Polling page: 0x00007ff582138000

CodeCache: size=245760Kb used=9602Kb max_used=9617Kb free=236157Kb
 bounds [0x00007ff56c16a000, 0x00007ff56cada000, 0x00007ff57b16a000]
 total_blobs=2037 nmethods=1775 adapters=176
 compilation: enabled

Compilation events (10 events):
Event: 42.703 Thread 0x00007ff57c185000 1817 %     3       sun.util.calendar.ZoneInfo::getTransitionIndex @ 12 (156 bytes)
Event: 42.704 Thread 0x00007ff57c185000 nmethod 1817% 0x00007ff56cabead0 code [0x00007ff56cabec60, 0x00007ff56cabf190]
Event: 42.704 Thread 0x00007ff57c185000 1818       3       com.android.dx.cf.direct.StdAttributeFactory::innerClasses (383 bytes)
Event: 42.710 Thread 0x00007ff57c183000 1819       4       com.android.dx.cf.attrib.AttCode::byteLength (29 bytes)
Event: 42.716 Thread 0x00007ff57c183000 nmethod 1819 0x00007ff56cabb450 code [0x00007ff56cabb5c0, 0x00007ff56cabb878]
Event: 42.718 Thread 0x00007ff57c185000 nmethod 1818 0x00007ff56cac4cd0 code [0x00007ff56cac5740, 0x00007ff56cacd168]
Event: 42.725 Thread 0x00007ff57c180000 nmethod 1813 0x00007ff56cad4c50 code [0x00007ff56cad4e80, 0x00007ff56cad63c8]
Event: 42.725 Thread 0x00007ff57c183000 1820       4       com.android.dx.rop.code.Rops::opReturn (89 bytes)
Event: 42.727 Thread 0x00007ff57c183000 nmethod 1820 0x00007ff56caba7d0 code [0x00007ff56caba9a0, 0x00007ff56cabaac8]
Event: 42.743 Thread 0x00007ff57c180000 1821   !   4       java.util.zip.ZipFile$ZipFileInflaterInputStream::close (67 bytes)

GC Heap History (10 events):
Event: 26.688 GC heap after
Heap after GC invocations=11 (full 3):
 PSYoungGen      total 205824K, used 51556K [0x00000000eab00000, 0x0000000100000000, 0x0000000100000000)
  eden space 117760K, 0% used [0x00000000eab00000,0x00000000eab00000,0x00000000f1e00000)
  from space 88064K, 58% used [0x00000000fa080000,0x00000000fd2d9080,0x00000000ff680000)
  to   space 115712K, 0% used [0x00000000f1e00000,0x00000000f1e00000,0x00000000f8f00000)
 ParOldGen       total 328192K, used 211119K [0x00000000c0000000, 0x00000000d4080000, 0x00000000eab00000)
  object space 328192K, 64% used [0x00000000c0000000,0x00000000cce2bd60,0x00000000d4080000)
 Metaspace       used 5453K, capacity 6608K, committed 6784K, reserved 1056768K
  class space    used 528K, capacity 584K, committed 640K, reserved 1048576K
}
Event: 29.657 GC heap before
{Heap before GC invocations=12 (full 3):
 PSYoungGen      total 205824K, used 169316K [0x00000000eab00000, 0x0000000100000000, 0x0000000100000000)
  eden space 117760K, 100% used [0x00000000eab00000,0x00000000f1e00000,0x00000000f1e00000)
  from space 88064K, 58% used [0x00000000fa080000,0x00000000fd2d9080,0x00000000ff680000)
  to   space 115712K, 0% used [0x00000000f1e00000,0x00000000f1e00000,0x00000000f8f00000)
 ParOldGen       total 328192K, used 211119K [0x00000000c0000000, 0x00000000d4080000, 0x00000000eab00000)
  object space 328192K, 64% used [0x00000000c0000000,0x00000000cce2bd60,0x00000000d4080000)
 Metaspace       used 5453K, capacity 6608K, committed 6784K, reserved 1056768K
  class space    used 528K, capacity 584K, committed 640K, reserved 1048576K
Event: 30.038 GC heap after
Heap after GC invocations=12 (full 3):
 PSYoungGen      total 233472K, used 115684K [0x00000000eab00000, 0x0000000100000000, 0x0000000100000000)
  eden space 117760K, 0% used [0x00000000eab00000,0x00000000eab00000,0x00000000f1e00000)
  from space 115712K, 99% used [0x00000000f1e00000,0x00000000f8ef9340,0x00000000f8f00000)
  to   space 115712K, 0% used [0x00000000f8f00000,0x00000000f8f00000,0x0000000100000000)
 ParOldGen       total 328192K, used 233209K [0x00000000c0000000, 0x00000000d4080000, 0x00000000eab00000)
  object space 328192K, 71% used [0x00000000c0000000,0x00000000ce3be480,0x00000000d4080000)
 Metaspace       used 5453K, capacity 6608K, committed 6784K, reserved 1056768K
  class space    used 528K, capacity 584K, committed 640K, reserved 1048576K
}
Event: 31.465 GC heap before
{Heap before GC invocations=13 (full 3):
 PSYoungGen      total 233472K, used 233444K [0x00000000eab00000, 0x0000000100000000, 0x0000000100000000)
  eden space 117760K, 100% used [0x00000000eab00000,0x00000000f1e00000,0x00000000f1e00000)
  from space 115712K, 99% used [0x00000000f1e00000,0x00000000f8ef9340,0x00000000f8f00000)
  to   space 115712K, 0% used [0x00000000f8f00000,0x00000000f8f00000,0x0000000100000000)
 ParOldGen       total 328192K, used 233209K [0x00000000c0000000, 0x00000000d4080000, 0x00000000eab00000)
  object space 328192K, 71% used [0x00000000c0000000,0x00000000ce3be480,0x00000000d4080000)
 Metaspace       used 5458K, capacity 6608K, committed 6784K, reserved 1056768K
  class space    used 528K, capacity 584K, committed 640K, reserved 1048576K
Event: 37.200 GC heap after
Heap after GC invocations=13 (full 3):
 PSYoungGen      total 232448K, used 115692K [0x00000000eab00000, 0x0000000100000000, 0x0000000100000000)
  eden space 116736K, 0% used [0x00000000eab00000,0x00000000eab00000,0x00000000f1d00000)
  from space 115712K, 99% used [0x00000000f8f00000,0x00000000ffffb198,0x0000000100000000)
  to   space 116224K, 0% used [0x00000000f1d00000,0x00000000f1d00000,0x00000000f8e80000)
 ParOldGen       total 328192K, used 299960K [0x00000000c0000000, 0x00000000d4080000, 0x00000000eab00000)
  object space 328192K, 91% used [0x00000000c0000000,0x00000000d24ee2e8,0x00000000d4080000)
 Metaspace       used 5458K, capacity 6608K, committed 6784K, reserved 1056768K
  class space    used 528K, capacity 584K, committed 640K, reserved 1048576K
}
Event: 37.200 GC heap before
{Heap before GC invocations=14 (full 4):
 PSYoungGen      total 232448K, used 115692K [0x00000000eab00000, 0x0000000100000000, 0x0000000100000000)
  eden space 116736K, 0% used [0x00000000eab00000,0x00000000eab00000,0x00000000f1d00000)
  from space 115712K, 99% used [0x00000000f8f00000,0x00000000ffffb198,0x0000000100000000)
  to   space 116224K, 0% used [0x00000000f1d00000,0x00000000f1d00000,0x00000000f8e80000)
 ParOldGen       total 328192K, used 299960K [0x00000000c0000000, 0x00000000d4080000, 0x00000000eab00000)
  object space 328192K, 91% used [0x00000000c0000000,0x00000000d24ee2e8,0x00000000d4080000)
 Metaspace       used 5458K, capacity 6608K, committed 6784K, reserved 1056768K
  class space    used 528K, capacity 584K, committed 640K, reserved 1048576K
Event: 41.694 GC heap after
Heap after GC invocations=14 (full 4):
 PSYoungGen      total 232448K, used 82830K [0x00000000eab00000, 0x0000000100000000, 0x0000000100000000)
  eden space 116736K, 0% used [0x00000000eab00000,0x00000000eab00000,0x00000000f1d00000)
  from space 115712K, 71% used [0x00000000f8f00000,0x00000000fdfe3938,0x0000000100000000)
  to   space 116224K, 0% used [0x00000000f1d00000,0x00000000f1d00000,0x00000000f8e80000)
 ParOldGen       total 468992K, used 328040K [0x00000000c0000000, 0x00000000dca00000, 0x00000000eab00000)
  object space 468992K, 69% used [0x00000000c0000000,0x00000000d405a390,0x00000000dca00000)
 Metaspace       used 5458K, capacity 6608K, committed 6784K, reserved 1056768K
  class space    used 528K, capacity 584K, committed 640K, reserved 1048576K
}
Event: 42.770 GC heap before
{Heap before GC invocations=15 (full 4):
 PSYoungGen      total 232448K, used 199566K [0x00000000eab00000, 0x0000000100000000, 0x0000000100000000)
  eden space 116736K, 100% used [0x00000000eab00000,0x00000000f1d00000,0x00000000f1d00000)
  from space 115712K, 71% used [0x00000000f8f00000,0x00000000fdfe3938,0x0000000100000000)
  to   space 116224K, 0% used [0x00000000f1d00000,0x00000000f1d00000,0x00000000f8e80000)
 ParOldGen       total 468992K, used 328040K [0x00000000c0000000, 0x00000000dca00000, 0x00000000eab00000)
  object space 468992K, 69% used [0x00000000c0000000,0x00000000d405a390,0x00000000dca00000)
 Metaspace       used 5461K, capacity 6608K, committed 6784K, reserved 1056768K
  class space    used 528K, capacity 584K, committed 640K, reserved 1048576K
Event: 47.429 GC heap after
Heap after GC invocations=15 (full 4):
 PSYoungGen      total 232960K, used 59374K [0x00000000eab00000, 0x0000000100000000, 0x0000000100000000)
  eden space 116736K, 0% used [0x00000000eab00000,0x00000000eab00000,0x00000000f1d00000)
  from space 116224K, 51% used [0x00000000f1d00000,0x00000000f56fba00,0x00000000f8e80000)
  to   space 116224K, 0% used [0x00000000f8e80000,0x00000000f8e80000,0x0000000100000000)
 ParOldGen       total 468992K, used 411203K [0x00000000c0000000, 0x00000000dca00000, 0x00000000eab00000)
  object space 468992K, 87% used [0x00000000c0000000,0x00000000d9190f78,0x00000000dca00000)
 Metaspace       used 5461K, capacity 6608K, committed 6784K, reserved 1056768K
  class space    used 528K, capacity 584K, committed 640K, reserved 1048576K
}
Event: 47.429 GC heap before
{Heap before GC invocations=16 (full 5):
 PSYoungGen      total 232960K, used 59374K [0x00000000eab00000, 0x0000000100000000, 0x0000000100000000)
  eden space 116736K, 0% used [0x00000000eab00000,0x00000000eab00000,0x00000000f1d00000)
  from space 116224K, 51% used [0x00000000f1d00000,0x00000000f56fba00,0x00000000f8e80000)
  to   space 116224K, 0% used [0x00000000f8e80000,0x00000000f8e80000,0x0000000100000000)
 ParOldGen       total 468992K, used 411203K [0x00000000c0000000, 0x00000000dca00000, 0x00000000eab00000)
  object space 468992K, 87% used [0x00000000c0000000,0x00000000d9190f78,0x00000000dca00000)
 Metaspace       used 5461K, capacity 6608K, committed 6784K, reserved 1056768K
  class space    used 528K, capacity 584K, committed 640K, reserved 1048576K

Deoptimization events (10 events):
Event: 13.792 Thread 0x00007ff57c00a000 Uncommon trap: reason=bimorphic action=maybe_recompile pc=0x00007ff56c8a8500 method=com.android.dx.cf.code.BytecodeArray.parseInstruction(ILcom/android/dx/cf/code/BytecodeArray$Visitor;)I @ 2554
Event: 13.793 Thread 0x00007ff57c00a000 Uncommon trap: reason=bimorphic action=maybe_recompile pc=0x00007ff56c8a8500 method=com.android.dx.cf.code.BytecodeArray.parseInstruction(ILcom/android/dx/cf/code/BytecodeArray$Visitor;)I @ 2554
Event: 14.023 Thread 0x00007ff57c00a000 Uncommon trap: reason=unstable_if action=reinterpret pc=0x00007ff56c7e254c method=com.android.dx.rop.code.LocalItem.compareHandlesNulls(Lcom/android/dx/rop/cst/CstString;Lcom/android/dx/rop/cst/CstString;)I @ 14
Event: 14.435 Thread 0x00007ff57c00a000 Uncommon trap: reason=unstable_if action=reinterpret pc=0x00007ff56c8fd77c method=com.android.dx.cf.code.Merger.isPossiblyAssignableFrom(Lcom/android/dx/rop/type/TypeBearer;Lcom/android/dx/rop/type/TypeBearer;)Z @ 177
Event: 14.517 Thread 0x00007ff57c00a000 Uncommon trap: reason=unstable_if action=reinterpret pc=0x00007ff56c89af1c method=com.android.dx.cf.code.Merger.isPossiblyAssignableFrom(Lcom/android/dx/rop/type/TypeBearer;Lcom/android/dx/rop/type/TypeBearer;)Z @ 177
Event: 18.712 Thread 0x00007ff57c00a000 Uncommon trap: reason=bimorphic action=maybe_recompile pc=0x00007ff56c70eafc method=com.android.dx.cf.code.OneLocalsArray.set(ILcom/android/dx/rop/type/TypeBearer;)V @ 85
Event: 18.799 Thread 0x00007ff57c00a000 Uncommon trap: reason=unstable_if action=reinterpret pc=0x00007ff56c8c3f80 method=com.android.dx.util.IntList.binarysearch(I)I @ 16
Event: 18.806 Thread 0x00007ff57c00a000 Uncommon trap: reason=unstable_if action=reinterpret pc=0x00007ff56c6338c0 method=com.android.dx.util.IntList.binarysearch(I)I @ 16
Event: 30.827 Thread 0x00007ff57c00a000 Uncommon trap: reason=unstable_if action=reinterpret pc=0x00007ff56c8db6a8 method=com.android.dx.cf.code.Ropper.processBlock(Lcom/android/dx/cf/code/ByteBlock;Lcom/android/dx/cf/code/Frame;[I)V @ 651
Event: 42.497 Thread 0x00007ff57c00a000 Uncommon trap: reason=unstable_if action=reinterpret pc=0x00007ff56c8749f4 method=java.util.HashMap.putVal(ILjava/lang/Object;Ljava/lang/Object;ZZ)Ljava/lang/Object; @ 193

Internal exceptions (6 events):
Event: 0.066 Thread 0x00007ff57c00a000 Exception <a 'java/lang/NoSuchMethodError': Method sun.misc.Unsafe.defineClass(Ljava/lang/String;[BII)Ljava/lang/Class; name or signature does not match> (0x00000000eab07cc0) thrown at [/HUDSON/workspace/8-2-build-linux-amd64/jdk8u91/6644/hotspot/src/shar
Event: 0.066 Thread 0x00007ff57c00a000 Exception <a 'java/lang/NoSuchMethodError': Method sun.misc.Unsafe.prefetchRead(Ljava/lang/Object;J)V name or signature does not match> (0x00000000eab07fa8) thrown at [/HUDSON/workspace/8-2-build-linux-amd64/jdk8u91/6644/hotspot/src/share/vm/prims/jni.cpp
Event: 7.415 Thread 0x00007ff57c00a000 Exception <a 'java/lang/ArrayIndexOutOfBoundsException': 18> (0x00000000ed23c798) thrown at [/HUDSON/workspace/8-2-build-linux-amd64/jdk8u91/6644/hotspot/src/share/vm/interpreter/interpreterRuntime.cpp, line 366]
Event: 7.416 Thread 0x00007ff57c00a000 Exception <a 'java/lang/ArrayIndexOutOfBoundsException'> (0x00000000ed23e318) thrown at [/HUDSON/workspace/8-2-build-linux-amd64/jdk8u91/6644/hotspot/src/share/vm/runtime/sharedRuntime.cpp, line 605]
Event: 7.965 Thread 0x00007ff57c00a000 Exception <a 'java/lang/ArrayIndexOutOfBoundsException'> (0x00000000ed23f600) thrown at [/HUDSON/workspace/8-2-build-linux-amd64/jdk8u91/6644/hotspot/src/share/vm/runtime/sharedRuntime.cpp, line 605]
Event: 14.023 Thread 0x00007ff57c00a000 Implicit null exception at 0x00007ff56c7e1212 to 0x00007ff56c7e2509

Events (10 events):
Event: 31.109 Thread 0x00007ff57c00a000 DEOPT PACKING pc=0x00007ff56c71850f sp=0x00007ff58210abf0
Event: 31.109 Thread 0x00007ff57c00a000 DEOPT UNPACKING pc=0x00007ff56c1b1633 sp=0x00007ff58210aa40 mode 0
Event: 31.355 Thread 0x00007ff57c00a000 DEOPT PACKING pc=0x00007ff56c71850f sp=0x00007ff58210abf0
Event: 31.355 Thread 0x00007ff57c00a000 DEOPT UNPACKING pc=0x00007ff56c1b1633 sp=0x00007ff58210aa40 mode 0
Event: 31.465 Executing VM operation: ParallelGCFailedAllocation
Event: 41.695 Executing VM operation: ParallelGCFailedAllocation done
Event: 42.497 Thread 0x00007ff57c00a000 Uncommon trap: trap_request=0xffffff65 fr.pc=0x00007ff56c8749f4
Event: 42.497 Thread 0x00007ff57c00a000 DEOPT PACKING pc=0x00007ff56c8749f4 sp=0x00007ff58210ad70
Event: 42.497 Thread 0x00007ff57c00a000 DEOPT UNPACKING pc=0x00007ff56c16f229 sp=0x00007ff58210abc0 mode 2
Event: 42.769 Executing VM operation: ParallelGCFailedAllocation


Dynamic libraries:
00400000-00401000 r-xp 00000000 08:05 11676926                           /usr/lib/jvm/java-8-oracle/jre/bin/java
00600000-00601000 rw-p 00000000 08:05 11676926                           /usr/lib/jvm/java-8-oracle/jre/bin/java
01d44000-01d65000 rw-p 00000000 00:00 0                                  [heap]
c0000000-dca00000 rw-p 00000000 00:00 0 
e6e80000-eab00000 ---p 00000000 00:00 0 
eab00000-100000000 rw-p 00000000 00:00 0 
100000000-1000a0000 rw-p 00000000 00:00 0 
1000a0000-140000000 ---p 00000000 00:00 0 
7ff524000000-7ff524021000 rw-p 00000000 00:00 0 
7ff524021000-7ff528000000 ---p 00000000 00:00 0 
7ff52c000000-7ff52c8e2000 rw-p 00000000 00:00 0 
7ff52c8e2000-7ff530000000 ---p 00000000 00:00 0 
7ff530000000-7ff530021000 rw-p 00000000 00:00 0 
7ff530021000-7ff534000000 ---p 00000000 00:00 0 
7ff534000000-7ff535bc5000 rw-p 00000000 00:00 0 
7ff535bc5000-7ff538000000 ---p 00000000 00:00 0 
7ff538000000-7ff53a1f2000 rw-p 00000000 00:00 0 
7ff53a1f2000-7ff53c000000 ---p 00000000 00:00 0 
7ff53c000000-7ff53c021000 rw-p 00000000 00:00 0 
7ff53c021000-7ff540000000 ---p 00000000 00:00 0 
7ff540000000-7ff540021000 rw-p 00000000 00:00 0 
7ff540021000-7ff544000000 ---p 00000000 00:00 0 
7ff544000000-7ff544291000 rw-p 00000000 00:00 0 
7ff544291000-7ff548000000 ---p 00000000 00:00 0 
7ff548000000-7ff548021000 rw-p 00000000 00:00 0 
7ff548021000-7ff54c000000 ---p 00000000 00:00 0 
7ff54c000000-7ff54c021000 rw-p 00000000 00:00 0 
7ff54c021000-7ff550000000 ---p 00000000 00:00 0 
7ff552000000-7ff554000000 rw-p 00000000 00:00 0 
7ff554000000-7ff554021000 rw-p 00000000 00:00 0 
7ff554021000-7ff558000000 ---p 00000000 00:00 0 
7ff55c000000-7ff55c021000 rw-p 00000000 00:00 0 
7ff55c021000-7ff560000000 ---p 00000000 00:00 0 
7ff563e00000-7ff564000000 rw-p 00000000 00:00 0 
7ff564000000-7ff564021000 rw-p 00000000 00:00 0 
7ff564021000-7ff568000000 ---p 00000000 00:00 0 
7ff568985000-7ff568a28000 r--s 0081a000 08:05 9445251                    /home/control/AndroidStudioProjects/CitizenReporter/WordPress/build/intermediates/multi-dex/vanilla/debug/allclasses.jar
7ff568a28000-7ff568a29000 ---p 00000000 00:00 0 
7ff568a29000-7ff568b29000 rw-p 00000000 00:00 0 
7ff568b29000-7ff568b2c000 ---p 00000000 00:00 0 
7ff568b2c000-7ff568c2a000 rw-p 00000000 00:00 0 
7ff568c2a000-7ff568c2d000 ---p 00000000 00:00 0 
7ff568c2d000-7ff568d2b000 rw-p 00000000 00:00 0 
7ff568d2b000-7ff568d2e000 ---p 00000000 00:00 0 
7ff568d2e000-7ff568e2c000 rw-p 00000000 00:00 0 
7ff568e2c000-7ff568e2f000 ---p 00000000 00:00 0 
7ff568e2f000-7ff568f2d000 rw-p 00000000 00:00 0 
7ff568f2d000-7ff568f30000 ---p 00000000 00:00 0 
7ff568f30000-7ff56902e000 rw-p 00000000 00:00 0 
7ff56902e000-7ff5699ee000 r--p 00000000 08:05 11148265                   /usr/lib/locale/locale-archive
7ff5699ee000-7ff5699f1000 ---p 00000000 00:00 0 
7ff5699f1000-7ff569aef000 rw-p 00000000 00:00 0 
7ff569aef000-7ff569af2000 ---p 00000000 00:00 0 
7ff569af2000-7ff569bf0000 rw-p 00000000 00:00 0 
7ff569bf0000-7ff569bf1000 ---p 00000000 00:00 0 
7ff569bf1000-7ff56ac00000 rw-p 00000000 00:00 0 
7ff56ac00000-7ff56add9000 r--s 03d1f000 08:05 11676988                   /usr/lib/jvm/java-8-oracle/jre/lib/rt.jar
7ff56add9000-7ff56b44f000 rw-p 00000000 00:00 0 
7ff56b44f000-7ff56b64f000 ---p 00000000 00:00 0 
7ff56b64f000-7ff56b650000 ---p 00000000 00:00 0 
7ff56b650000-7ff56b750000 rw-p 00000000 00:00 0 
7ff56b750000-7ff56b751000 ---p 00000000 00:00 0 
7ff56b751000-7ff56b851000 rw-p 00000000 00:00 0 
7ff56b851000-7ff56b852000 ---p 00000000 00:00 0 
7ff56b852000-7ff56b952000 rw-p 00000000 00:00 0 
7ff56b952000-7ff56b953000 ---p 00000000 00:00 0 
7ff56b953000-7ff56bb38000 rw-p 00000000 00:00 0 
7ff56bb38000-7ff56bba9000 ---p 00000000 00:00 0 
7ff56bba9000-7ff56bc8e000 rw-p 00000000 00:00 0 
7ff56bc8e000-7ff56bcfe000 ---p 00000000 00:00 0 
7ff56bcfe000-7ff56bda9000 rw-p 00000000 00:00 0 
7ff56bda9000-7ff56bdd0000 rw-p 00000000 00:00 0 
7ff56bdd0000-7ff56c16a000 ---p 00000000 00:00 0 
7ff56c16a000-7ff56cada000 rwxp 00000000 00:00 0 
7ff56cada000-7ff57b16a000 ---p 00000000 00:00 0 
7ff57b16a000-7ff57b184000 r-xp 00000000 08:05 11801227                   /usr/lib/jvm/java-8-oracle/jre/lib/amd64/libzip.so
7ff57b184000-7ff57b384000 ---p 0001a000 08:05 11801227                   /usr/lib/jvm/java-8-oracle/jre/lib/amd64/libzip.so
7ff57b384000-7ff57b385000 rw-p 0001a000 08:05 11801227                   /usr/lib/jvm/java-8-oracle/jre/lib/amd64/libzip.so
7ff57b385000-7ff57b390000 r-xp 00000000 08:05 2232861                    /lib/x86_64-linux-gnu/libnss_files-2.23.so
7ff57b390000-7ff57b58f000 ---p 0000b000 08:05 2232861                    /lib/x86_64-linux-gnu/libnss_files-2.23.so
7ff57b58f000-7ff57b590000 r--p 0000a000 08:05 2232861                    /lib/x86_64-linux-gnu/libnss_files-2.23.so
7ff57b590000-7ff57b591000 rw-p 0000b000 08:05 2232861                    /lib/x86_64-linux-gnu/libnss_files-2.23.so
7ff57b591000-7ff57b597000 rw-p 00000000 00:00 0 
7ff57b597000-7ff57b5a2000 r-xp 00000000 08:05 2232871                    /lib/x86_64-linux-gnu/libnss_nis-2.23.so
7ff57b5a2000-7ff57b7a1000 ---p 0000b000 08:05 2232871                    /lib/x86_64-linux-gnu/libnss_nis-2.23.so
7ff57b7a1000-7ff57b7a2000 r--p 0000a000 08:05 2232871                    /lib/x86_64-linux-gnu/libnss_nis-2.23.so
7ff57b7a2000-7ff57b7a3000 rw-p 0000b000 08:05 2232871                    /lib/x86_64-linux-gnu/libnss_nis-2.23.so
7ff57b7a3000-7ff57b7b9000 r-xp 00000000 08:05 2232855                    /lib/x86_64-linux-gnu/libnsl-2.23.so
7ff57b7b9000-7ff57b9b8000 ---p 00016000 08:05 2232855                    /lib/x86_64-linux-gnu/libnsl-2.23.so
7ff57b9b8000-7ff57b9b9000 r--p 00015000 08:05 2232855                    /lib/x86_64-linux-gnu/libnsl-2.23.so
7ff57b9b9000-7ff57b9ba000 rw-p 00016000 08:05 2232855                    /lib/x86_64-linux-gnu/libnsl-2.23.so
7ff57b9ba000-7ff57b9bc000 rw-p 00000000 00:00 0 
7ff57b9bc000-7ff57b9c4000 r-xp 00000000 08:05 2232857                    /lib/x86_64-linux-gnu/libnss_compat-2.23.so
7ff57b9c4000-7ff57bbc3000 ---p 00008000 08:05 2232857                    /lib/x86_64-linux-gnu/libnss_compat-2.23.so
7ff57bbc3000-7ff57bbc4000 r--p 00007000 08:05 2232857                    /lib/x86_64-linux-gnu/libnss_compat-2.23.so
7ff57bbc4000-7ff57bbc5000 rw-p 00008000 08:05 2232857                    /lib/x86_64-linux-gnu/libnss_compat-2.23.so
7ff57bbc5000-7ff57bbef000 r-xp 00000000 08:05 11801222                   /usr/lib/jvm/java-8-oracle/jre/lib/amd64/libjava.so
7ff57bbef000-7ff57bdef000 ---p 0002a000 08:05 11801222                   /usr/lib/jvm/java-8-oracle/jre/lib/amd64/libjava.so
7ff57bdef000-7ff57bdf1000 rw-p 0002a000 08:05 11801222                   /usr/lib/jvm/java-8-oracle/jre/lib/amd64/libjava.so
7ff57bdf1000-7ff57bdfe000 r-xp 00000000 08:05 11801226                   /usr/lib/jvm/java-8-oracle/jre/lib/amd64/libverify.so
7ff57bdfe000-7ff57bffe000 ---p 0000d000 08:05 11801226                   /usr/lib/jvm/java-8-oracle/jre/lib/amd64/libverify.so
7ff57bffe000-7ff57c000000 rw-p 0000d000 08:05 11801226                   /usr/lib/jvm/java-8-oracle/jre/lib/amd64/libverify.so
7ff57c000000-7ff57c470000 rw-p 00000000 00:00 0 
7ff57c470000-7ff580000000 ---p 00000000 00:00 0 
7ff580022000-7ff580029000 r-xp 00000000 08:05 2232916                    /lib/x86_64-linux-gnu/librt-2.23.so
7ff580029000-7ff580228000 ---p 00007000 08:05 2232916                    /lib/x86_64-linux-gnu/librt-2.23.so
7ff580228000-7ff580229000 r--p 00006000 08:05 2232916                    /lib/x86_64-linux-gnu/librt-2.23.so
7ff580229000-7ff58022a000 rw-p 00007000 08:05 2232916                    /lib/x86_64-linux-gnu/librt-2.23.so
7ff58022a000-7ff580332000 r-xp 00000000 08:05 2232832                    /lib/x86_64-linux-gnu/libm-2.23.so
7ff580332000-7ff580531000 ---p 00108000 08:05 2232832                    /lib/x86_64-linux-gnu/libm-2.23.so
7ff580531000-7ff580532000 r--p 00107000 08:05 2232832                    /lib/x86_64-linux-gnu/libm-2.23.so
7ff580532000-7ff580533000 rw-p 00108000 08:05 2232832                    /lib/x86_64-linux-gnu/libm-2.23.so
7ff580533000-7ff5811f3000 r-xp 00000000 08:05 11932031                   /usr/lib/jvm/java-8-oracle/jre/lib/amd64/server/libjvm.so
7ff5811f3000-7ff5813f3000 ---p 00cc0000 08:05 11932031                   /usr/lib/jvm/java-8-oracle/jre/lib/amd64/server/libjvm.so
7ff5813f3000-7ff5814cb000 rw-p 00cc0000 08:05 11932031                   /usr/lib/jvm/java-8-oracle/jre/lib/amd64/server/libjvm.so
7ff5814cb000-7ff581516000 rw-p 00000000 00:00 0 
7ff581516000-7ff5816d6000 r-xp 00000000 08:05 2232762                    /lib/x86_64-linux-gnu/libc-2.23.so
7ff5816d6000-7ff5818d5000 ---p 001c0000 08:05 2232762                    /lib/x86_64-linux-gnu/libc-2.23.so
7ff5818d5000-7ff5818d9000 r--p 001bf000 08:05 2232762                    /lib/x86_64-linux-gnu/libc-2.23.so
7ff5818d9000-7ff5818db000 rw-p 001c3000 08:05 2232762                    /lib/x86_64-linux-gnu/libc-2.23.so
7ff5818db000-7ff5818df000 rw-p 00000000 00:00 0 
7ff5818df000-7ff5818e2000 r-xp 00000000 08:05 2232786                    /lib/x86_64-linux-gnu/libdl-2.23.so
7ff5818e2000-7ff581ae1000 ---p 00003000 08:05 2232786                    /lib/x86_64-linux-gnu/libdl-2.23.so
7ff581ae1000-7ff581ae2000 r--p 00002000 08:05 2232786                    /lib/x86_64-linux-gnu/libdl-2.23.so
7ff581ae2000-7ff581ae3000 rw-p 00003000 08:05 2232786                    /lib/x86_64-linux-gnu/libdl-2.23.so
7ff581ae3000-7ff581af8000 r-xp 00000000 08:05 11932027                   /usr/lib/jvm/java-8-oracle/jre/lib/amd64/jli/libjli.so
7ff581af8000-7ff581cf8000 ---p 00015000 08:05 11932027                   /usr/lib/jvm/java-8-oracle/jre/lib/amd64/jli/libjli.so
7ff581cf8000-7ff581cf9000 rw-p 00015000 08:05 11932027                   /usr/lib/jvm/java-8-oracle/jre/lib/amd64/jli/libjli.so
7ff581cf9000-7ff581d11000 r-xp 00000000 08:05 2232908                    /lib/x86_64-linux-gnu/libpthread-2.23.so
7ff581d11000-7ff581f10000 ---p 00018000 08:05 2232908                    /lib/x86_64-linux-gnu/libpthread-2.23.so
7ff581f10000-7ff581f11000 r--p 00017000 08:05 2232908                    /lib/x86_64-linux-gnu/libpthread-2.23.so
7ff581f11000-7ff581f12000 rw-p 00018000 08:05 2232908                    /lib/x86_64-linux-gnu/libpthread-2.23.so
7ff581f12000-7ff581f16000 rw-p 00000000 00:00 0 
7ff581f16000-7ff581f3c000 r-xp 00000000 08:05 2232734                    /lib/x86_64-linux-gnu/ld-2.23.so
7ff581f54000-7ff581f62000 r--s 000dc000 08:05 10487717                   /home/control/Android/Sdk/build-tools/21.1.1/lib/dx.jar
7ff581f62000-7ff58200c000 rw-p 00000000 00:00 0 
7ff58200c000-7ff58200f000 ---p 00000000 00:00 0 
7ff58200f000-7ff582111000 rw-p 00000000 00:00 0 
7ff58211b000-7ff58212f000 rw-p 00000000 00:00 0 
7ff58212f000-7ff582137000 rw-s 00000000 08:05 3673094                    /tmp/hsperfdata_control/25911
7ff582137000-7ff582138000 rw-p 00000000 00:00 0 
7ff582138000-7ff582139000 ---p 00000000 00:00 0 
7ff582139000-7ff58213b000 rw-p 00000000 00:00 0 
7ff58213b000-7ff58213c000 r--p 00025000 08:05 2232734                    /lib/x86_64-linux-gnu/ld-2.23.so
7ff58213c000-7ff58213d000 rw-p 00026000 08:05 2232734                    /lib/x86_64-linux-gnu/ld-2.23.so
7ff58213d000-7ff58213e000 rw-p 00000000 00:00 0 
7ffd5b2ce000-7ffd5b2ef000 rw-p 00000000 00:00 0                          [stack]
7ffd5b344000-7ffd5b346000 r--p 00000000 00:00 0                          [vvar]
7ffd5b346000-7ffd5b348000 r-xp 00000000 00:00 0                          [vdso]
ffffffffff600000-ffffffffff601000 r-xp 00000000 00:00 0                  [vsyscall]

VM Arguments:
jvm_args: -Xmx1024M 
java_command: /home/control/Android/Sdk/build-tools/21.1.1/lib/dx.jar --dex --force-jumbo --no-optimize --multi-dex --main-dex-list /home/control/AndroidStudioProjects/CitizenReporter/WordPress/build/intermediates/multi-dex/vanilla/debug/maindexlist.txt --output /home/control/AndroidStudioProjects/CitizenReporter/WordPress/build/intermediates/dex/vanilla/debug --input-list=/home/control/AndroidStudioProjects/CitizenReporter/WordPress/build/intermediates/tmp/dex/vanilla/debug/inputList.txt
java_class_path (initial): /home/control/Android/Sdk/build-tools/21.1.1/lib/dx.jar
Launcher Type: SUN_STANDARD

Environment Variables:
JAVA_HOME=/usr/lib/jvm/java-8-oracle
PATH=/usr/local/sbin:/usr/local/bin:/usr/sbin:/usr/bin:/sbin:/bin:/usr/games:/usr/local/games:/snap/bin
SHELL=/bin/zsh
DISPLAY=:0

Signal Handlers:
SIGSEGV: [libjvm.so+0xabca10], sa_mask[0]=11111111011111111101111111111110, sa_flags=SA_RESTART|SA_SIGINFO
SIGBUS: [libjvm.so+0xabca10], sa_mask[0]=11111111011111111101111111111110, sa_flags=SA_RESTART|SA_SIGINFO
SIGFPE: [libjvm.so+0x919a20], sa_mask[0]=11111111011111111101111111111110, sa_flags=SA_RESTART|SA_SIGINFO
SIGPIPE: [libjvm.so+0x919a20], sa_mask[0]=11111111011111111101111111111110, sa_flags=SA_RESTART|SA_SIGINFO
SIGXFSZ: [libjvm.so+0x919a20], sa_mask[0]=11111111011111111101111111111110, sa_flags=SA_RESTART|SA_SIGINFO
SIGILL: [libjvm.so+0x919a20], sa_mask[0]=11111111011111111101111111111110, sa_flags=SA_RESTART|SA_SIGINFO
SIGUSR1: SIG_DFL, sa_mask[0]=00000000000000000000000000000000, sa_flags=none
SIGUSR2: [libjvm.so+0x91b050], sa_mask[0]=00100000000000000000000000000000, sa_flags=SA_RESTART|SA_SIGINFO
SIGHUP: [libjvm.so+0x91c450], sa_mask[0]=11111111011111111101111111111110, sa_flags=SA_RESTART|SA_SIGINFO
SIGINT: [libjvm.so+0x91c450], sa_mask[0]=11111111011111111101111111111110, sa_flags=SA_RESTART|SA_SIGINFO
SIGTERM: [libjvm.so+0x91c450], sa_mask[0]=11111111011111111101111111111110, sa_flags=SA_RESTART|SA_SIGINFO
SIGQUIT: [libjvm.so+0x91c450], sa_mask[0]=11111111011111111101111111111110, sa_flags=SA_RESTART|SA_SIGINFO


---------------  S Y S T E M  ---------------

OS:DISTRIB_ID=Ubuntu
DISTRIB_RELEASE=16.04
DISTRIB_CODENAME=xenial
DISTRIB_DESCRIPTION="Ubuntu 16.04 LTS"

uname:Linux 4.4.0-28-generic #47-Ubuntu SMP Fri Jun 24 10:09:13 UTC 2016 x86_64
libc:glibc 2.23 NPTL 2.23 
rlimit: STACK 8192k, CORE 0k, NPROC 23210, NOFILE 65536, AS infinity
load average:7.28 4.06 2.32

/proc/meminfo:
MemTotal:        5980520 kB
MemFree:          125096 kB
MemAvailable:      43220 kB
Buffers:             664 kB
Cached:           297436 kB
SwapCached:         6612 kB
Active:          4547188 kB
Inactive:        1043480 kB
Active(anon):    4534904 kB
Inactive(anon):  1025680 kB
Active(file):      12284 kB
Inactive(file):    17800 kB
Unevictable:         528 kB
Mlocked:             528 kB
SwapTotal:       1967100 kB
SwapFree:             20 kB
Dirty:               136 kB
Writeback:             0 kB
AnonPages:       5287876 kB
Mapped:           205568 kB
Shmem:            267440 kB
Slab:             117804 kB
SReclaimable:      64844 kB
SUnreclaim:        52960 kB
KernelStack:       15840 kB
PageTables:        78816 kB
NFS_Unstable:          0 kB
Bounce:                0 kB
WritebackTmp:          0 kB
CommitLimit:     4957360 kB
Committed_AS:   15325316 kB
VmallocTotal:   34359738367 kB
VmallocUsed:           0 kB
VmallocChunk:          0 kB
HardwareCorrupted:     0 kB
AnonHugePages:   1294336 kB
CmaTotal:              0 kB
CmaFree:               0 kB
HugePages_Total:       0
HugePages_Free:        0
HugePages_Rsvd:        0
HugePages_Surp:        0
Hugepagesize:       2048 kB
DirectMap4k:      241408 kB
DirectMap2M:     5920768 kB


CPU:total 4 (2 cores per cpu, 2 threads per core) family 6 model 42 stepping 7, cmov, cx8, fxsr, mmx, sse, sse2, sse3, ssse3, sse4.1, sse4.2, popcnt, avx, clmul, ht, tsc, tscinvbit

/proc/cpuinfo:
processor	: 0
vendor_id	: GenuineIntel
cpu family	: 6
model		: 42
model name	: Intel(R) Core(TM) i3-2375M CPU @ 1.50GHz
stepping	: 7
microcode	: 0x28
cpu MHz		: 807.363
cache size	: 3072 KB
physical id	: 0
siblings	: 4
core id		: 0
cpu cores	: 2
apicid		: 0
initial apicid	: 0
fpu		: yes
fpu_exception	: yes
cpuid level	: 13
wp		: yes
flags		: fpu vme de pse tsc msr pae mce cx8 apic sep mtrr pge mca cmov pat pse36 clflush dts acpi mmx fxsr sse sse2 ss ht tm pbe syscall nx rdtscp lm constant_tsc arch_perfmon pebs bts rep_good nopl xtopology nonstop_tsc aperfmperf eagerfpu pni pclmulqdq dtes64 monitor ds_cpl vmx est tm2 ssse3 cx16 xtpr pdcm pcid sse4_1 sse4_2 x2apic popcnt tsc_deadline_timer xsave avx lahf_lm epb tpr_shadow vnmi flexpriority ept vpid xsaveopt dtherm arat pln pts
bugs		:
bogomips	: 2992.94
clflush size	: 64
cache_alignment	: 64
address sizes	: 36 bits physical, 48 bits virtual
power management:

processor	: 1
vendor_id	: GenuineIntel
cpu family	: 6
model		: 42
model name	: Intel(R) Core(TM) i3-2375M CPU @ 1.50GHz
stepping	: 7
microcode	: 0x28
cpu MHz		: 861.621
cache size	: 3072 KB
physical id	: 0
siblings	: 4
core id		: 0
cpu cores	: 2
apicid		: 1
initial apicid	: 1
fpu		: yes
fpu_exception	: yes
cpuid level	: 13
wp		: yes
flags		: fpu vme de pse tsc msr pae mce cx8 apic sep mtrr pge mca cmov pat pse36 clflush dts acpi mmx fxsr sse sse2 ss ht tm pbe syscall nx rdtscp lm constant_tsc arch_perfmon pebs bts rep_good nopl xtopology nonstop_tsc aperfmperf eagerfpu pni pclmulqdq dtes64 monitor ds_cpl vmx est tm2 ssse3 cx16 xtpr pdcm pcid sse4_1 sse4_2 x2apic popcnt tsc_deadline_timer xsave avx lahf_lm epb tpr_shadow vnmi flexpriority ept vpid xsaveopt dtherm arat pln pts
bugs		:
bogomips	: 2992.94
clflush size	: 64
cache_alignment	: 64
address sizes	: 36 bits physical, 48 bits virtual
power management:

processor	: 2
vendor_id	: GenuineIntel
cpu family	: 6
model		: 42
model name	: Intel(R) Core(TM) i3-2375M CPU @ 1.50GHz
stepping	: 7
microcode	: 0x28
cpu MHz		: 888.691
cache size	: 3072 KB
physical id	: 0
siblings	: 4
core id		: 1
cpu cores	: 2
apicid		: 2
initial apicid	: 2
fpu		: yes
fpu_exception	: yes
cpuid level	: 13
wp		: yes
flags		: fpu vme de pse tsc msr pae mce cx8 apic sep mtrr pge mca cmov pat pse36 clflush dts acpi mmx fxsr sse sse2 ss ht tm pbe syscall nx rdtscp lm constant_tsc arch_perfmon pebs bts rep_good nopl xtopology nonstop_tsc aperfmperf eagerfpu pni pclmulqdq dtes64 monitor ds_cpl vmx est tm2 ssse3 cx16 xtpr pdcm pcid sse4_1 sse4_2 x2apic popcnt tsc_deadline_timer xsave avx lahf_lm epb tpr_shadow vnmi flexpriority ept vpid xsaveopt dtherm arat pln pts
bugs		:
bogomips	: 2992.94
clflush size	: 64
cache_alignment	: 64
address sizes	: 36 bits physical, 48 bits virtual
power management:

processor	: 3
vendor_id	: GenuineIntel
cpu family	: 6
model		: 42
model name	: Intel(R) Core(TM) i3-2375M CPU @ 1.50GHz
stepping	: 7
microcode	: 0x28
cpu MHz		: 877.324
cache size	: 3072 KB
physical id	: 0
siblings	: 4
core id		: 1
cpu cores	: 2
apicid		: 3
initial apicid	: 3
fpu		: yes
fpu_exception	: yes
cpuid level	: 13
wp		: yes
flags		: fpu vme de pse tsc msr pae mce cx8 apic sep mtrr pge mca cmov pat pse36 clflush dts acpi mmx fxsr sse sse2 ss ht tm pbe syscall nx rdtscp lm constant_tsc arch_perfmon pebs bts rep_good nopl xtopology nonstop_tsc aperfmperf eagerfpu pni pclmulqdq dtes64 monitor ds_cpl vmx est tm2 ssse3 cx16 xtpr pdcm pcid sse4_1 sse4_2 x2apic popcnt tsc_deadline_timer xsave avx lahf_lm epb tpr_shadow vnmi flexpriority ept vpid xsaveopt dtherm arat pln pts
bugs		:
bogomips	: 2992.94
clflush size	: 64
cache_alignment	: 64
address sizes	: 36 bits physical, 48 bits virtual
power management:



Memory: 4k page, physical 5980520k(125096k free), swap 1967100k(20k free)

vm_info: Java HotSpot(TM) 64-Bit Server VM (25.91-b14) for linux-amd64 JRE (1.8.0_91-b14), built on Apr  1 2016 00:57:21 by "java_re" with gcc 4.3.0 20080428 (Red Hat 4.3.0-8)

time: Mon Jul 11 12:55:58 2016
elapsed time: 64 seconds (0d 0h 1m 4s)

