#
# There is insufficient memory for the Java Runtime Environment to continue.
# Native memory allocation (mmap) failed to map 291504128 bytes for committing reserved memory.
# Possible reasons:
#   The system is out of physical RAM or swap space
#   In 32 bit mode, the process size limit was hit
# Possible solutions:
#   Reduce memory load on the system
#   Increase physical memory or swap space
#   Check if swap backing store is full
#   Use 64 bit Java on a 64 bit OS
#   Decrease Java heap size (-Xmx/-Xms)
#   Decrease number of Java threads
#   Decrease Java thread stack sizes (-Xss)
#   Set larger code cache with -XX:ReservedCodeCacheSize=
# This output file may be truncated or incomplete.
#
#  Out of Memory Error (os_linux.cpp:2630), pid=17690, tid=140660837398272
#
# JRE version: OpenJDK Runtime Environment (8.0_91-b14) (build 1.8.0_91-8u91-b14-3ubuntu1~16.04.1-b14)
# Java VM: OpenJDK 64-Bit Server VM (25.91-b14 mixed mode linux-amd64 compressed oops)
# Failed to write core dump. Core dumps have been disabled. To enable core dumping, try "ulimit -c unlimited" before starting Java again
#

---------------  T H R E A D  ---------------

Current thread (0x00007fee40077800):  VMThread [stack: 0x00007fee272f3000,0x00007fee273f4000] [id=17700]

Stack: [0x00007fee272f3000,0x00007fee273f4000],  sp=0x00007fee273f2480,  free space=1021k
Native frames: (J=compiled Java code, j=interpreted, Vv=VM code, C=native code)
V  [libjvm.so+0xa5de1b]
V  [libjvm.so+0x4c178c]
V  [libjvm.so+0x8ae9d0]
V  [libjvm.so+0x8a8e4e]
V  [libjvm.so+0x922f46]
V  [libjvm.so+0x9125da]
V  [libjvm.so+0x9127e3]
V  [libjvm.so+0x913148]
V  [libjvm.so+0x91940e]
V  [libjvm.so+0x920dad]
V  [libjvm.so+0x8d3263]
V  [libjvm.so+0xa5fad2]
V  [libjvm.so+0xa64b57]
V  [libjvm.so+0xa62327]
V  [libjvm.so+0xa637af]
V  [libjvm.so+0xa63ca1]
V  [libjvm.so+0x8abeb2]

VM_Operation (0x00007fee487ec5f0): ParallelGCFailedAllocation, mode: safepoint, requested by thread 0x00007fee4000a800


---------------  P R O C E S S  ---------------

Java Threads: ( => current thread )
  0x00007fee40211800 JavaThread "pool-2-thread-4" [_thread_blocked, id=17713, stack(0x00007fee25b5f000,0x00007fee25c60000)]
  0x00007fee4020f800 JavaThread "pool-2-thread-3" [_thread_blocked, id=17712, stack(0x00007fee25c60000,0x00007fee25d61000)]
  0x00007fee4020e000 JavaThread "pool-2-thread-2" [_thread_blocked, id=17711, stack(0x00007fee25d61000,0x00007fee25e62000)]
  0x00007fee4020c000 JavaThread "pool-3-thread-1" [_thread_blocked, id=17710, stack(0x00007fee25e62000,0x00007fee25f63000)]
  0x00007fee4020b000 JavaThread "pool-2-thread-1" [_thread_blocked, id=17709, stack(0x00007fee25f63000,0x00007fee26064000)]
  0x00007fee400da800 JavaThread "Service Thread" daemon [_thread_blocked, id=17707, stack(0x00007fee2622c000,0x00007fee2632d000)]
  0x00007fee400b2800 JavaThread "C1 CompilerThread2" daemon [_thread_blocked, id=17706, stack(0x00007fee2632d000,0x00007fee2642e000)]
  0x00007fee400b1000 JavaThread "C2 CompilerThread1" daemon [_thread_blocked, id=17705, stack(0x00007fee2642e000,0x00007fee2652f000)]
  0x00007fee400ae000 JavaThread "C2 CompilerThread0" daemon [_thread_blocked, id=17704, stack(0x00007fee2652f000,0x00007fee26630000)]
  0x00007fee400ac000 JavaThread "Signal Dispatcher" daemon [_thread_blocked, id=17703, stack(0x00007fee26630000,0x00007fee26731000)]
  0x00007fee40084000 JavaThread "Finalizer" daemon [_thread_blocked, id=17702, stack(0x00007fee270f1000,0x00007fee271f2000)]
  0x00007fee4007f000 JavaThread "Reference Handler" daemon [_thread_blocked, id=17701, stack(0x00007fee271f2000,0x00007fee272f3000)]
  0x00007fee4000a800 JavaThread "main" [_thread_blocked, id=17695, stack(0x00007fee486ee000,0x00007fee487ef000)]

Other Threads:
=>0x00007fee40077800 VMThread [stack: 0x00007fee272f3000,0x00007fee273f4000] [id=17700]
  0x00007fee400e4800 WatcherThread [stack: 0x00007fee2612b000,0x00007fee2622c000] [id=17708]

VM state:at safepoint (normal execution)

VM Mutex/Monitor currently owned by a thread:  ([mutex/lock_event])
[0x00007fee40006230] ExpandHeap_lock - owner thread: 0x00007fee40077800
[0x00007fee400068b0] Threads_lock - owner thread: 0x00007fee40077800
[0x00007fee40006db0] Heap_lock - owner thread: 0x00007fee4000a800

Heap:
 PSYoungGen      total 465920K, used 20645K [0x00000000d5580000, 0x0000000100000000, 0x0000000100000000)
  eden space 232960K, 0% used [0x00000000d5580000,0x00000000d5580000,0x00000000e3900000)
  from space 232960K, 8% used [0x00000000e3900000,0x00000000e4d29480,0x00000000f1c80000)
  to   space 232448K, 0% used [0x00000000f1d00000,0x00000000f1d00000,0x0000000100000000)
 ParOldGen       total 727040K, used 726649K [0x0000000080000000, 0x00000000ac600000, 0x00000000d5580000)
  object space 727040K, 99% used [0x0000000080000000,0x00000000ac59e620,0x00000000ac600000)
 Metaspace       used 6578K, capacity 7280K, committed 7552K, reserved 1056768K
  class space    used 598K, capacity 616K, committed 640K, reserved 1048576K

Card table byte_map: [0x00007fee449c0000,0x00007fee44dc1000] byte_map_base: 0x00007fee445c0000

Marking Bits: (ParMarkBitMap*) 0x00007fee479c7fc0
 Begin Bits: [0x00007fee2d000000, 0x00007fee2f000000)
 End Bits:   [0x00007fee2f000000, 0x00007fee31000000)

Polling page: 0x00007fee48819000

CodeCache: size=245760Kb used=12141Kb max_used=14085Kb free=233618Kb
 bounds [0x00007fee31000000, 0x00007fee31df0000, 0x00007fee40000000]
 total_blobs=2716 nmethods=2447 adapters=183
 compilation: enabled

Compilation events (10 events):
Event: 120.808 Thread 0x00007fee400b1000 3753       4       com.android.dx.rop.annotation.NameValuePair::<init> (43 bytes)
Event: 120.811 Thread 0x00007fee400b1000 nmethod 3753 0x00007fee3123f090 code [0x00007fee3123f1e0, 0x00007fee3123f298]
Event: 120.901 Thread 0x00007fee400b1000 3754       4       com.android.dx.rop.cst.StdConstantPool::get0Ok (12 bytes)
Event: 120.902 Thread 0x00007fee400b1000 nmethod 3754 0x00007fee314ff650 code [0x00007fee314ff7a0, 0x00007fee314ff858]
Event: 120.911 Thread 0x00007fee400ae000 3755       4       com.android.dx.cf.code.Merger::isPossiblyAssignableFrom (202 bytes)
Event: 120.928 Thread 0x00007fee400ae000 nmethod 3755 0x00007fee311ddad0 code [0x00007fee311ddd00, 0x00007fee311de3d0]
Event: 120.929 Thread 0x00007fee400b2800 3756       3       com.android.dx.rop.type.StdTypeList::withAddedType (55 bytes)
Event: 120.931 Thread 0x00007fee400b2800 nmethod 3756 0x00007fee313d6dd0 code [0x00007fee313d7080, 0x00007fee313d8418]
Event: 121.471 Thread 0x00007fee400b1000 3757       4       com.android.dx.rop.type.Type::getComponentType (70 bytes)
Event: 121.485 Thread 0x00007fee400b1000 nmethod 3757 0x00007fee3115bd10 code [0x00007fee3115bea0, 0x00007fee3115c328]

GC Heap History (10 events):
Event: 90.308 GC heap after
Heap after GC invocations=24 (full 5):
 PSYoungGen      total 510464K, used 101639K [0x00000000d5580000, 0x0000000100000000, 0x0000000100000000)
  eden space 344576K, 0% used [0x00000000d5580000,0x00000000d5580000,0x00000000ea600000)
  from space 165888K, 61% used [0x00000000ea600000,0x00000000f0941c38,0x00000000f4800000)
  to   space 168960K, 0% used [0x00000000f5b00000,0x00000000f5b00000,0x0000000100000000)
 ParOldGen       total 727040K, used 547315K [0x0000000080000000, 0x00000000ac600000, 0x00000000d5580000)
  object space 727040K, 75% used [0x0000000080000000,0x00000000a167cc88,0x00000000ac600000)
 Metaspace       used 6565K, capacity 7280K, committed 7552K, reserved 1056768K
  class space    used 597K, capacity 616K, committed 640K, reserved 1048576K
}
Event: 95.283 GC heap before
{Heap before GC invocations=25 (full 5):
 PSYoungGen      total 510464K, used 446215K [0x00000000d5580000, 0x0000000100000000, 0x0000000100000000)
  eden space 344576K, 100% used [0x00000000d5580000,0x00000000ea600000,0x00000000ea600000)
  from space 165888K, 61% used [0x00000000ea600000,0x00000000f0941c38,0x00000000f4800000)
  to   space 168960K, 0% used [0x00000000f5b00000,0x00000000f5b00000,0x0000000100000000)
 ParOldGen       total 727040K, used 547315K [0x0000000080000000, 0x00000000ac600000, 0x00000000d5580000)
  object space 727040K, 75% used [0x0000000080000000,0x00000000a167cc88,0x00000000ac600000)
 Metaspace       used 6569K, capacity 7280K, committed 7552K, reserved 1056768K
  class space    used 597K, capacity 616K, committed 640K, reserved 1048576K
Event: 97.879 GC heap after
Heap after GC invocations=25 (full 5):
 PSYoungGen      total 489984K, used 151238K [0x00000000d5580000, 0x0000000100000000, 0x0000000100000000)
  eden space 321024K, 0% used [0x00000000d5580000,0x00000000d5580000,0x00000000e8f00000)
  from space 168960K, 89% used [0x00000000f5b00000,0x00000000feeb1810,0x0000000100000000)
  to   space 188928K, 0% used [0x00000000e8f00000,0x00000000e8f00000,0x00000000f4780000)
 ParOldGen       total 727040K, used 547323K [0x0000000080000000, 0x00000000ac600000, 0x00000000d5580000)
  object space 727040K, 75% used [0x0000000080000000,0x00000000a167ec88,0x00000000ac600000)
 Metaspace       used 6569K, capacity 7280K, committed 7552K, reserved 1056768K
  class space    used 597K, capacity 616K, committed 640K, reserved 1048576K
}
Event: 107.925 GC heap before
{Heap before GC invocations=26 (full 5):
 PSYoungGen      total 489984K, used 472262K [0x00000000d5580000, 0x0000000100000000, 0x0000000100000000)
  eden space 321024K, 100% used [0x00000000d5580000,0x00000000e8f00000,0x00000000e8f00000)
  from space 168960K, 89% used [0x00000000f5b00000,0x00000000feeb1810,0x0000000100000000)
  to   space 188928K, 0% used [0x00000000e8f00000,0x00000000e8f00000,0x00000000f4780000)
 ParOldGen       total 727040K, used 547323K [0x0000000080000000, 0x00000000ac600000, 0x00000000d5580000)
  object space 727040K, 75% used [0x0000000080000000,0x00000000a167ec88,0x00000000ac600000)
 Metaspace       used 6575K, capacity 7280K, committed 7552K, reserved 1056768K
  class space    used 598K, capacity 616K, committed 640K, reserved 1048576K
Event: 108.264 GC heap after
Heap after GC invocations=26 (full 5):
 PSYoungGen      total 468992K, used 147775K [0x00000000d5580000, 0x0000000100000000, 0x0000000100000000)
  eden space 321024K, 0% used [0x00000000d5580000,0x00000000d5580000,0x00000000e8f00000)
  from space 147968K, 99% used [0x00000000e8f00000,0x00000000f1f4fca0,0x00000000f1f80000)
  to   space 203776K, 0% used [0x00000000f3900000,0x00000000f3900000,0x0000000100000000)
 ParOldGen       total 727040K, used 591447K [0x0000000080000000, 0x00000000ac600000, 0x00000000d5580000)
  object space 727040K, 81% used [0x0000000080000000,0x00000000a4195e98,0x00000000ac600000)
 Metaspace       used 6575K, capacity 7280K, committed 7552K, reserved 1056768K
  class space    used 598K, capacity 616K, committed 640K, reserved 1048576K
}
Event: 115.596 GC heap before
{Heap before GC invocations=27 (full 5):
 PSYoungGen      total 468992K, used 468799K [0x00000000d5580000, 0x0000000100000000, 0x0000000100000000)
  eden space 321024K, 100% used [0x00000000d5580000,0x00000000e8f00000,0x00000000e8f00000)
  from space 147968K, 99% used [0x00000000e8f00000,0x00000000f1f4fca0,0x00000000f1f80000)
  to   space 203776K, 0% used [0x00000000f3900000,0x00000000f3900000,0x0000000100000000)
 ParOldGen       total 727040K, used 591447K [0x0000000080000000, 0x00000000ac600000, 0x00000000d5580000)
  object space 727040K, 81% used [0x0000000080000000,0x00000000a4195e98,0x00000000ac600000)
 Metaspace       used 6576K, capacity 7280K, committed 7552K, reserved 1056768K
  class space    used 598K, capacity 616K, committed 640K, reserved 1048576K
Event: 116.939 GC heap after
Heap after GC invocations=27 (full 5):
 PSYoungGen      total 436736K, used 198104K [0x00000000d5580000, 0x0000000100000000, 0x0000000100000000)
  eden space 232960K, 0% used [0x00000000d5580000,0x00000000d5580000,0x00000000e3900000)
  from space 203776K, 97% used [0x00000000f3900000,0x00000000ffa76070,0x0000000100000000)
  to   space 232960K, 0% used [0x00000000e3900000,0x00000000e3900000,0x00000000f1c80000)
 ParOldGen       total 727040K, used 591447K [0x0000000080000000, 0x00000000ac600000, 0x00000000d5580000)
  object space 727040K, 81% used [0x0000000080000000,0x00000000a4195e98,0x00000000ac600000)
 Metaspace       used 6576K, capacity 7280K, committed 7552K, reserved 1056768K
  class space    used 598K, capacity 616K, committed 640K, reserved 1048576K
}
Event: 121.522 GC heap before
{Heap before GC invocations=28 (full 5):
 PSYoungGen      total 436736K, used 431064K [0x00000000d5580000, 0x0000000100000000, 0x0000000100000000)
  eden space 232960K, 100% used [0x00000000d5580000,0x00000000e3900000,0x00000000e3900000)
  from space 203776K, 97% used [0x00000000f3900000,0x00000000ffa76070,0x0000000100000000)
  to   space 232960K, 0% used [0x00000000e3900000,0x00000000e3900000,0x00000000f1c80000)
 ParOldGen       total 727040K, used 591447K [0x0000000080000000, 0x00000000ac600000, 0x00000000d5580000)
  object space 727040K, 81% used [0x0000000080000000,0x00000000a4195e98,0x00000000ac600000)
 Metaspace       used 6578K, capacity 7280K, committed 7552K, reserved 1056768K
  class space    used 598K, capacity 616K, committed 640K, reserved 1048576K
Event: 127.640 GC heap after
Heap after GC invocations=28 (full 5):
 PSYoungGen      total 465920K, used 129912K [0x00000000d5580000, 0x0000000100000000, 0x0000000100000000)
  eden space 232960K, 0% used [0x00000000d5580000,0x00000000d5580000,0x00000000e3900000)
  from space 232960K, 55% used [0x00000000e3900000,0x00000000eb7de228,0x00000000f1c80000)
  to   space 232448K, 0% used [0x00000000f1d00000,0x00000000f1d00000,0x0000000100000000)
 ParOldGen       total 727040K, used 697391K [0x0000000080000000, 0x00000000ac600000, 0x00000000d5580000)
  object space 727040K, 95% used [0x0000000080000000,0x00000000aa90be50,0x00000000ac600000)
 Metaspace       used 6578K, capacity 7280K, committed 7552K, reserved 1056768K
  class space    used 598K, capacity 616K, committed 640K, reserved 1048576K
}
Event: 128.519 GC heap before
{Heap before GC invocations=29 (full 6):
 PSYoungGen      total 465920K, used 129912K [0x00000000d5580000, 0x0000000100000000, 0x0000000100000000)
  eden space 232960K, 0% used [0x00000000d5580000,0x00000000d5580000,0x00000000e3900000)
  from space 232960K, 55% used [0x00000000e3900000,0x00000000eb7de228,0x00000000f1c80000)
  to   space 232448K, 0% used [0x00000000f1d00000,0x00000000f1d00000,0x0000000100000000)
 ParOldGen       total 727040K, used 697391K [0x0000000080000000, 0x00000000ac600000, 0x00000000d5580000)
  object space 727040K, 95% used [0x0000000080000000,0x00000000aa90be50,0x00000000ac600000)
 Metaspace       used 6578K, capacity 7280K, committed 7552K, reserved 1056768K
  class space    used 598K, capacity 616K, committed 640K, reserved 1048576K

Deoptimization events (10 events):
Event: 99.093 Thread 0x00007fee4020b000 Uncommon trap: reason=class_check action=maybe_recompile pc=0x00007fee31170a28 method=java.util.regex.Matcher.search(I)Z @ 86
Event: 99.094 Thread 0x00007fee4020b000 Uncommon trap: reason=unloaded action=reinterpret pc=0x00007fee31bb23d8 method=com.android.dx.dex.cf.AttributeTranslator.getClassAnnotations(Lcom/android/dx/cf/direct/DirectClassFile;Lcom/android/dx/dex/cf/CfOptions;)Lcom/android/dx/rop/annotation/Annotat
Event: 109.492 Thread 0x00007fee4020e000 Uncommon trap: reason=unstable_if action=reinterpret pc=0x00007fee311e5b48 method=com.android.dx.dex.cf.AttributeTranslator.getParameterAnnotations(Lcom/android/dx/cf/iface/Method;)Lcom/android/dx/rop/annotation/AnnotationsList; @ 32
Event: 112.434 Thread 0x00007fee4020e000 Uncommon trap: reason=unstable_if action=reinterpret pc=0x00007fee316ed568 method=com.android.dx.dex.code.OutputFinisher.hasLocalInfo(Lcom/android/dx/dex/code/DalvInsn;)Z @ 35
Event: 114.794 Thread 0x00007fee4020e000 Uncommon trap: reason=unstable_if action=reinterpret pc=0x00007fee3120eea4 method=com.android.dx.cf.code.Merger.mergeType(Lcom/android/dx/rop/type/TypeBearer;Lcom/android/dx/rop/type/TypeBearer;)Lcom/android/dx/rop/type/TypeBearer; @ 84
Event: 115.462 Thread 0x00007fee4020e000 Uncommon trap: reason=bimorphic action=maybe_recompile pc=0x00007fee312d7330 method=com.android.dx.cf.code.OneLocalsArray.set(ILcom/android/dx/rop/type/TypeBearer;)V @ 85
Event: 115.462 Thread 0x00007fee4020e000 Uncommon trap: reason=bimorphic action=maybe_recompile pc=0x00007fee312d7330 method=com.android.dx.cf.code.OneLocalsArray.set(ILcom/android/dx/rop/type/TypeBearer;)V @ 85
Event: 115.462 Thread 0x00007fee4020e000 Uncommon trap: reason=bimorphic action=maybe_recompile pc=0x00007fee312d7330 method=com.android.dx.cf.code.OneLocalsArray.set(ILcom/android/dx/rop/type/TypeBearer;)V @ 85
Event: 118.962 Thread 0x00007fee4020e000 Uncommon trap: reason=unstable_if action=reinterpret pc=0x00007fee3183274c method=com.android.dx.cf.code.Merger.isPossiblyAssignableFrom(Lcom/android/dx/rop/type/TypeBearer;Lcom/android/dx/rop/type/TypeBearer;)Z @ 177
Event: 118.996 Thread 0x00007fee4020f800 Uncommon trap: reason=unstable_if action=reinterpret pc=0x00007fee3131db24 method=com.android.dx.cf.code.Merger.isPossiblyAssignableFrom(Lcom/android/dx/rop/type/TypeBearer;Lcom/android/dx/rop/type/TypeBearer;)Z @ 177

Internal exceptions (10 events):
Event: 2.550 Thread 0x00007fee4000a800 Implicit null exception at 0x00007fee31368ebb to 0x00007fee3136a77d
Event: 3.068 Thread 0x00007fee4020b000 Implicit null exception at 0x00007fee3137396c to 0x00007fee31376199
Event: 3.190 Thread 0x00007fee40211800 Implicit null exception at 0x00007fee313ef5fb to 0x00007fee313ef785
Event: 3.713 Thread 0x00007fee4020f800 Exception <a 'java/lang/ArrayIndexOutOfBoundsException': 18> (0x00000000da64f4f0) thrown at [/build/openjdk-8-W1Ghxo/openjdk-8-8u91-b14/src/hotspot/src/share/vm/interpreter/interpreterRuntime.cpp, line 366]
Event: 3.714 Thread 0x00007fee4020f800 Exception <a 'java/lang/ArrayIndexOutOfBoundsException': 145> (0x00000000da651070) thrown at [/build/openjdk-8-W1Ghxo/openjdk-8-8u91-b14/src/hotspot/src/share/vm/interpreter/interpreterRuntime.cpp, line 366]
Event: 3.935 Thread 0x00007fee4020f800 Exception <a 'java/lang/ArrayIndexOutOfBoundsException'> (0x00000000da652358) thrown at [/build/openjdk-8-W1Ghxo/openjdk-8-8u91-b14/src/hotspot/src/share/vm/runtime/sharedRuntime.cpp, line 605]
Event: 45.886 Thread 0x00007fee4020f800 Implicit null exception at 0x00007fee31b1dca1 to 0x00007fee31b1f165
Event: 84.794 Thread 0x00007fee40211800 Implicit null exception at 0x00007fee314cd9a8 to 0x00007fee314cf7c0
Event: 86.870 Thread 0x00007fee4020f800 Implicit null exception at 0x00007fee316c1839 to 0x00007fee316c2681
Event: 112.434 Thread 0x00007fee4020e000 Implicit null exception at 0x00007fee316ec839 to 0x00007fee316ed541

Events (10 events):
Event: 121.485 Thread 0x00007fee400b1000 flushing nmethod 0x00007fee317aff10
Event: 121.485 Thread 0x00007fee400b1000 flushing nmethod 0x00007fee317b2f50
Event: 121.485 Thread 0x00007fee400b1000 flushing nmethod 0x00007fee317b6d50
Event: 121.485 Thread 0x00007fee400b1000 flushing nmethod 0x00007fee317b7090
Event: 121.485 Thread 0x00007fee400b1000 flushing nmethod 0x00007fee317b80d0
Event: 121.485 Thread 0x00007fee400b1000 flushing nmethod 0x00007fee317bd650
Event: 121.485 Thread 0x00007fee400b1000 flushing nmethod 0x00007fee317c0610
Event: 121.485 Thread 0x00007fee400b1000 flushing nmethod 0x00007fee317c09d0
Event: 121.485 Thread 0x00007fee400b1000 flushing nmethod 0x00007fee317cbf50
Event: 121.522 Executing VM operation: ParallelGCFailedAllocation


Dynamic libraries:
00400000-00401000 r-xp 00000000 08:05 11538928                           /usr/lib/jvm/java-8-openjdk-amd64/jre/bin/java
00600000-00601000 r--p 00000000 08:05 11538928                           /usr/lib/jvm/java-8-openjdk-amd64/jre/bin/java
00601000-00602000 rw-p 00001000 08:05 11538928                           /usr/lib/jvm/java-8-openjdk-amd64/jre/bin/java
008d2000-008f3000 rw-p 00000000 00:00 0                                  [heap]
80000000-ac600000 rw-p 00000000 00:00 0 
bdc00000-d5580000 ---p 00000000 00:00 0 
d5580000-100000000 rw-p 00000000 00:00 0 
100000000-1000a0000 rw-p 00000000 00:00 0 
1000a0000-140000000 ---p 00000000 00:00 0 
7fede0000000-7fede0056000 rw-p 00000000 00:00 0 
7fede0056000-7fede4000000 ---p 00000000 00:00 0 
7fede4000000-7fede4030000 rw-p 00000000 00:00 0 
7fede4030000-7fede8000000 ---p 00000000 00:00 0 
7fede8000000-7fede8021000 rw-p 00000000 00:00 0 
7fede8021000-7fedec000000 ---p 00000000 00:00 0 
7fedec000000-7fedec042000 rw-p 00000000 00:00 0 
7fedec042000-7fedf0000000 ---p 00000000 00:00 0 
7fedf0000000-7fedf0021000 rw-p 00000000 00:00 0 
7fedf0021000-7fedf4000000 ---p 00000000 00:00 0 
7fedf4000000-7fedf4030000 rw-p 00000000 00:00 0 
7fedf4030000-7fedf8000000 ---p 00000000 00:00 0 
7fedf8000000-7fedf88bb000 rw-p 00000000 00:00 0 
7fedf88bb000-7fedfc000000 ---p 00000000 00:00 0 
7fedfc000000-7fedfc021000 rw-p 00000000 00:00 0 
7fedfc021000-7fee00000000 ---p 00000000 00:00 0 
7fee00000000-7fee01863000 rw-p 00000000 00:00 0 
7fee01863000-7fee04000000 ---p 00000000 00:00 0 
7fee04000000-7fee068c7000 rw-p 00000000 00:00 0 
7fee068c7000-7fee08000000 ---p 00000000 00:00 0 
7fee08000000-7fee08021000 rw-p 00000000 00:00 0 
7fee08021000-7fee0c000000 ---p 00000000 00:00 0 
7fee0c000000-7fee0c021000 rw-p 00000000 00:00 0 
7fee0c021000-7fee10000000 ---p 00000000 00:00 0 
7fee10000000-7fee1002a000 rw-p 00000000 00:00 0 
7fee1002a000-7fee14000000 ---p 00000000 00:00 0 
7fee14000000-7fee14021000 rw-p 00000000 00:00 0 
7fee14021000-7fee18000000 ---p 00000000 00:00 0 
7fee18000000-7fee18021000 rw-p 00000000 00:00 0 
7fee18021000-7fee1c000000 ---p 00000000 00:00 0 
7fee1c000000-7fee1c021000 rw-p 00000000 00:00 0 
7fee1c021000-7fee20000000 ---p 00000000 00:00 0 
7fee20000000-7fee20021000 rw-p 00000000 00:00 0 
7fee20021000-7fee24000000 ---p 00000000 00:00 0 
7fee25b5f000-7fee25b62000 ---p 00000000 00:00 0 
7fee25b62000-7fee25c60000 rw-p 00000000 00:00 0 
7fee25c60000-7fee25c63000 ---p 00000000 00:00 0 
7fee25c63000-7fee25d61000 rw-p 00000000 00:00 0 
7fee25d61000-7fee25d64000 ---p 00000000 00:00 0 
7fee25d64000-7fee25e62000 rw-p 00000000 00:00 0 
7fee25e62000-7fee25e65000 ---p 00000000 00:00 0 
7fee25e65000-7fee25f63000 rw-p 00000000 00:00 0 
7fee25f63000-7fee25f66000 ---p 00000000 00:00 0 
7fee25f66000-7fee26064000 rw-p 00000000 00:00 0 
7fee26064000-7fee2612b000 r--s 009cc000 08:05 6577658                    /home/control/AndroidStudioProjects/CitizenReporter/WordPress/build/intermediates/transforms/jarMerging/eNCA/debug/jars/1/1f/combined.jar
7fee2612b000-7fee2612c000 ---p 00000000 00:00 0 
7fee2612c000-7fee2622c000 rw-p 00000000 00:00 0 
7fee2622c000-7fee2622f000 ---p 00000000 00:00 0 
7fee2622f000-7fee2632d000 rw-p 00000000 00:00 0 
7fee2632d000-7fee26330000 ---p 00000000 00:00 0 
7fee26330000-7fee2642e000 rw-p 00000000 00:00 0 
7fee2642e000-7fee26431000 ---p 00000000 00:00 0 
7fee26431000-7fee2652f000 rw-p 00000000 00:00 0 
7fee2652f000-7fee26532000 ---p 00000000 00:00 0 
7fee26532000-7fee26630000 rw-p 00000000 00:00 0 
7fee26630000-7fee26633000 ---p 00000000 00:00 0 
7fee26633000-7fee26731000 rw-p 00000000 00:00 0 
7fee26731000-7fee270f1000 r--p 00000000 08:05 11148265                   /usr/lib/locale/locale-archive
7fee270f1000-7fee270f4000 ---p 00000000 00:00 0 
7fee270f4000-7fee271f2000 rw-p 00000000 00:00 0 
7fee271f2000-7fee271f5000 ---p 00000000 00:00 0 
7fee271f5000-7fee272f3000 rw-p 00000000 00:00 0 
7fee272f3000-7fee272f4000 ---p 00000000 00:00 0 
7fee272f4000-7fee28000000 rw-p 00000000 00:00 0 
7fee28000000-7fee28021000 rw-p 00000000 00:00 0 
7fee28021000-7fee2c000000 ---p 00000000 00:00 0 
7fee2c0b3000-7fee2c0c1000 r--s 000e0000 08:05 6163655                    /home/control/Android/Sdk/build-tools/24.0.1/lib/dx.jar
7fee2c0c1000-7fee2c0dc000 r--s 001d7000 08:05 11538941                   /usr/lib/jvm/java-8-openjdk-amd64/jre/lib/ext/nashorn.jar
7fee2c0dc000-7fee2cac0000 rw-p 00000000 00:00 0 
7fee2cac0000-7fee2cc00000 ---p 00000000 00:00 0 
7fee2cc00000-7fee31000000 rw-p 00000000 00:00 0 
7fee31000000-7fee31df0000 rwxp 00000000 00:00 0 
7fee31df0000-7fee40000000 ---p 00000000 00:00 0 
7fee40000000-7fee40410000 rw-p 00000000 00:00 0 
7fee40410000-7fee44000000 ---p 00000000 00:00 0 
7fee44001000-7fee4401d000 r--s 00393000 08:05 11538943                   /usr/lib/jvm/java-8-openjdk-amd64/jre/lib/ext/cldrdata.jar
7fee4401d000-7fee440cd000 rw-p 00000000 00:00 0 
7fee440cd000-7fee4429b000 r--s 03beb000 08:05 11409706                   /usr/lib/jvm/java-8-openjdk-amd64/jre/lib/rt.jar
7fee4429b000-7fee44311000 rw-p 00000000 00:00 0 
7fee44311000-7fee44312000 ---p 00000000 00:00 0 
7fee44312000-7fee44412000 rw-p 00000000 00:00 0 
7fee44412000-7fee44413000 ---p 00000000 00:00 0 
7fee44413000-7fee44513000 rw-p 00000000 00:00 0 
7fee44513000-7fee44514000 ---p 00000000 00:00 0 
7fee44514000-7fee44614000 rw-p 00000000 00:00 0 
7fee44614000-7fee44615000 ---p 00000000 00:00 0 
7fee44615000-7fee44878000 rw-p 00000000 00:00 0 
7fee44878000-7fee449c0000 ---p 00000000 00:00 0 
7fee449c0000-7fee44b23000 rw-p 00000000 00:00 0 
7fee44b23000-7fee44c6a000 ---p 00000000 00:00 0 
7fee44c6a000-7fee44dc0000 rw-p 00000000 00:00 0 
7fee44dc0000-7fee44df9000 rw-p 00000000 00:00 0 
7fee44df9000-7fee45181000 ---p 00000000 00:00 0 
7fee45181000-7fee45189000 r-xp 00000000 08:05 11409684                   /usr/lib/jvm/java-8-openjdk-amd64/jre/lib/amd64/libzip.so
7fee45189000-7fee45388000 ---p 00008000 08:05 11409684                   /usr/lib/jvm/java-8-openjdk-amd64/jre/lib/amd64/libzip.so
7fee45388000-7fee45389000 r--p 00007000 08:05 11409684                   /usr/lib/jvm/java-8-openjdk-amd64/jre/lib/amd64/libzip.so
7fee45389000-7fee4538a000 rw-p 00008000 08:05 11409684                   /usr/lib/jvm/java-8-openjdk-amd64/jre/lib/amd64/libzip.so
7fee4538a000-7fee45395000 r-xp 00000000 08:05 2232861                    /lib/x86_64-linux-gnu/libnss_files-2.23.so
7fee45395000-7fee45594000 ---p 0000b000 08:05 2232861                    /lib/x86_64-linux-gnu/libnss_files-2.23.so
7fee45594000-7fee45595000 r--p 0000a000 08:05 2232861                    /lib/x86_64-linux-gnu/libnss_files-2.23.so
7fee45595000-7fee45596000 rw-p 0000b000 08:05 2232861                    /lib/x86_64-linux-gnu/libnss_files-2.23.so
7fee45596000-7fee4559c000 rw-p 00000000 00:00 0 
7fee4559c000-7fee455a7000 r-xp 00000000 08:05 2232871                    /lib/x86_64-linux-gnu/libnss_nis-2.23.so
7fee455a7000-7fee457a6000 ---p 0000b000 08:05 2232871                    /lib/x86_64-linux-gnu/libnss_nis-2.23.so
7fee457a6000-7fee457a7000 r--p 0000a000 08:05 2232871                    /lib/x86_64-linux-gnu/libnss_nis-2.23.so
7fee457a7000-7fee457a8000 rw-p 0000b000 08:05 2232871                    /lib/x86_64-linux-gnu/libnss_nis-2.23.so
7fee457a8000-7fee457be000 r-xp 00000000 08:05 2232855                    /lib/x86_64-linux-gnu/libnsl-2.23.so
7fee457be000-7fee459bd000 ---p 00016000 08:05 2232855                    /lib/x86_64-linux-gnu/libnsl-2.23.so
7fee459bd000-7fee459be000 r--p 00015000 08:05 2232855                    /lib/x86_64-linux-gnu/libnsl-2.23.so
7fee459be000-7fee459bf000 rw-p 00016000 08:05 2232855                    /lib/x86_64-linux-gnu/libnsl-2.23.so
7fee459bf000-7fee459c1000 rw-p 00000000 00:00 0 
7fee459c1000-7fee459c9000 r-xp 00000000 08:05 2232857                    /lib/x86_64-linux-gnu/libnss_compat-2.23.so
7fee459c9000-7fee45bc8000 ---p 00008000 08:05 2232857                    /lib/x86_64-linux-gnu/libnss_compat-2.23.so
7fee45bc8000-7fee45bc9000 r--p 00007000 08:05 2232857                    /lib/x86_64-linux-gnu/libnss_compat-2.23.so
7fee45bc9000-7fee45bca000 rw-p 00008000 08:05 2232857                    /lib/x86_64-linux-gnu/libnss_compat-2.23.so
7fee45bca000-7fee45bf7000 r-xp 00000000 08:05 11409672                   /usr/lib/jvm/java-8-openjdk-amd64/jre/lib/amd64/libjava.so
7fee45bf7000-7fee45df6000 ---p 0002d000 08:05 11409672                   /usr/lib/jvm/java-8-openjdk-amd64/jre/lib/amd64/libjava.so
7fee45df6000-7fee45df7000 r--p 0002c000 08:05 11409672                   /usr/lib/jvm/java-8-openjdk-amd64/jre/lib/amd64/libjava.so
7fee45df7000-7fee45df9000 rw-p 0002d000 08:05 11409672                   /usr/lib/jvm/java-8-openjdk-amd64/jre/lib/amd64/libjava.so
7fee45df9000-7fee45e08000 r-xp 00000000 08:05 11409673                   /usr/lib/jvm/java-8-openjdk-amd64/jre/lib/amd64/libverify.so
7fee45e08000-7fee46007000 ---p 0000f000 08:05 11409673                   /usr/lib/jvm/java-8-openjdk-amd64/jre/lib/amd64/libverify.so
7fee46007000-7fee46009000 r--p 0000e000 08:05 11409673                   /usr/lib/jvm/java-8-openjdk-amd64/jre/lib/amd64/libverify.so
7fee46009000-7fee4600a000 rw-p 00010000 08:05 11409673                   /usr/lib/jvm/java-8-openjdk-amd64/jre/lib/amd64/libverify.so
7fee4600a000-7fee46011000 r-xp 00000000 08:05 2232916                    /lib/x86_64-linux-gnu/librt-2.23.so
7fee46011000-7fee46210000 ---p 00007000 08:05 2232916                    /lib/x86_64-linux-gnu/librt-2.23.so
7fee46210000-7fee46211000 r--p 00006000 08:05 2232916                    /lib/x86_64-linux-gnu/librt-2.23.so
7fee46211000-7fee46212000 rw-p 00007000 08:05 2232916                    /lib/x86_64-linux-gnu/librt-2.23.so
7fee46212000-7fee46228000 r-xp 00000000 08:05 2232800                    /lib/x86_64-linux-gnu/libgcc_s.so.1
7fee46228000-7fee46427000 ---p 00016000 08:05 2232800                    /lib/x86_64-linux-gnu/libgcc_s.so.1
7fee46427000-7fee46428000 rw-p 00015000 08:05 2232800                    /lib/x86_64-linux-gnu/libgcc_s.so.1
7fee46428000-7fee46530000 r-xp 00000000 08:05 2232832                    /lib/x86_64-linux-gnu/libm-2.23.so
7fee46530000-7fee4672f000 ---p 00108000 08:05 2232832                    /lib/x86_64-linux-gnu/libm-2.23.so
7fee4672f000-7fee46730000 r--p 00107000 08:05 2232832                    /lib/x86_64-linux-gnu/libm-2.23.so
7fee46730000-7fee46731000 rw-p 00108000 08:05 2232832                    /lib/x86_64-linux-gnu/libm-2.23.so
7fee46731000-7fee468a3000 r-xp 00000000 08:05 11147287                   /usr/lib/x86_64-linux-gnu/libstdc++.so.6.0.21
7fee468a3000-7fee46aa3000 ---p 00172000 08:05 11147287                   /usr/lib/x86_64-linux-gnu/libstdc++.so.6.0.21
7fee46aa3000-7fee46aad000 r--p 00172000 08:05 11147287                   /usr/lib/x86_64-linux-gnu/libstdc++.so.6.0.21
7fee46aad000-7fee46aaf000 rw-p 0017c000 08:05 11147287                   /usr/lib/x86_64-linux-gnu/libstdc++.so.6.0.21
7fee46aaf000-7fee46ab3000 rw-p 00000000 00:00 0 
7fee46ab3000-7fee476f9000 r-xp 00000000 08:05 11538932                   /usr/lib/jvm/java-8-openjdk-amd64/jre/lib/amd64/server/libjvm.so
7fee476f9000-7fee478f9000 ---p 00c46000 08:05 11538932                   /usr/lib/jvm/java-8-openjdk-amd64/jre/lib/amd64/server/libjvm.so
7fee478f9000-7fee4798c000 r--p 00c46000 08:05 11538932                   /usr/lib/jvm/java-8-openjdk-amd64/jre/lib/amd64/server/libjvm.so
7fee4798c000-7fee479b4000 rw-p 00cd9000 08:05 11538932                   /usr/lib/jvm/java-8-openjdk-amd64/jre/lib/amd64/server/libjvm.so
7fee479b4000-7fee479e4000 rw-p 00000000 00:00 0 
7fee479e4000-7fee479fc000 r-xp 00000000 08:05 2232908                    /lib/x86_64-linux-gnu/libpthread-2.23.so
7fee479fc000-7fee47bfb000 ---p 00018000 08:05 2232908                    /lib/x86_64-linux-gnu/libpthread-2.23.so
7fee47bfb000-7fee47bfc000 r--p 00017000 08:05 2232908                    /lib/x86_64-linux-gnu/libpthread-2.23.so
7fee47bfc000-7fee47bfd000 rw-p 00018000 08:05 2232908                    /lib/x86_64-linux-gnu/libpthread-2.23.so
7fee47bfd000-7fee47c01000 rw-p 00000000 00:00 0 
7fee47c01000-7fee47c04000 r-xp 00000000 08:05 2232786                    /lib/x86_64-linux-gnu/libdl-2.23.so
7fee47c04000-7fee47e03000 ---p 00003000 08:05 2232786                    /lib/x86_64-linux-gnu/libdl-2.23.so
7fee47e03000-7fee47e04000 r--p 00002000 08:05 2232786                    /lib/x86_64-linux-gnu/libdl-2.23.so
7fee47e04000-7fee47e05000 rw-p 00003000 08:05 2232786                    /lib/x86_64-linux-gnu/libdl-2.23.so
7fee47e05000-7fee47e1e000 r-xp 00000000 08:05 2232953                    /lib/x86_64-linux-gnu/libz.so.1.2.8
7fee47e1e000-7fee4801d000 ---p 00019000 08:05 2232953                    /lib/x86_64-linux-gnu/libz.so.1.2.8
7fee4801d000-7fee4801e000 r--p 00018000 08:05 2232953                    /lib/x86_64-linux-gnu/libz.so.1.2.8
7fee4801e000-7fee4801f000 rw-p 00019000 08:05 2232953                    /lib/x86_64-linux-gnu/libz.so.1.2.8
7fee4801f000-7fee481df000 r-xp 00000000 08:05 2232762                    /lib/x86_64-linux-gnu/libc-2.23.so
7fee481df000-7fee483de000 ---p 001c0000 08:05 2232762                    /lib/x86_64-linux-gnu/libc-2.23.so
7fee483de000-7fee483e2000 r--p 001bf000 08:05 2232762                    /lib/x86_64-linux-gnu/libc-2.23.so
7fee483e2000-7fee483e4000 rw-p 001c3000 08:05 2232762                    /lib/x86_64-linux-gnu/libc-2.23.so
7fee483e4000-7fee483e8000 rw-p 00000000 00:00 0 
7fee483e8000-7fee483f5000 r-xp 00000000 08:05 11409697                   /usr/lib/jvm/java-8-openjdk-amd64/jre/lib/amd64/jli/libjli.so
7fee483f5000-7fee485f5000 ---p 0000d000 08:05 11409697                   /usr/lib/jvm/java-8-openjdk-amd64/jre/lib/amd64/jli/libjli.so
7fee485f5000-7fee485f6000 r--p 0000d000 08:05 11409697                   /usr/lib/jvm/java-8-openjdk-amd64/jre/lib/amd64/jli/libjli.so
7fee485f6000-7fee485f7000 rw-p 0000e000 08:05 11409697                   /usr/lib/jvm/java-8-openjdk-amd64/jre/lib/amd64/jli/libjli.so
7fee485f7000-7fee4861d000 r-xp 00000000 08:05 2232734                    /lib/x86_64-linux-gnu/ld-2.23.so
7fee48622000-7fee486ee000 rw-p 00000000 00:00 0 
7fee486ee000-7fee486f1000 ---p 00000000 00:00 0 
7fee486f1000-7fee487f4000 rw-p 00000000 00:00 0 
7fee487f5000-7fee487fa000 r--s 0003b000 08:05 11538947                   /usr/lib/jvm/java-8-openjdk-amd64/jre/lib/ext/sunjce_provider.jar
7fee487fa000-7fee487fd000 r--s 0000f000 08:05 11538948                   /usr/lib/jvm/java-8-openjdk-amd64/jre/lib/ext/icedtea-sound.jar
7fee487fd000-7fee487ff000 r--s 00001000 08:05 11538942                   /usr/lib/jvm/java-8-openjdk-amd64/jre/lib/ext/dnsns.jar
7fee487ff000-7fee48803000 r--s 00037000 08:05 11538950                   /usr/lib/jvm/java-8-openjdk-amd64/jre/lib/ext/sunpkcs11.jar
7fee48803000-7fee48804000 r--s 00008000 08:05 11538944                   /usr/lib/jvm/java-8-openjdk-amd64/jre/lib/ext/sunec.jar
7fee48804000-7fee48805000 r--s 00010000 08:05 11538946                   /usr/lib/jvm/java-8-openjdk-amd64/jre/lib/ext/zipfs.jar
7fee48805000-7fee48806000 r--s 0000a000 08:05 11538945                   /usr/lib/jvm/java-8-openjdk-amd64/jre/lib/ext/jaccess.jar
7fee48806000-7fee48810000 r--s 00116000 08:05 11538949                   /usr/lib/jvm/java-8-openjdk-amd64/jre/lib/ext/localedata.jar
7fee48810000-7fee48818000 rw-s 00000000 08:05 3691984                    /tmp/hsperfdata_control/17690
7fee48818000-7fee48819000 rw-p 00000000 00:00 0 
7fee48819000-7fee4881a000 ---p 00000000 00:00 0 
7fee4881a000-7fee4881c000 rw-p 00000000 00:00 0 
7fee4881c000-7fee4881d000 r--p 00025000 08:05 2232734                    /lib/x86_64-linux-gnu/ld-2.23.so
7fee4881d000-7fee4881e000 rw-p 00026000 08:05 2232734                    /lib/x86_64-linux-gnu/ld-2.23.so
7fee4881e000-7fee4881f000 rw-p 00000000 00:00 0 
7fffbad2a000-7fffbad4b000 rw-p 00000000 00:00 0                          [stack]
7fffbad66000-7fffbad68000 r--p 00000000 00:00 0                          [vvar]
7fffbad68000-7fffbad6a000 r-xp 00000000 00:00 0                          [vdso]
ffffffffff600000-ffffffffff601000 r-xp 00000000 00:00 0                  [vsyscall]

VM Arguments:
jvm_args: -Djava.awt.headless=true -Xmx2048M -Dfile.encoding=UTF-8 -Duser.country=US -Duser.language=en -Duser.variant 
java_command: com.android.dx.command.Main --dex --force-jumbo --num-threads=4 --multi-dex --main-dex-list /home/control/AndroidStudioProjects/CitizenReporter/WordPress/build/intermediates/multi-dex/eNCA/debug/maindexlist.txt --output /home/control/AndroidStudioProjects/CitizenReporter/WordPress/build/intermediates/transforms/dex/eNCA/debug/folders/1000/1f/main /home/control/AndroidStudioProjects/CitizenReporter/WordPress/build/intermediates/transforms/jarMerging/eNCA/debug/jars/1/1f/combined.jar
java_class_path (initial): /home/control/Android/Sdk/build-tools/24.0.1/lib/dx.jar
Launcher Type: SUN_STANDARD

Environment Variables:
JAVA_HOME=/usr/lib/jvm/java-8-oracle
PATH=/home/control/.local/share/umake/bin:/home/control/bin:/usr/local/sbin:/usr/local/bin:/usr/sbin:/usr/bin:/sbin:/bin:/usr/games:/usr/local/games:/snap/bin:/usr/lib/jvm/java-8-oracle/bin:/usr/lib/jvm/java-8-oracle/db/bin:/usr/lib/jvm/java-8-oracle/jre/bin
LD_LIBRARY_PATH=/home/control/.local/share/umake/android/android-studio/bin:
SHELL=/bin/zsh
DISPLAY=:0.0

Signal Handlers:
SIGSEGV: [libjvm.so+0xa5e970], sa_mask[0]=11111111011111111101111111111110, sa_flags=SA_RESTART|SA_SIGINFO
SIGBUS: [libjvm.so+0xa5e970], sa_mask[0]=11111111011111111101111111111110, sa_flags=SA_RESTART|SA_SIGINFO
SIGFPE: [libjvm.so+0x8a9ff0], sa_mask[0]=11111111011111111101111111111110, sa_flags=SA_RESTART|SA_SIGINFO
SIGPIPE: [libjvm.so+0x8a9ff0], sa_mask[0]=11111111011111111101111111111110, sa_flags=SA_RESTART|SA_SIGINFO
SIGXFSZ: [libjvm.so+0x8a9ff0], sa_mask[0]=11111111011111111101111111111110, sa_flags=SA_RESTART|SA_SIGINFO
SIGILL: [libjvm.so+0x8a9ff0], sa_mask[0]=11111111011111111101111111111110, sa_flags=SA_RESTART|SA_SIGINFO
SIGUSR1: SIG_DFL, sa_mask[0]=00000000000000000000000000000000, sa_flags=none
SIGUSR2: [libjvm.so+0x8a9ea0], sa_mask[0]=00100000000000000000000000000000, sa_flags=SA_RESTART|SA_SIGINFO
SIGHUP: [libjvm.so+0x8aa370], sa_mask[0]=11111111011111111101111111111110, sa_flags=SA_RESTART|SA_SIGINFO
SIGINT: [libjvm.so+0x8aa370], sa_mask[0]=11111111011111111101111111111110, sa_flags=SA_RESTART|SA_SIGINFO
SIGTERM: [libjvm.so+0x8aa370], sa_mask[0]=11111111011111111101111111111110, sa_flags=SA_RESTART|SA_SIGINFO
SIGQUIT: [libjvm.so+0x8aa370], sa_mask[0]=11111111011111111101111111111110, sa_flags=SA_RESTART|SA_SIGINFO


---------------  S Y S T E M  ---------------

OS:DISTRIB_ID=Ubuntu
DISTRIB_RELEASE=16.04
DISTRIB_CODENAME=xenial
DISTRIB_DESCRIPTION="Ubuntu 16.04.1 LTS"

uname:Linux 4.4.0-45-generic #66-Ubuntu SMP Wed Oct 19 14:12:37 UTC 2016 x86_64
libc:glibc 2.23 NPTL 2.23 
rlimit: STACK 8192k, CORE 0k, NPROC 23207, NOFILE 65536, AS infinity
load average:22.66 11.16 6.24

/proc/meminfo:
MemTotal:        5980464 kB
MemFree:          119236 kB
MemAvailable:      36940 kB
Buffers:            1128 kB
Cached:           503928 kB
SwapCached:        16332 kB
Active:          4582156 kB
Inactive:        1048668 kB
Active(anon):    4563580 kB
Inactive(anon):  1020236 kB
Active(file):      18576 kB
Inactive(file):    28432 kB
Unevictable:         360 kB
Mlocked:             360 kB
SwapTotal:       1967100 kB
SwapFree:            108 kB
Dirty:               160 kB
Writeback:             0 kB
AnonPages:       5110772 kB
Mapped:           352324 kB
Shmem:            457792 kB
Slab:              89976 kB
SReclaimable:      47088 kB
SUnreclaim:        42888 kB
KernelStack:       13248 kB
PageTables:        63576 kB
NFS_Unstable:          0 kB
Bounce:                0 kB
WritebackTmp:          0 kB
CommitLimit:     4957332 kB
Committed_AS:   13953216 kB
VmallocTotal:   34359738367 kB
VmallocUsed:           0 kB
VmallocChunk:          0 kB
HardwareCorrupted:     0 kB
AnonHugePages:   2037760 kB
CmaTotal:              0 kB
CmaFree:               0 kB
HugePages_Total:       0
HugePages_Free:        0
HugePages_Rsvd:        0
HugePages_Surp:        0
Hugepagesize:       2048 kB
DirectMap4k:      173824 kB
DirectMap2M:     5988352 kB


CPU:total 4 (2 cores per cpu, 2 threads per core) family 6 model 42 stepping 7, cmov, cx8, fxsr, mmx, sse, sse2, sse3, ssse3, sse4.1, sse4.2, popcnt, avx, clmul, ht, tsc, tscinvbit

/proc/cpuinfo:
processor	: 0
vendor_id	: GenuineIntel
cpu family	: 6
model		: 42
model name	: Intel(R) Core(TM) i3-2375M CPU @ 1.50GHz
stepping	: 7
microcode	: 0x28
cpu MHz		: 842.812
cache size	: 3072 KB
physical id	: 0
siblings	: 4
core id		: 0
cpu cores	: 2
apicid		: 0
initial apicid	: 0
fpu		: yes
fpu_exception	: yes
cpuid level	: 13
wp		: yes
flags		: fpu vme de pse tsc msr pae mce cx8 apic sep mtrr pge mca cmov pat pse36 clflush dts acpi mmx fxsr sse sse2 ss ht tm pbe syscall nx rdtscp lm constant_tsc arch_perfmon pebs bts rep_good nopl xtopology nonstop_tsc aperfmperf eagerfpu pni pclmulqdq dtes64 monitor ds_cpl vmx est tm2 ssse3 cx16 xtpr pdcm pcid sse4_1 sse4_2 x2apic popcnt tsc_deadline_timer xsave avx lahf_lm epb tpr_shadow vnmi flexpriority ept vpid xsaveopt dtherm arat pln pts
bugs		:
bogomips	: 2993.01
clflush size	: 64
cache_alignment	: 64
address sizes	: 36 bits physical, 48 bits virtual
power management:

processor	: 1
vendor_id	: GenuineIntel
cpu family	: 6
model		: 42
model name	: Intel(R) Core(TM) i3-2375M CPU @ 1.50GHz
stepping	: 7
microcode	: 0x28
cpu MHz		: 800.332
cache size	: 3072 KB
physical id	: 0
siblings	: 4
core id		: 0
cpu cores	: 2
apicid		: 1
initial apicid	: 1
fpu		: yes
fpu_exception	: yes
cpuid level	: 13
wp		: yes
flags		: fpu vme de pse tsc msr pae mce cx8 apic sep mtrr pge mca cmov pat pse36 clflush dts acpi mmx fxsr sse sse2 ss ht tm pbe syscall nx rdtscp lm constant_tsc arch_perfmon pebs bts rep_good nopl xtopology nonstop_tsc aperfmperf eagerfpu pni pclmulqdq dtes64 monitor ds_cpl vmx est tm2 ssse3 cx16 xtpr pdcm pcid sse4_1 sse4_2 x2apic popcnt tsc_deadline_timer xsave avx lahf_lm epb tpr_shadow vnmi flexpriority ept vpid xsaveopt dtherm arat pln pts
bugs		:
bogomips	: 2993.01
clflush size	: 64
cache_alignment	: 64
address sizes	: 36 bits physical, 48 bits virtual
power management:

processor	: 2
vendor_id	: GenuineIntel
cpu family	: 6
model		: 42
model name	: Intel(R) Core(TM) i3-2375M CPU @ 1.50GHz
stepping	: 7
microcode	: 0x28
cpu MHz		: 805.312
cache size	: 3072 KB
physical id	: 0
siblings	: 4
core id		: 1
cpu cores	: 2
apicid		: 2
initial apicid	: 2
fpu		: yes
fpu_exception	: yes
cpuid level	: 13
wp		: yes
flags		: fpu vme de pse tsc msr pae mce cx8 apic sep mtrr pge mca cmov pat pse36 clflush dts acpi mmx fxsr sse sse2 ss ht tm pbe syscall nx rdtscp lm constant_tsc arch_perfmon pebs bts rep_good nopl xtopology nonstop_tsc aperfmperf eagerfpu pni pclmulqdq dtes64 monitor ds_cpl vmx est tm2 ssse3 cx16 xtpr pdcm pcid sse4_1 sse4_2 x2apic popcnt tsc_deadline_timer xsave avx lahf_lm epb tpr_shadow vnmi flexpriority ept vpid xsaveopt dtherm arat pln pts
bugs		:
bogomips	: 2993.01
clflush size	: 64
cache_alignment	: 64
address sizes	: 36 bits physical, 48 bits virtual
power management:

processor	: 3
vendor_id	: GenuineIntel
cpu family	: 6
model		: 42
model name	: Intel(R) Core(TM) i3-2375M CPU @ 1.50GHz
stepping	: 7
microcode	: 0x28
cpu MHz		: 801.210
cache size	: 3072 KB
physical id	: 0
siblings	: 4
core id		: 1
cpu cores	: 2
apicid		: 3
initial apicid	: 3
fpu		: yes
fpu_exception	: yes
cpuid level	: 13
wp		: yes
flags		: fpu vme de pse tsc msr pae mce cx8 apic sep mtrr pge mca cmov pat pse36 clflush dts acpi mmx fxsr sse sse2 ss ht tm pbe syscall nx rdtscp lm constant_tsc arch_perfmon pebs bts rep_good nopl xtopology nonstop_tsc aperfmperf eagerfpu pni pclmulqdq dtes64 monitor ds_cpl vmx est tm2 ssse3 cx16 xtpr pdcm pcid sse4_1 sse4_2 x2apic popcnt tsc_deadline_timer xsave avx lahf_lm epb tpr_shadow vnmi flexpriority ept vpid xsaveopt dtherm arat pln pts
bugs		:
bogomips	: 2993.01
clflush size	: 64
cache_alignment	: 64
address sizes	: 36 bits physical, 48 bits virtual
power management:



Memory: 4k page, physical 5980464k(119236k free), swap 1967100k(108k free)

vm_info: OpenJDK 64-Bit Server VM (25.91-b14) for linux-amd64 JRE (1.8.0_91-8u91-b14-3ubuntu1~16.04.1-b14), built on Jul 21 2016 04:13:34 by "buildd" with gcc 5.3.1 20160413

time: Tue Oct 25 12:25:20 2016
elapsed time: 172 seconds (0d 0h 2m 52s)

