#
# There is insufficient memory for the Java Runtime Environment to continue.
# Native memory allocation (mmap) failed to map 223870976 bytes for committing reserved memory.
# Possible reasons:
#   The system is out of physical RAM or swap space
#   In 32 bit mode, the process size limit was hit
# Possible solutions:
#   Reduce memory load on the system
#   Increase physical memory or swap space
#   Check if swap backing store is full
#   Use 64 bit Java on a 64 bit OS
#   Decrease Java heap size (-Xmx/-Xms)
#   Decrease number of Java threads
#   Decrease Java thread stack sizes (-Xss)
#   Set larger code cache with -XX:ReservedCodeCacheSize=
# This output file may be truncated or incomplete.
#
#  Out of Memory Error (os_linux.cpp:2630), pid=9502, tid=139692642076416
#
# JRE version: OpenJDK Runtime Environment (8.0_91-b14) (build 1.8.0_91-8u91-b14-3ubuntu1~16.04.1-b14)
# Java VM: OpenJDK 64-Bit Server VM (25.91-b14 mixed mode linux-amd64 compressed oops)
# Failed to write core dump. Core dumps have been disabled. To enable core dumping, try "ulimit -c unlimited" before starting Java again
#

---------------  T H R E A D  ---------------

Current thread (0x00007f0ce0077800):  VMThread [stack: 0x00007f0cba3f0000,0x00007f0cba4f1000] [id=9511]

Stack: [0x00007f0cba3f0000,0x00007f0cba4f1000],  sp=0x00007f0cba4ef480,  free space=1021k
Native frames: (J=compiled Java code, j=interpreted, Vv=VM code, C=native code)
V  [libjvm.so+0xa5de1b]
V  [libjvm.so+0x4c178c]
V  [libjvm.so+0x8ae9d0]
V  [libjvm.so+0x8a8e4e]
V  [libjvm.so+0x922f46]
V  [libjvm.so+0x9125da]
V  [libjvm.so+0x9127e3]
V  [libjvm.so+0x913148]
V  [libjvm.so+0x91940e]
V  [libjvm.so+0x920dad]
V  [libjvm.so+0x8d3263]
V  [libjvm.so+0xa5fad2]
V  [libjvm.so+0xa64b57]
V  [libjvm.so+0xa62327]
V  [libjvm.so+0xa637af]
V  [libjvm.so+0xa63ca1]
V  [libjvm.so+0x8abeb2]

VM_Operation (0x00007f0cb8d5af60): ParallelGCFailedAllocation, mode: safepoint, requested by thread 0x00007f0ce0211000


---------------  P R O C E S S  ---------------

Java Threads: ( => current thread )
  0x00007f0ce0211000 JavaThread "pool-2-thread-4" [_thread_blocked, id=9524, stack(0x00007f0cb8c5c000,0x00007f0cb8d5d000)]
  0x00007f0ce020f800 JavaThread "pool-2-thread-3" [_thread_blocked, id=9523, stack(0x00007f0cb8d5d000,0x00007f0cb8e5e000)]
  0x00007f0ce020d800 JavaThread "pool-2-thread-2" [_thread_blocked, id=9522, stack(0x00007f0cb8e5e000,0x00007f0cb8f5f000)]
  0x00007f0ce020c000 JavaThread "pool-3-thread-1" [_thread_blocked, id=9521, stack(0x00007f0cb8f5f000,0x00007f0cb9060000)]
  0x00007f0ce020a800 JavaThread "pool-2-thread-1" [_thread_blocked, id=9520, stack(0x00007f0cb9060000,0x00007f0cb9161000)]
  0x00007f0ce00ca800 JavaThread "Service Thread" daemon [_thread_blocked, id=9518, stack(0x00007f0cb9329000,0x00007f0cb942a000)]
  0x00007f0ce00b2800 JavaThread "C1 CompilerThread2" daemon [_thread_blocked, id=9517, stack(0x00007f0cb942a000,0x00007f0cb952b000)]
  0x00007f0ce00b1000 JavaThread "C2 CompilerThread1" daemon [_thread_blocked, id=9516, stack(0x00007f0cb952b000,0x00007f0cb962c000)]
  0x00007f0ce00ae000 JavaThread "C2 CompilerThread0" daemon [_thread_blocked, id=9515, stack(0x00007f0cb962c000,0x00007f0cb972d000)]
  0x00007f0ce00ac000 JavaThread "Signal Dispatcher" daemon [_thread_blocked, id=9514, stack(0x00007f0cb972d000,0x00007f0cb982e000)]
  0x00007f0ce0084000 JavaThread "Finalizer" daemon [_thread_blocked, id=9513, stack(0x00007f0cba1ee000,0x00007f0cba2ef000)]
  0x00007f0ce007f000 JavaThread "Reference Handler" daemon [_thread_blocked, id=9512, stack(0x00007f0cba2ef000,0x00007f0cba3f0000)]
  0x00007f0ce000a800 JavaThread "main" [_thread_blocked, id=9506, stack(0x00007f0ce7761000,0x00007f0ce7862000)]

Other Threads:
=>0x00007f0ce0077800 VMThread [stack: 0x00007f0cba3f0000,0x00007f0cba4f1000] [id=9511]
  0x00007f0ce00cc800 WatcherThread [stack: 0x00007f0cb9228000,0x00007f0cb9329000] [id=9519]

VM state:at safepoint (normal execution)

VM Mutex/Monitor currently owned by a thread:  ([mutex/lock_event])
[0x00007f0ce0006230] ExpandHeap_lock - owner thread: 0x00007f0ce0077800
[0x00007f0ce00068b0] Threads_lock - owner thread: 0x00007f0ce0077800
[0x00007f0ce0006db0] Heap_lock - owner thread: 0x00007f0ce0211000

Heap:
 PSYoungGen      total 493056K, used 0K [0x00000000d5580000, 0x00000000ffe80000, 0x0000000100000000)
  eden space 297984K, 0% used [0x00000000d5580000,0x00000000d5580000,0x00000000e7880000)
  from space 195072K, 0% used [0x00000000e7880000,0x00000000e7880000,0x00000000f3700000)
  to   space 199680K, 0% used [0x00000000f3b80000,0x00000000f3b80000,0x00000000ffe80000)
 ParOldGen       total 618496K, used 588531K [0x0000000080000000, 0x00000000a5c00000, 0x00000000d5580000)
  object space 618496K, 95% used [0x0000000080000000,0x00000000a3ebcf90,0x00000000a5c00000)
 Metaspace       used 6579K, capacity 7280K, committed 7552K, reserved 1056768K
  class space    used 597K, capacity 616K, committed 640K, reserved 1048576K

Card table byte_map: [0x00007f0cd083f000,0x00007f0cd0c40000] byte_map_base: 0x00007f0cd043f000

Marking Bits: (ParMarkBitMap*) 0x00007f0ce6a3afc0
 Begin Bits: [0x00007f0cc8000000, 0x00007f0cca000000)
 End Bits:   [0x00007f0cca000000, 0x00007f0ccc000000)

Polling page: 0x00007f0ce788c000

CodeCache: size=245760Kb used=11359Kb max_used=11471Kb free=234400Kb
 bounds [0x00007f0cd1000000, 0x00007f0cd1b70000, 0x00007f0ce0000000]
 total_blobs=2638 nmethods=2369 adapters=183
 compilation: enabled

Compilation events (10 events):
Event: 72.856 Thread 0x00007f0ce00b2800 3028       2       com.android.dx.rop.code.Rops::opInvokeDirect (17 bytes)
Event: 72.857 Thread 0x00007f0ce00b2800 nmethod 3028 0x00007f0cd17f56d0 code [0x00007f0cd17f5840, 0x00007f0cd17f5a58]
Event: 72.932 Thread 0x00007f0ce00ae000 nmethod 3015% 0x00007f0cd15ab050 code [0x00007f0cd15ab3c0, 0x00007f0cd15ad5a8]
Event: 72.932 Thread 0x00007f0ce00ae000 3024       4       com.android.dx.cf.cst.ConstantPoolParser::parse (365 bytes)
Event: 72.990 Thread 0x00007f0ce00ae000 nmethod 3024 0x00007f0cd15d6950 code [0x00007f0cd15d6be0, 0x00007f0cd15d7248]
Event: 72.990 Thread 0x00007f0ce00ae000 3030       4       com.android.dx.ssa.back.IdenticalBlockCombiner::process (323 bytes)
Event: 73.089 Thread 0x00007f0ce00b2800 3031       2       com.android.dx.rop.code.Rops::opIfEq (17 bytes)
Event: 73.090 Thread 0x00007f0ce00b2800 nmethod 3031 0x00007f0cd15aacd0 code [0x00007f0cd15aae40, 0x00007f0cd15aafc8]
Event: 73.279 Thread 0x00007f0ce00ae000 nmethod 3030 0x00007f0cd1965890 code [0x00007f0cd1965c00, 0x00007f0cd19687e0]
Event: 73.279 Thread 0x00007f0ce00ae000 3032 %     4       com.android.dx.ssa.SsaConverter::placePhiFunctions @ 131 (394 bytes)

GC Heap History (10 events):
Event: 57.050 GC heap after
Heap after GC invocations=17 (full 3):
 PSYoungGen      total 448512K, used 124395K [0x00000000d5580000, 0x0000000100000000, 0x0000000100000000)
  eden space 324096K, 0% used [0x00000000d5580000,0x00000000d5580000,0x00000000e9200000)
  from space 124416K, 99% used [0x00000000f8680000,0x00000000ffffae90,0x0000000100000000)
  to   space 187392K, 0% used [0x00000000e9200000,0x00000000e9200000,0x00000000f4900000)
 ParOldGen       total 401408K, used 401370K [0x0000000080000000, 0x0000000098800000, 0x00000000d5580000)
  object space 401408K, 99% used [0x0000000080000000,0x00000000987f69c8,0x0000000098800000)
 Metaspace       used 6578K, capacity 7280K, committed 7552K, reserved 1056768K
  class space    used 597K, capacity 616K, committed 640K, reserved 1048576K
}
Event: 57.050 GC heap before
{Heap before GC invocations=18 (full 4):
 PSYoungGen      total 448512K, used 124395K [0x00000000d5580000, 0x0000000100000000, 0x0000000100000000)
  eden space 324096K, 0% used [0x00000000d5580000,0x00000000d5580000,0x00000000e9200000)
  from space 124416K, 99% used [0x00000000f8680000,0x00000000ffffae90,0x0000000100000000)
  to   space 187392K, 0% used [0x00000000e9200000,0x00000000e9200000,0x00000000f4900000)
 ParOldGen       total 401408K, used 401370K [0x0000000080000000, 0x0000000098800000, 0x00000000d5580000)
  object space 401408K, 99% used [0x0000000080000000,0x00000000987f69c8,0x0000000098800000)
 Metaspace       used 6578K, capacity 7280K, committed 7552K, reserved 1056768K
  class space    used 597K, capacity 616K, committed 640K, reserved 1048576K
Event: 64.235 GC heap after
Heap after GC invocations=18 (full 4):
 PSYoungGen      total 448512K, used 109797K [0x00000000d5580000, 0x0000000100000000, 0x0000000100000000)
  eden space 324096K, 0% used [0x00000000d5580000,0x00000000d5580000,0x00000000e9200000)
  from space 124416K, 88% used [0x00000000f8680000,0x00000000ff1b9708,0x0000000100000000)
  to   space 187392K, 0% used [0x00000000e9200000,0x00000000e9200000,0x00000000f4900000)
 ParOldGen       total 618496K, used 401312K [0x0000000080000000, 0x00000000a5c00000, 0x00000000d5580000)
  object space 618496K, 64% used [0x0000000080000000,0x00000000987e8090,0x00000000a5c00000)
 Metaspace       used 6578K, capacity 7280K, committed 7552K, reserved 1056768K
  class space    used 597K, capacity 616K, committed 640K, reserved 1048576K
}
Event: 65.973 GC heap before
{Heap before GC invocations=19 (full 4):
 PSYoungGen      total 448512K, used 433893K [0x00000000d5580000, 0x0000000100000000, 0x0000000100000000)
  eden space 324096K, 100% used [0x00000000d5580000,0x00000000e9200000,0x00000000e9200000)
  from space 124416K, 88% used [0x00000000f8680000,0x00000000ff1b9708,0x0000000100000000)
  to   space 187392K, 0% used [0x00000000e9200000,0x00000000e9200000,0x00000000f4900000)
 ParOldGen       total 618496K, used 401312K [0x0000000080000000, 0x00000000a5c00000, 0x00000000d5580000)
  object space 618496K, 64% used [0x0000000080000000,0x00000000987e8090,0x00000000a5c00000)
 Metaspace       used 6579K, capacity 7280K, committed 7552K, reserved 1056768K
  class space    used 597K, capacity 616K, committed 640K, reserved 1048576K
Event: 69.272 GC heap after
Heap after GC invocations=19 (full 4):
 PSYoungGen      total 471552K, used 147222K [0x00000000d5580000, 0x0000000100000000, 0x0000000100000000)
  eden space 324096K, 0% used [0x00000000d5580000,0x00000000d5580000,0x00000000e9200000)
  from space 147456K, 99% used [0x00000000e9200000,0x00000000f21c59c0,0x00000000f2200000)
  to   space 205824K, 0% used [0x00000000f3700000,0x00000000f3700000,0x0000000100000000)
 ParOldGen       total 618496K, used 480046K [0x0000000080000000, 0x00000000a5c00000, 0x00000000d5580000)
  object space 618496K, 77% used [0x0000000080000000,0x000000009d4cb840,0x00000000a5c00000)
 Metaspace       used 6579K, capacity 7280K, committed 7552K, reserved 1056768K
  class space    used 597K, capacity 616K, committed 640K, reserved 1048576K
}
Event: 71.061 GC heap before
{Heap before GC invocations=20 (full 4):
 PSYoungGen      total 471552K, used 471318K [0x00000000d5580000, 0x0000000100000000, 0x0000000100000000)
  eden space 324096K, 100% used [0x00000000d5580000,0x00000000e9200000,0x00000000e9200000)
  from space 147456K, 99% used [0x00000000e9200000,0x00000000f21c59c0,0x00000000f2200000)
  to   space 205824K, 0% used [0x00000000f3700000,0x00000000f3700000,0x0000000100000000)
 ParOldGen       total 618496K, used 480046K [0x0000000080000000, 0x00000000a5c00000, 0x00000000d5580000)
  object space 618496K, 77% used [0x0000000080000000,0x000000009d4cb840,0x00000000a5c00000)
 Metaspace       used 6579K, capacity 7280K, committed 7552K, reserved 1056768K
  class space    used 597K, capacity 616K, committed 640K, reserved 1048576K
Event: 72.547 GC heap after
Heap after GC invocations=20 (full 4):
 PSYoungGen      total 503808K, used 78794K [0x00000000d5580000, 0x0000000100000000, 0x0000000100000000)
  eden space 297984K, 0% used [0x00000000d5580000,0x00000000d5580000,0x00000000e7880000)
  from space 205824K, 38% used [0x00000000f3700000,0x00000000f83f2af0,0x0000000100000000)
  to   space 195072K, 0% used [0x00000000e7880000,0x00000000e7880000,0x00000000f3700000)
 ParOldGen       total 618496K, used 515080K [0x0000000080000000, 0x00000000a5c00000, 0x00000000d5580000)
  object space 618496K, 83% used [0x0000000080000000,0x000000009f702208,0x00000000a5c00000)
 Metaspace       used 6579K, capacity 7280K, committed 7552K, reserved 1056768K
  class space    used 597K, capacity 616K, committed 640K, reserved 1048576K
}
Event: 73.577 GC heap before
{Heap before GC invocations=21 (full 4):
 PSYoungGen      total 503808K, used 376778K [0x00000000d5580000, 0x0000000100000000, 0x0000000100000000)
  eden space 297984K, 100% used [0x00000000d5580000,0x00000000e7880000,0x00000000e7880000)
  from space 205824K, 38% used [0x00000000f3700000,0x00000000f83f2af0,0x0000000100000000)
  to   space 195072K, 0% used [0x00000000e7880000,0x00000000e7880000,0x00000000f3700000)
 ParOldGen       total 618496K, used 515080K [0x0000000080000000, 0x00000000a5c00000, 0x00000000d5580000)
  object space 618496K, 83% used [0x0000000080000000,0x000000009f702208,0x00000000a5c00000)
 Metaspace       used 6579K, capacity 7280K, committed 7552K, reserved 1056768K
  class space    used 597K, capacity 616K, committed 640K, reserved 1048576K
Event: 76.958 GC heap after
Heap after GC invocations=21 (full 4):
 PSYoungGen      total 493056K, used 119285K [0x00000000d5580000, 0x00000000ffe80000, 0x0000000100000000)
  eden space 297984K, 0% used [0x00000000d5580000,0x00000000d5580000,0x00000000e7880000)
  from space 195072K, 61% used [0x00000000e7880000,0x00000000eecfd578,0x00000000f3700000)
  to   space 199680K, 0% used [0x00000000f3b80000,0x00000000f3b80000,0x00000000ffe80000)
 ParOldGen       total 618496K, used 590975K [0x0000000080000000, 0x00000000a5c00000, 0x00000000d5580000)
  object space 618496K, 95% used [0x0000000080000000,0x00000000a411ffa8,0x00000000a5c00000)
 Metaspace       used 6579K, capacity 7280K, committed 7552K, reserved 1056768K
  class space    used 597K, capacity 616K, committed 640K, reserved 1048576K
}
Event: 76.958 GC heap before
{Heap before GC invocations=22 (full 5):
 PSYoungGen      total 493056K, used 119285K [0x00000000d5580000, 0x00000000ffe80000, 0x0000000100000000)
  eden space 297984K, 0% used [0x00000000d5580000,0x00000000d5580000,0x00000000e7880000)
  from space 195072K, 61% used [0x00000000e7880000,0x00000000eecfd578,0x00000000f3700000)
  to   space 199680K, 0% used [0x00000000f3b80000,0x00000000f3b80000,0x00000000ffe80000)
 ParOldGen       total 618496K, used 590975K [0x0000000080000000, 0x00000000a5c00000, 0x00000000d5580000)
  object space 618496K, 95% used [0x0000000080000000,0x00000000a411ffa8,0x00000000a5c00000)
 Metaspace       used 6579K, capacity 7280K, committed 7552K, reserved 1056768K
  class space    used 597K, capacity 616K, committed 640K, reserved 1048576K

Deoptimization events (10 events):
Event: 64.423 Thread 0x00007f0ce0211000 Uncommon trap: reason=class_check action=maybe_recompile pc=0x00007f0cd1197760 method=com.android.dx.ssa.back.InterferenceGraph.mergeInterferenceSet(ILcom/android/dx/util/IntSet;)V @ 20
Event: 64.423 Thread 0x00007f0ce0211000 Uncommon trap: reason=class_check action=maybe_recompile pc=0x00007f0cd11590b8 method=com.android.dx.util.BitIntSet.merge(Lcom/android/dx/util/IntSet;)V @ 1
Event: 64.423 Thread 0x00007f0ce0211000 Uncommon trap: reason=class_check action=maybe_recompile pc=0x00007f0cd1197760 method=com.android.dx.ssa.back.InterferenceGraph.mergeInterferenceSet(ILcom/android/dx/util/IntSet;)V @ 20
Event: 64.423 Thread 0x00007f0ce0211000 Uncommon trap: reason=class_check action=maybe_recompile pc=0x00007f0cd11590b8 method=com.android.dx.util.BitIntSet.merge(Lcom/android/dx/util/IntSet;)V @ 1
Event: 64.423 Thread 0x00007f0ce0211000 Uncommon trap: reason=class_check action=maybe_recompile pc=0x00007f0cd1197760 method=com.android.dx.ssa.back.InterferenceGraph.mergeInterferenceSet(ILcom/android/dx/util/IntSet;)V @ 20
Event: 64.423 Thread 0x00007f0ce0211000 Uncommon trap: reason=class_check action=maybe_recompile pc=0x00007f0cd11590b8 method=com.android.dx.util.BitIntSet.merge(Lcom/android/dx/util/IntSet;)V @ 1
Event: 65.434 Thread 0x00007f0ce020a800 Uncommon trap: reason=unstable_if action=reinterpret pc=0x00007f0cd16530d8 method=com.android.dx.ssa.SetFactory.makeDomFrontSet(I)Lcom/android/dx/util/IntSet; @ 4
Event: 65.453 Thread 0x00007f0ce020a800 Uncommon trap: reason=class_check action=maybe_recompile pc=0x00007f0cd19f0620 method=com.android.dx.ssa.SsaConverter.placePhiFunctions(Lcom/android/dx/ssa/SsaMethod;Lcom/android/dx/ssa/LocalVariableInfo;I)V @ 257
Event: 65.586 Thread 0x00007f0ce0211000 Uncommon trap: reason=unstable_if action=reinterpret pc=0x00007f0cd1329bb8 method=com.android.dx.ssa.SetFactory.makeDomFrontSet(I)Lcom/android/dx/util/IntSet; @ 4
Event: 65.600 Thread 0x00007f0ce0211000 Uncommon trap: reason=class_check action=maybe_recompile pc=0x00007f0cd1256888 method=com.android.dx.ssa.SsaConverter.placePhiFunctions(Lcom/android/dx/ssa/SsaMethod;Lcom/android/dx/ssa/LocalVariableInfo;I)V @ 257

Internal exceptions (8 events):
Event: 0.037 Thread 0x00007f0ce000a800 Exception <a 'java/lang/NoSuchMethodError': Method sun.misc.Unsafe.defineClass(Ljava/lang/String;[BII)Ljava/lang/Class; name or signature does not match> (0x00000000d5587cc0) thrown at [/build/openjdk-8-W1Ghxo/openjdk-8-8u91-b14/src/hotspot/src/share/vm/p
Event: 0.037 Thread 0x00007f0ce000a800 Exception <a 'java/lang/NoSuchMethodError': Method sun.misc.Unsafe.prefetchRead(Ljava/lang/Object;J)V name or signature does not match> (0x00000000d5587fa8) thrown at [/build/openjdk-8-W1Ghxo/openjdk-8-8u91-b14/src/hotspot/src/share/vm/prims/jni.cpp, line
Event: 2.416 Thread 0x00007f0ce000a800 Implicit null exception at 0x00007f0cd136a7fb to 0x00007f0cd136d445
Event: 2.937 Thread 0x00007f0ce020f800 Implicit null exception at 0x00007f0cd134dc0c to 0x00007f0cd135034d
Event: 3.014 Thread 0x00007f0ce0211000 Implicit null exception at 0x00007f0cd13d03fb to 0x00007f0cd13d0585
Event: 3.404 Thread 0x00007f0ce020a800 Exception <a 'java/lang/ArrayIndexOutOfBoundsException': 18> (0x00000000da7dd8f8) thrown at [/build/openjdk-8-W1Ghxo/openjdk-8-8u91-b14/src/hotspot/src/share/vm/interpreter/interpreterRuntime.cpp, line 366]
Event: 3.405 Thread 0x00007f0ce020a800 Exception <a 'java/lang/ArrayIndexOutOfBoundsException': 145> (0x00000000da7df478) thrown at [/build/openjdk-8-W1Ghxo/openjdk-8-8u91-b14/src/hotspot/src/share/vm/interpreter/interpreterRuntime.cpp, line 366]
Event: 3.488 Thread 0x00007f0ce020a800 Exception <a 'java/lang/ArrayIndexOutOfBoundsException'> (0x00000000da7e0760) thrown at [/build/openjdk-8-W1Ghxo/openjdk-8-8u91-b14/src/hotspot/src/share/vm/runtime/sharedRuntime.cpp, line 605]

Events (10 events):
Event: 73.385 Thread 0x00007f0ce020f800 DEOPT UNPACKING pc=0x00007f0cd1047373 sp=0x00007f0cb8e5bd58 mode 0
Event: 73.397 Thread 0x00007f0ce020f800 DEOPT PACKING pc=0x00007f0cd12c7687 sp=0x00007f0cb8e5bff0
Event: 73.397 Thread 0x00007f0ce020f800 DEOPT UNPACKING pc=0x00007f0cd1047373 sp=0x00007f0cb8e5bd58 mode 0
Event: 73.402 Thread 0x00007f0ce020f800 DEOPT PACKING pc=0x00007f0cd12c7687 sp=0x00007f0cb8e5bff0
Event: 73.402 Thread 0x00007f0ce020f800 DEOPT UNPACKING pc=0x00007f0cd1047373 sp=0x00007f0cb8e5bd58 mode 0
Event: 73.416 Thread 0x00007f0ce020f800 DEOPT PACKING pc=0x00007f0cd12c7687 sp=0x00007f0cb8e5bef0
Event: 73.416 Thread 0x00007f0ce020f800 DEOPT UNPACKING pc=0x00007f0cd1047373 sp=0x00007f0cb8e5bc58 mode 0
Event: 73.437 Thread 0x00007f0ce020f800 DEOPT PACKING pc=0x00007f0cd12f1dbd sp=0x00007f0cb8e5bfe0
Event: 73.438 Thread 0x00007f0ce020f800 DEOPT UNPACKING pc=0x00007f0cd1047373 sp=0x00007f0cb8e5bde0 mode 0
Event: 73.575 Executing VM operation: ParallelGCFailedAllocation


Dynamic libraries:
00400000-00401000 r-xp 00000000 08:05 11538928                           /usr/lib/jvm/java-8-openjdk-amd64/jre/bin/java
00600000-00601000 r--p 00000000 08:05 11538928                           /usr/lib/jvm/java-8-openjdk-amd64/jre/bin/java
00601000-00602000 rw-p 00001000 08:05 11538928                           /usr/lib/jvm/java-8-openjdk-amd64/jre/bin/java
01fb9000-01fda000 rw-p 00000000 00:00 0                                  [heap]
80000000-a5c00000 rw-p 00000000 00:00 0 
b3180000-d5580000 ---p 00000000 00:00 0 
d5580000-ffe80000 rw-p 00000000 00:00 0 
ffe80000-100000000 ---p 00000000 00:00 0 
100000000-1000a0000 rw-p 00000000 00:00 0 
1000a0000-140000000 ---p 00000000 00:00 0 
7f0c7c000000-7f0c7c0a4000 rw-p 00000000 00:00 0 
7f0c7c0a4000-7f0c80000000 ---p 00000000 00:00 0 
7f0c84000000-7f0c840ae000 rw-p 00000000 00:00 0 
7f0c840ae000-7f0c88000000 ---p 00000000 00:00 0 
7f0c88000000-7f0c88088000 rw-p 00000000 00:00 0 
7f0c88088000-7f0c8c000000 ---p 00000000 00:00 0 
7f0c8c000000-7f0c8c0ac000 rw-p 00000000 00:00 0 
7f0c8c0ac000-7f0c90000000 ---p 00000000 00:00 0 
7f0c90000000-7f0c90021000 rw-p 00000000 00:00 0 
7f0c90021000-7f0c94000000 ---p 00000000 00:00 0 
7f0c94000000-7f0c94021000 rw-p 00000000 00:00 0 
7f0c94021000-7f0c98000000 ---p 00000000 00:00 0 
7f0c98000000-7f0c98021000 rw-p 00000000 00:00 0 
7f0c98021000-7f0c9c000000 ---p 00000000 00:00 0 
7f0c9c000000-7f0c9d9ad000 rw-p 00000000 00:00 0 
7f0c9d9ad000-7f0ca0000000 ---p 00000000 00:00 0 
7f0ca0000000-7f0ca0b1f000 rw-p 00000000 00:00 0 
7f0ca0b1f000-7f0ca4000000 ---p 00000000 00:00 0 
7f0ca4000000-7f0ca4021000 rw-p 00000000 00:00 0 
7f0ca4021000-7f0ca8000000 ---p 00000000 00:00 0 
7f0ca8000000-7f0ca989f000 rw-p 00000000 00:00 0 
7f0ca989f000-7f0cac000000 ---p 00000000 00:00 0 
7f0cac000000-7f0cac021000 rw-p 00000000 00:00 0 
7f0cac021000-7f0cb0000000 ---p 00000000 00:00 0 
7f0cb0000000-7f0cb0021000 rw-p 00000000 00:00 0 
7f0cb0021000-7f0cb4000000 ---p 00000000 00:00 0 
7f0cb4000000-7f0cb402b000 rw-p 00000000 00:00 0 
7f0cb402b000-7f0cb8000000 ---p 00000000 00:00 0 
7f0cb8c5c000-7f0cb8c5f000 ---p 00000000 00:00 0 
7f0cb8c5f000-7f0cb8d5d000 rw-p 00000000 00:00 0 
7f0cb8d5d000-7f0cb8d60000 ---p 00000000 00:00 0 
7f0cb8d60000-7f0cb8e5e000 rw-p 00000000 00:00 0 
7f0cb8e5e000-7f0cb8e61000 ---p 00000000 00:00 0 
7f0cb8e61000-7f0cb8f5f000 rw-p 00000000 00:00 0 
7f0cb8f5f000-7f0cb8f62000 ---p 00000000 00:00 0 
7f0cb8f62000-7f0cb9060000 rw-p 00000000 00:00 0 
7f0cb9060000-7f0cb9063000 ---p 00000000 00:00 0 
7f0cb9063000-7f0cb9161000 rw-p 00000000 00:00 0 
7f0cb9161000-7f0cb9228000 r--s 009c8000 08:05 9579036                    /home/control/AndroidStudioProjects/CitizenReporter/WordPress/build/intermediates/transforms/jarMerging/eNCA/debug/jars/1/1f/combined.jar
7f0cb9228000-7f0cb9229000 ---p 00000000 00:00 0 
7f0cb9229000-7f0cb9329000 rw-p 00000000 00:00 0 
7f0cb9329000-7f0cb932c000 ---p 00000000 00:00 0 
7f0cb932c000-7f0cb942a000 rw-p 00000000 00:00 0 
7f0cb942a000-7f0cb942d000 ---p 00000000 00:00 0 
7f0cb942d000-7f0cb952b000 rw-p 00000000 00:00 0 
7f0cb952b000-7f0cb952e000 ---p 00000000 00:00 0 
7f0cb952e000-7f0cb962c000 rw-p 00000000 00:00 0 
7f0cb962c000-7f0cb962f000 ---p 00000000 00:00 0 
7f0cb962f000-7f0cb972d000 rw-p 00000000 00:00 0 
7f0cb972d000-7f0cb9730000 ---p 00000000 00:00 0 
7f0cb9730000-7f0cb982e000 rw-p 00000000 00:00 0 
7f0cb982e000-7f0cba1ee000 r--p 00000000 08:05 11148265                   /usr/lib/locale/locale-archive
7f0cba1ee000-7f0cba1f1000 ---p 00000000 00:00 0 
7f0cba1f1000-7f0cba2ef000 rw-p 00000000 00:00 0 
7f0cba2ef000-7f0cba2f2000 ---p 00000000 00:00 0 
7f0cba2f2000-7f0cba3f0000 rw-p 00000000 00:00 0 
7f0cba3f0000-7f0cba3f1000 ---p 00000000 00:00 0 
7f0cba3f1000-7f0cbbac0000 rw-p 00000000 00:00 0 
7f0cbbac0000-7f0cbbc00000 ---p 00000000 00:00 0 
7f0cbbc00000-7f0cbc000000 rw-p 00000000 00:00 0 
7f0cbc000000-7f0cbc021000 rw-p 00000000 00:00 0 
7f0cbc021000-7f0cc0000000 ---p 00000000 00:00 0 
7f0cc0000000-7f0cc0021000 rw-p 00000000 00:00 0 
7f0cc0021000-7f0cc4000000 ---p 00000000 00:00 0 
7f0cc4000000-7f0cc4021000 rw-p 00000000 00:00 0 
7f0cc4021000-7f0cc8000000 ---p 00000000 00:00 0 
7f0cc8000000-7f0ccc000000 rw-p 00000000 00:00 0 
7f0ccc000000-7f0ccc021000 rw-p 00000000 00:00 0 
7f0ccc021000-7f0cd0000000 ---p 00000000 00:00 0 
7f0cd0029000-7f0cd0044000 r--s 001d7000 08:05 11538941                   /usr/lib/jvm/java-8-openjdk-amd64/jre/lib/ext/nashorn.jar
7f0cd0044000-7f0cd0060000 r--s 00393000 08:05 11538943                   /usr/lib/jvm/java-8-openjdk-amd64/jre/lib/ext/cldrdata.jar
7f0cd0060000-7f0cd00c3000 rw-p 00000000 00:00 0 
7f0cd00c3000-7f0cd0291000 r--s 03beb000 08:05 11409706                   /usr/lib/jvm/java-8-openjdk-amd64/jre/lib/rt.jar
7f0cd0291000-7f0cd0292000 ---p 00000000 00:00 0 
7f0cd0292000-7f0cd0392000 rw-p 00000000 00:00 0 
7f0cd0392000-7f0cd0393000 ---p 00000000 00:00 0 
7f0cd0393000-7f0cd0493000 rw-p 00000000 00:00 0 
7f0cd0493000-7f0cd0494000 ---p 00000000 00:00 0 
7f0cd0494000-7f0cd06c2000 rw-p 00000000 00:00 0 
7f0cd06c2000-7f0cd083f000 ---p 00000000 00:00 0 
7f0cd083f000-7f0cd096d000 rw-p 00000000 00:00 0 
7f0cd096d000-7f0cd0ae9000 ---p 00000000 00:00 0 
7f0cd0ae9000-7f0cd0c3f000 rw-p 00000000 00:00 0 
7f0cd0c3f000-7f0cd0c6e000 rw-p 00000000 00:00 0 
7f0cd0c6e000-7f0cd1000000 ---p 00000000 00:00 0 
7f0cd1000000-7f0cd1b70000 rwxp 00000000 00:00 0 
7f0cd1b70000-7f0ce0000000 ---p 00000000 00:00 0 
7f0ce0000000-7f0ce035e000 rw-p 00000000 00:00 0 
7f0ce035e000-7f0ce4000000 ---p 00000000 00:00 0 
7f0ce4001000-7f0ce400f000 r--s 000e0000 08:05 6163655                    /home/control/Android/Sdk/build-tools/24.0.1/lib/dx.jar
7f0ce400f000-7f0ce40f3000 rw-p 00000000 00:00 0 
7f0ce40f3000-7f0ce40f4000 ---p 00000000 00:00 0 
7f0ce40f4000-7f0ce41f4000 rw-p 00000000 00:00 0 
7f0ce41f4000-7f0ce41fc000 r-xp 00000000 08:05 11409684                   /usr/lib/jvm/java-8-openjdk-amd64/jre/lib/amd64/libzip.so
7f0ce41fc000-7f0ce43fb000 ---p 00008000 08:05 11409684                   /usr/lib/jvm/java-8-openjdk-amd64/jre/lib/amd64/libzip.so
7f0ce43fb000-7f0ce43fc000 r--p 00007000 08:05 11409684                   /usr/lib/jvm/java-8-openjdk-amd64/jre/lib/amd64/libzip.so
7f0ce43fc000-7f0ce43fd000 rw-p 00008000 08:05 11409684                   /usr/lib/jvm/java-8-openjdk-amd64/jre/lib/amd64/libzip.so
7f0ce43fd000-7f0ce4408000 r-xp 00000000 08:05 2232861                    /lib/x86_64-linux-gnu/libnss_files-2.23.so
7f0ce4408000-7f0ce4607000 ---p 0000b000 08:05 2232861                    /lib/x86_64-linux-gnu/libnss_files-2.23.so
7f0ce4607000-7f0ce4608000 r--p 0000a000 08:05 2232861                    /lib/x86_64-linux-gnu/libnss_files-2.23.so
7f0ce4608000-7f0ce4609000 rw-p 0000b000 08:05 2232861                    /lib/x86_64-linux-gnu/libnss_files-2.23.so
7f0ce4609000-7f0ce460f000 rw-p 00000000 00:00 0 
7f0ce460f000-7f0ce461a000 r-xp 00000000 08:05 2232871                    /lib/x86_64-linux-gnu/libnss_nis-2.23.so
7f0ce461a000-7f0ce4819000 ---p 0000b000 08:05 2232871                    /lib/x86_64-linux-gnu/libnss_nis-2.23.so
7f0ce4819000-7f0ce481a000 r--p 0000a000 08:05 2232871                    /lib/x86_64-linux-gnu/libnss_nis-2.23.so
7f0ce481a000-7f0ce481b000 rw-p 0000b000 08:05 2232871                    /lib/x86_64-linux-gnu/libnss_nis-2.23.so
7f0ce481b000-7f0ce4831000 r-xp 00000000 08:05 2232855                    /lib/x86_64-linux-gnu/libnsl-2.23.so
7f0ce4831000-7f0ce4a30000 ---p 00016000 08:05 2232855                    /lib/x86_64-linux-gnu/libnsl-2.23.so
7f0ce4a30000-7f0ce4a31000 r--p 00015000 08:05 2232855                    /lib/x86_64-linux-gnu/libnsl-2.23.so
7f0ce4a31000-7f0ce4a32000 rw-p 00016000 08:05 2232855                    /lib/x86_64-linux-gnu/libnsl-2.23.so
7f0ce4a32000-7f0ce4a34000 rw-p 00000000 00:00 0 
7f0ce4a34000-7f0ce4a3c000 r-xp 00000000 08:05 2232857                    /lib/x86_64-linux-gnu/libnss_compat-2.23.so
7f0ce4a3c000-7f0ce4c3b000 ---p 00008000 08:05 2232857                    /lib/x86_64-linux-gnu/libnss_compat-2.23.so
7f0ce4c3b000-7f0ce4c3c000 r--p 00007000 08:05 2232857                    /lib/x86_64-linux-gnu/libnss_compat-2.23.so
7f0ce4c3c000-7f0ce4c3d000 rw-p 00008000 08:05 2232857                    /lib/x86_64-linux-gnu/libnss_compat-2.23.so
7f0ce4c3d000-7f0ce4c6a000 r-xp 00000000 08:05 11409672                   /usr/lib/jvm/java-8-openjdk-amd64/jre/lib/amd64/libjava.so
7f0ce4c6a000-7f0ce4e69000 ---p 0002d000 08:05 11409672                   /usr/lib/jvm/java-8-openjdk-amd64/jre/lib/amd64/libjava.so
7f0ce4e69000-7f0ce4e6a000 r--p 0002c000 08:05 11409672                   /usr/lib/jvm/java-8-openjdk-amd64/jre/lib/amd64/libjava.so
7f0ce4e6a000-7f0ce4e6c000 rw-p 0002d000 08:05 11409672                   /usr/lib/jvm/java-8-openjdk-amd64/jre/lib/amd64/libjava.so
7f0ce4e6c000-7f0ce4e7b000 r-xp 00000000 08:05 11409673                   /usr/lib/jvm/java-8-openjdk-amd64/jre/lib/amd64/libverify.so
7f0ce4e7b000-7f0ce507a000 ---p 0000f000 08:05 11409673                   /usr/lib/jvm/java-8-openjdk-amd64/jre/lib/amd64/libverify.so
7f0ce507a000-7f0ce507c000 r--p 0000e000 08:05 11409673                   /usr/lib/jvm/java-8-openjdk-amd64/jre/lib/amd64/libverify.so
7f0ce507c000-7f0ce507d000 rw-p 00010000 08:05 11409673                   /usr/lib/jvm/java-8-openjdk-amd64/jre/lib/amd64/libverify.so
7f0ce507d000-7f0ce5084000 r-xp 00000000 08:05 2232916                    /lib/x86_64-linux-gnu/librt-2.23.so
7f0ce5084000-7f0ce5283000 ---p 00007000 08:05 2232916                    /lib/x86_64-linux-gnu/librt-2.23.so
7f0ce5283000-7f0ce5284000 r--p 00006000 08:05 2232916                    /lib/x86_64-linux-gnu/librt-2.23.so
7f0ce5284000-7f0ce5285000 rw-p 00007000 08:05 2232916                    /lib/x86_64-linux-gnu/librt-2.23.so
7f0ce5285000-7f0ce529b000 r-xp 00000000 08:05 2232800                    /lib/x86_64-linux-gnu/libgcc_s.so.1
7f0ce529b000-7f0ce549a000 ---p 00016000 08:05 2232800                    /lib/x86_64-linux-gnu/libgcc_s.so.1
7f0ce549a000-7f0ce549b000 rw-p 00015000 08:05 2232800                    /lib/x86_64-linux-gnu/libgcc_s.so.1
7f0ce549b000-7f0ce55a3000 r-xp 00000000 08:05 2232832                    /lib/x86_64-linux-gnu/libm-2.23.so
7f0ce55a3000-7f0ce57a2000 ---p 00108000 08:05 2232832                    /lib/x86_64-linux-gnu/libm-2.23.so
7f0ce57a2000-7f0ce57a3000 r--p 00107000 08:05 2232832                    /lib/x86_64-linux-gnu/libm-2.23.so
7f0ce57a3000-7f0ce57a4000 rw-p 00108000 08:05 2232832                    /lib/x86_64-linux-gnu/libm-2.23.so
7f0ce57a4000-7f0ce5916000 r-xp 00000000 08:05 11147287                   /usr/lib/x86_64-linux-gnu/libstdc++.so.6.0.21
7f0ce5916000-7f0ce5b16000 ---p 00172000 08:05 11147287                   /usr/lib/x86_64-linux-gnu/libstdc++.so.6.0.21
7f0ce5b16000-7f0ce5b20000 r--p 00172000 08:05 11147287                   /usr/lib/x86_64-linux-gnu/libstdc++.so.6.0.21
7f0ce5b20000-7f0ce5b22000 rw-p 0017c000 08:05 11147287                   /usr/lib/x86_64-linux-gnu/libstdc++.so.6.0.21
7f0ce5b22000-7f0ce5b26000 rw-p 00000000 00:00 0 
7f0ce5b26000-7f0ce676c000 r-xp 00000000 08:05 11538932                   /usr/lib/jvm/java-8-openjdk-amd64/jre/lib/amd64/server/libjvm.so
7f0ce676c000-7f0ce696c000 ---p 00c46000 08:05 11538932                   /usr/lib/jvm/java-8-openjdk-amd64/jre/lib/amd64/server/libjvm.so
7f0ce696c000-7f0ce69ff000 r--p 00c46000 08:05 11538932                   /usr/lib/jvm/java-8-openjdk-amd64/jre/lib/amd64/server/libjvm.so
7f0ce69ff000-7f0ce6a27000 rw-p 00cd9000 08:05 11538932                   /usr/lib/jvm/java-8-openjdk-amd64/jre/lib/amd64/server/libjvm.so
7f0ce6a27000-7f0ce6a57000 rw-p 00000000 00:00 0 
7f0ce6a57000-7f0ce6a6f000 r-xp 00000000 08:05 2232908                    /lib/x86_64-linux-gnu/libpthread-2.23.so
7f0ce6a6f000-7f0ce6c6e000 ---p 00018000 08:05 2232908                    /lib/x86_64-linux-gnu/libpthread-2.23.so
7f0ce6c6e000-7f0ce6c6f000 r--p 00017000 08:05 2232908                    /lib/x86_64-linux-gnu/libpthread-2.23.so
7f0ce6c6f000-7f0ce6c70000 rw-p 00018000 08:05 2232908                    /lib/x86_64-linux-gnu/libpthread-2.23.so
7f0ce6c70000-7f0ce6c74000 rw-p 00000000 00:00 0 
7f0ce6c74000-7f0ce6c77000 r-xp 00000000 08:05 2232786                    /lib/x86_64-linux-gnu/libdl-2.23.so
7f0ce6c77000-7f0ce6e76000 ---p 00003000 08:05 2232786                    /lib/x86_64-linux-gnu/libdl-2.23.so
7f0ce6e76000-7f0ce6e77000 r--p 00002000 08:05 2232786                    /lib/x86_64-linux-gnu/libdl-2.23.so
7f0ce6e77000-7f0ce6e78000 rw-p 00003000 08:05 2232786                    /lib/x86_64-linux-gnu/libdl-2.23.so
7f0ce6e78000-7f0ce6e91000 r-xp 00000000 08:05 2232953                    /lib/x86_64-linux-gnu/libz.so.1.2.8
7f0ce6e91000-7f0ce7090000 ---p 00019000 08:05 2232953                    /lib/x86_64-linux-gnu/libz.so.1.2.8
7f0ce7090000-7f0ce7091000 r--p 00018000 08:05 2232953                    /lib/x86_64-linux-gnu/libz.so.1.2.8
7f0ce7091000-7f0ce7092000 rw-p 00019000 08:05 2232953                    /lib/x86_64-linux-gnu/libz.so.1.2.8
7f0ce7092000-7f0ce7252000 r-xp 00000000 08:05 2232762                    /lib/x86_64-linux-gnu/libc-2.23.so
7f0ce7252000-7f0ce7451000 ---p 001c0000 08:05 2232762                    /lib/x86_64-linux-gnu/libc-2.23.so
7f0ce7451000-7f0ce7455000 r--p 001bf000 08:05 2232762                    /lib/x86_64-linux-gnu/libc-2.23.so
7f0ce7455000-7f0ce7457000 rw-p 001c3000 08:05 2232762                    /lib/x86_64-linux-gnu/libc-2.23.so
7f0ce7457000-7f0ce745b000 rw-p 00000000 00:00 0 
7f0ce745b000-7f0ce7468000 r-xp 00000000 08:05 11409697                   /usr/lib/jvm/java-8-openjdk-amd64/jre/lib/amd64/jli/libjli.so
7f0ce7468000-7f0ce7668000 ---p 0000d000 08:05 11409697                   /usr/lib/jvm/java-8-openjdk-amd64/jre/lib/amd64/jli/libjli.so
7f0ce7668000-7f0ce7669000 r--p 0000d000 08:05 11409697                   /usr/lib/jvm/java-8-openjdk-amd64/jre/lib/amd64/jli/libjli.so
7f0ce7669000-7f0ce766a000 rw-p 0000e000 08:05 11409697                   /usr/lib/jvm/java-8-openjdk-amd64/jre/lib/amd64/jli/libjli.so
7f0ce766a000-7f0ce7690000 r-xp 00000000 08:05 2232734                    /lib/x86_64-linux-gnu/ld-2.23.so
7f0ce7695000-7f0ce7761000 rw-p 00000000 00:00 0 
7f0ce7761000-7f0ce7764000 ---p 00000000 00:00 0 
7f0ce7764000-7f0ce7867000 rw-p 00000000 00:00 0 
7f0ce7868000-7f0ce786d000 r--s 0003b000 08:05 11538947                   /usr/lib/jvm/java-8-openjdk-amd64/jre/lib/ext/sunjce_provider.jar
7f0ce786d000-7f0ce7870000 r--s 0000f000 08:05 11538948                   /usr/lib/jvm/java-8-openjdk-amd64/jre/lib/ext/icedtea-sound.jar
7f0ce7870000-7f0ce7872000 r--s 00001000 08:05 11538942                   /usr/lib/jvm/java-8-openjdk-amd64/jre/lib/ext/dnsns.jar
7f0ce7872000-7f0ce7876000 r--s 00037000 08:05 11538950                   /usr/lib/jvm/java-8-openjdk-amd64/jre/lib/ext/sunpkcs11.jar
7f0ce7876000-7f0ce7877000 r--s 00008000 08:05 11538944                   /usr/lib/jvm/java-8-openjdk-amd64/jre/lib/ext/sunec.jar
7f0ce7877000-7f0ce7878000 r--s 00010000 08:05 11538946                   /usr/lib/jvm/java-8-openjdk-amd64/jre/lib/ext/zipfs.jar
7f0ce7878000-7f0ce7879000 r--s 0000a000 08:05 11538945                   /usr/lib/jvm/java-8-openjdk-amd64/jre/lib/ext/jaccess.jar
7f0ce7879000-7f0ce7883000 r--s 00116000 08:05 11538949                   /usr/lib/jvm/java-8-openjdk-amd64/jre/lib/ext/localedata.jar
7f0ce7883000-7f0ce788b000 rw-s 00000000 08:05 3682425                    /tmp/hsperfdata_control/9502
7f0ce788b000-7f0ce788c000 rw-p 00000000 00:00 0 
7f0ce788c000-7f0ce788d000 ---p 00000000 00:00 0 
7f0ce788d000-7f0ce788f000 rw-p 00000000 00:00 0 
7f0ce788f000-7f0ce7890000 r--p 00025000 08:05 2232734                    /lib/x86_64-linux-gnu/ld-2.23.so
7f0ce7890000-7f0ce7891000 rw-p 00026000 08:05 2232734                    /lib/x86_64-linux-gnu/ld-2.23.so
7f0ce7891000-7f0ce7892000 rw-p 00000000 00:00 0 
7ffc79b85000-7ffc79ba6000 rw-p 00000000 00:00 0                          [stack]
7ffc79bf9000-7ffc79bfb000 r--p 00000000 00:00 0                          [vvar]
7ffc79bfb000-7ffc79bfd000 r-xp 00000000 00:00 0                          [vdso]
ffffffffff600000-ffffffffff601000 r-xp 00000000 00:00 0                  [vsyscall]

VM Arguments:
jvm_args: -Djava.awt.headless=true -Xmx2048M -Dfile.encoding=UTF-8 -Duser.country=US -Duser.language=en -Duser.variant 
java_command: com.android.dx.command.Main --dex --force-jumbo --num-threads=4 --multi-dex --main-dex-list /home/control/AndroidStudioProjects/CitizenReporter/WordPress/build/intermediates/multi-dex/eNCA/debug/maindexlist.txt --output /home/control/AndroidStudioProjects/CitizenReporter/WordPress/build/intermediates/transforms/dex/eNCA/debug/folders/1000/1f/main /home/control/AndroidStudioProjects/CitizenReporter/WordPress/build/intermediates/transforms/jarMerging/eNCA/debug/jars/1/1f/combined.jar
java_class_path (initial): /home/control/Android/Sdk/build-tools/24.0.1/lib/dx.jar
Launcher Type: SUN_STANDARD

Environment Variables:
JAVA_HOME=/usr/lib/jvm/java-8-oracle
PATH=/home/control/.local/share/umake/bin:/home/control/bin:/usr/local/sbin:/usr/local/bin:/usr/sbin:/usr/bin:/sbin:/bin:/usr/games:/usr/local/games:/snap/bin:/usr/lib/jvm/java-8-oracle/bin:/usr/lib/jvm/java-8-oracle/db/bin:/usr/lib/jvm/java-8-oracle/jre/bin
LD_LIBRARY_PATH=/home/control/.local/share/umake/android/android-studio/bin:
SHELL=/bin/zsh
DISPLAY=:0.0

Signal Handlers:
SIGSEGV: [libjvm.so+0xa5e970], sa_mask[0]=11111111011111111101111111111110, sa_flags=SA_RESTART|SA_SIGINFO
SIGBUS: [libjvm.so+0xa5e970], sa_mask[0]=11111111011111111101111111111110, sa_flags=SA_RESTART|SA_SIGINFO
SIGFPE: [libjvm.so+0x8a9ff0], sa_mask[0]=11111111011111111101111111111110, sa_flags=SA_RESTART|SA_SIGINFO
SIGPIPE: [libjvm.so+0x8a9ff0], sa_mask[0]=11111111011111111101111111111110, sa_flags=SA_RESTART|SA_SIGINFO
SIGXFSZ: [libjvm.so+0x8a9ff0], sa_mask[0]=11111111011111111101111111111110, sa_flags=SA_RESTART|SA_SIGINFO
SIGILL: [libjvm.so+0x8a9ff0], sa_mask[0]=11111111011111111101111111111110, sa_flags=SA_RESTART|SA_SIGINFO
SIGUSR1: SIG_DFL, sa_mask[0]=00000000000000000000000000000000, sa_flags=none
SIGUSR2: [libjvm.so+0x8a9ea0], sa_mask[0]=00100000000000000000000000000000, sa_flags=SA_RESTART|SA_SIGINFO
SIGHUP: [libjvm.so+0x8aa370], sa_mask[0]=11111111011111111101111111111110, sa_flags=SA_RESTART|SA_SIGINFO
SIGINT: [libjvm.so+0x8aa370], sa_mask[0]=11111111011111111101111111111110, sa_flags=SA_RESTART|SA_SIGINFO
SIGTERM: [libjvm.so+0x8aa370], sa_mask[0]=11111111011111111101111111111110, sa_flags=SA_RESTART|SA_SIGINFO
SIGQUIT: [libjvm.so+0x8aa370], sa_mask[0]=11111111011111111101111111111110, sa_flags=SA_RESTART|SA_SIGINFO


---------------  S Y S T E M  ---------------

OS:DISTRIB_ID=Ubuntu
DISTRIB_RELEASE=16.04
DISTRIB_CODENAME=xenial
DISTRIB_DESCRIPTION="Ubuntu 16.04.1 LTS"

uname:Linux 4.4.0-42-generic #62-Ubuntu SMP Fri Oct 7 23:11:45 UTC 2016 x86_64
libc:glibc 2.23 NPTL 2.23 
rlimit: STACK 8192k, CORE 0k, NPROC 23207, NOFILE 65536, AS infinity
load average:9.43 4.20 2.27

/proc/meminfo:
MemTotal:        5980464 kB
MemFree:          122952 kB
MemAvailable:      60200 kB
Buffers:            2372 kB
Cached:           373936 kB
SwapCached:        16564 kB
Active:          4479568 kB
Inactive:        1142692 kB
Active(anon):    4440112 kB
Inactive(anon):  1114624 kB
Active(file):      39456 kB
Inactive(file):    28068 kB
Unevictable:         204 kB
Mlocked:             204 kB
SwapTotal:       1967100 kB
SwapFree:            772 kB
Dirty:               136 kB
Writeback:             0 kB
AnonPages:       5230316 kB
Mapped:           304924 kB
Shmem:            308732 kB
Slab:             109044 kB
SReclaimable:      65656 kB
SUnreclaim:        43388 kB
KernelStack:       12864 kB
PageTables:        62916 kB
NFS_Unstable:          0 kB
Bounce:                0 kB
WritebackTmp:          0 kB
CommitLimit:     4957332 kB
Committed_AS:   13152552 kB
VmallocTotal:   34359738367 kB
VmallocUsed:           0 kB
VmallocChunk:          0 kB
HardwareCorrupted:     0 kB
AnonHugePages:   2367488 kB
CmaTotal:              0 kB
CmaFree:               0 kB
HugePages_Total:       0
HugePages_Free:        0
HugePages_Rsvd:        0
HugePages_Surp:        0
Hugepagesize:       2048 kB
DirectMap4k:      165632 kB
DirectMap2M:     5996544 kB


CPU:total 4 (2 cores per cpu, 2 threads per core) family 6 model 42 stepping 7, cmov, cx8, fxsr, mmx, sse, sse2, sse3, ssse3, sse4.1, sse4.2, popcnt, avx, clmul, ht, tsc, tscinvbit

/proc/cpuinfo:
processor	: 0
vendor_id	: GenuineIntel
cpu family	: 6
model		: 42
model name	: Intel(R) Core(TM) i3-2375M CPU @ 1.50GHz
stepping	: 7
microcode	: 0x28
cpu MHz		: 861.972
cache size	: 3072 KB
physical id	: 0
siblings	: 4
core id		: 0
cpu cores	: 2
apicid		: 0
initial apicid	: 0
fpu		: yes
fpu_exception	: yes
cpuid level	: 13
wp		: yes
flags		: fpu vme de pse tsc msr pae mce cx8 apic sep mtrr pge mca cmov pat pse36 clflush dts acpi mmx fxsr sse sse2 ss ht tm pbe syscall nx rdtscp lm constant_tsc arch_perfmon pebs bts rep_good nopl xtopology nonstop_tsc aperfmperf eagerfpu pni pclmulqdq dtes64 monitor ds_cpl vmx est tm2 ssse3 cx16 xtpr pdcm pcid sse4_1 sse4_2 x2apic popcnt tsc_deadline_timer xsave avx lahf_lm epb tpr_shadow vnmi flexpriority ept vpid xsaveopt dtherm arat pln pts
bugs		:
bogomips	: 2992.95
clflush size	: 64
cache_alignment	: 64
address sizes	: 36 bits physical, 48 bits virtual
power management:

processor	: 1
vendor_id	: GenuineIntel
cpu family	: 6
model		: 42
model name	: Intel(R) Core(TM) i3-2375M CPU @ 1.50GHz
stepping	: 7
microcode	: 0x28
cpu MHz		: 937.265
cache size	: 3072 KB
physical id	: 0
siblings	: 4
core id		: 0
cpu cores	: 2
apicid		: 1
initial apicid	: 1
fpu		: yes
fpu_exception	: yes
cpuid level	: 13
wp		: yes
flags		: fpu vme de pse tsc msr pae mce cx8 apic sep mtrr pge mca cmov pat pse36 clflush dts acpi mmx fxsr sse sse2 ss ht tm pbe syscall nx rdtscp lm constant_tsc arch_perfmon pebs bts rep_good nopl xtopology nonstop_tsc aperfmperf eagerfpu pni pclmulqdq dtes64 monitor ds_cpl vmx est tm2 ssse3 cx16 xtpr pdcm pcid sse4_1 sse4_2 x2apic popcnt tsc_deadline_timer xsave avx lahf_lm epb tpr_shadow vnmi flexpriority ept vpid xsaveopt dtherm arat pln pts
bugs		:
bogomips	: 2992.95
clflush size	: 64
cache_alignment	: 64
address sizes	: 36 bits physical, 48 bits virtual
power management:

processor	: 2
vendor_id	: GenuineIntel
cpu family	: 6
model		: 42
model name	: Intel(R) Core(TM) i3-2375M CPU @ 1.50GHz
stepping	: 7
microcode	: 0x28
cpu MHz		: 992.695
cache size	: 3072 KB
physical id	: 0
siblings	: 4
core id		: 1
cpu cores	: 2
apicid		: 2
initial apicid	: 2
fpu		: yes
fpu_exception	: yes
cpuid level	: 13
wp		: yes
flags		: fpu vme de pse tsc msr pae mce cx8 apic sep mtrr pge mca cmov pat pse36 clflush dts acpi mmx fxsr sse sse2 ss ht tm pbe syscall nx rdtscp lm constant_tsc arch_perfmon pebs bts rep_good nopl xtopology nonstop_tsc aperfmperf eagerfpu pni pclmulqdq dtes64 monitor ds_cpl vmx est tm2 ssse3 cx16 xtpr pdcm pcid sse4_1 sse4_2 x2apic popcnt tsc_deadline_timer xsave avx lahf_lm epb tpr_shadow vnmi flexpriority ept vpid xsaveopt dtherm arat pln pts
bugs		:
bogomips	: 2992.95
clflush size	: 64
cache_alignment	: 64
address sizes	: 36 bits physical, 48 bits virtual
power management:

processor	: 3
vendor_id	: GenuineIntel
cpu family	: 6
model		: 42
model name	: Intel(R) Core(TM) i3-2375M CPU @ 1.50GHz
stepping	: 7
microcode	: 0x28
cpu MHz		: 866.250
cache size	: 3072 KB
physical id	: 0
siblings	: 4
core id		: 1
cpu cores	: 2
apicid		: 3
initial apicid	: 3
fpu		: yes
fpu_exception	: yes
cpuid level	: 13
wp		: yes
flags		: fpu vme de pse tsc msr pae mce cx8 apic sep mtrr pge mca cmov pat pse36 clflush dts acpi mmx fxsr sse sse2 ss ht tm pbe syscall nx rdtscp lm constant_tsc arch_perfmon pebs bts rep_good nopl xtopology nonstop_tsc aperfmperf eagerfpu pni pclmulqdq dtes64 monitor ds_cpl vmx est tm2 ssse3 cx16 xtpr pdcm pcid sse4_1 sse4_2 x2apic popcnt tsc_deadline_timer xsave avx lahf_lm epb tpr_shadow vnmi flexpriority ept vpid xsaveopt dtherm arat pln pts
bugs		:
bogomips	: 2992.95
clflush size	: 64
cache_alignment	: 64
address sizes	: 36 bits physical, 48 bits virtual
power management:



Memory: 4k page, physical 5980464k(122952k free), swap 1967100k(772k free)

vm_info: OpenJDK 64-Bit Server VM (25.91-b14) for linux-amd64 JRE (1.8.0_91-8u91-b14-3ubuntu1~16.04.1-b14), built on Jul 21 2016 04:13:34 by "buildd" with gcc 5.3.1 20160413

time: Tue Oct 18 10:28:51 2016
elapsed time: 82 seconds (0d 0h 1m 22s)

